=== Merged STN-i generation started at Thu Jul  3 18:59:57 -04 2025 ===
=== Processing algorithm: ACOTSP ===
>> Generating: merged-STN-i-E1-E2-2000-L1.RData

Attaching package: ‘igraph’

The following objects are masked from ‘package:stats’:

    decompose, spectrum

The following object is masked from ‘package:base’:

    union


Attaching package: ‘dplyr’

The following objects are masked from ‘package:igraph’:

    as_data_frame, groups, union

The following objects are masked from ‘package:stats’:

    filter, lag

The following objects are masked from ‘package:base’:

    intersect, setdiff, setequal, union


Attaching package: ‘tidyr’

The following object is masked from ‘package:igraph’:

    crossing


Saving merged STN-i with summary metrics:
 - Total nodes: 14592 
 - Total edges: 12590 
 - Shared nodes: 2994 
 - shared-elite: 119 
 - shared-regular: 2866 
 - shared-mixed: 9 
 - network-elite: 617 
 - network-regular: 10980 
Merged STN-i data saved to: /home/imperialdramon/Tesis/STN-model-for-irace/Experiments/ACOTSP/Merged-E1-E2-2000/Merged-STNs-i/merged-STN-i-E1-E2-2000-L1.RData
          used (Mb) gc trigger (Mb) max used (Mb)
Ncells  650412 34.8    1331132 71.1  1331132 71.1
Vcells 1592029 12.2    8388608 64.0  6755173 51.6
✅ Success: Generated merged-STN-i-E1-E2-2000-L1.RData
>> Generating: merged-STN-i-E1-E2-2000-L2.RData

Attaching package: ‘igraph’

The following objects are masked from ‘package:stats’:

    decompose, spectrum

The following object is masked from ‘package:base’:

    union


Attaching package: ‘dplyr’

The following objects are masked from ‘package:igraph’:

    as_data_frame, groups, union

The following objects are masked from ‘package:stats’:

    filter, lag

The following objects are masked from ‘package:base’:

    intersect, setdiff, setequal, union


Attaching package: ‘tidyr’

The following object is masked from ‘package:igraph’:

    crossing


Saving merged STN-i with summary metrics:
 - Total nodes: 14499 
 - Total edges: 12546 
 - Shared nodes: 3022 
 - shared-elite: 120 
 - shared-regular: 2890 
 - shared-mixed: 12 
 - network-elite: 611 
 - network-regular: 10865 
Merged STN-i data saved to: /home/imperialdramon/Tesis/STN-model-for-irace/Experiments/ACOTSP/Merged-E1-E2-2000/Merged-STNs-i/merged-STN-i-E1-E2-2000-L2.RData
          used (Mb) gc trigger (Mb) max used (Mb)
Ncells  650319 34.8    1331132 71.1  1331132 71.1
Vcells 1589502 12.2    8388608 64.0  6778096 51.8
✅ Success: Generated merged-STN-i-E1-E2-2000-L2.RData
>> Generating: merged-STN-i-E1-E2-2000-L3.RData

Attaching package: ‘igraph’

The following objects are masked from ‘package:stats’:

    decompose, spectrum

The following object is masked from ‘package:base’:

    union


Attaching package: ‘dplyr’

The following objects are masked from ‘package:igraph’:

    as_data_frame, groups, union

The following objects are masked from ‘package:stats’:

    filter, lag

The following objects are masked from ‘package:base’:

    intersect, setdiff, setequal, union


Attaching package: ‘tidyr’

The following object is masked from ‘package:igraph’:

    crossing


Saving merged STN-i with summary metrics:
 - Total nodes: 13532 
 - Total edges: 12351 
 - Shared nodes: 3332 
 - shared-elite: 122 
 - shared-regular: 3140 
 - shared-mixed: 70 
 - network-elite: 536 
 - network-regular: 9663 
Merged STN-i data saved to: /home/imperialdramon/Tesis/STN-model-for-irace/Experiments/ACOTSP/Merged-E1-E2-2000/Merged-STNs-i/merged-STN-i-E1-E2-2000-L3.RData
          used (Mb) gc trigger (Mb) max used (Mb)
Ncells  649352 34.7    1331132 71.1  1331132 71.1
Vcells 1564914 12.0    8388608 64.0  6582364 50.3
✅ Success: Generated merged-STN-i-E1-E2-2000-L3.RData
>> Generating: merged-STN-i-E3-E4-2000-L1.RData

Attaching package: ‘igraph’

The following objects are masked from ‘package:stats’:

    decompose, spectrum

The following object is masked from ‘package:base’:

    union


Attaching package: ‘dplyr’

The following objects are masked from ‘package:igraph’:

    as_data_frame, groups, union

The following objects are masked from ‘package:stats’:

    filter, lag

The following objects are masked from ‘package:base’:

    intersect, setdiff, setequal, union


Attaching package: ‘tidyr’

The following object is masked from ‘package:igraph’:

    crossing


Saving merged STN-i with summary metrics:
 - Total nodes: 29213 
 - Total edges: 25189 
 - Shared nodes: 5060 
 - shared-elite: 99 
 - shared-regular: 4950 
 - shared-mixed: 11 
 - network-elite: 701 
 - network-regular: 23451 
Merged STN-i data saved to: /home/imperialdramon/Tesis/STN-model-for-irace/Experiments/ACOTSP/Merged-E3-E4-2000/Merged-STNs-i/merged-STN-i-E3-E4-2000-L1.RData
          used (Mb) gc trigger (Mb) max used (Mb)
Ncells  665033 35.6    1331132 71.1  1331132 71.1
Vcells 2084613 16.0    8388608 64.0  8387227 64.0
✅ Success: Generated merged-STN-i-E3-E4-2000-L1.RData
>> Generating: merged-STN-i-E3-E4-2000-L2.RData

Attaching package: ‘igraph’

The following objects are masked from ‘package:stats’:

    decompose, spectrum

The following object is masked from ‘package:base’:

    union


Attaching package: ‘dplyr’

The following objects are masked from ‘package:igraph’:

    as_data_frame, groups, union

The following objects are masked from ‘package:stats’:

    filter, lag

The following objects are masked from ‘package:base’:

    intersect, setdiff, setequal, union


Attaching package: ‘tidyr’

The following object is masked from ‘package:igraph’:

    crossing


Saving merged STN-i with summary metrics:
 - Total nodes: 28524 
 - Total edges: 24940 
 - Shared nodes: 5203 
 - shared-elite: 100 
 - shared-regular: 5071 
 - shared-mixed: 32 
 - network-elite: 672 
 - network-regular: 22648 
Merged STN-i data saved to: /home/imperialdramon/Tesis/STN-model-for-irace/Experiments/ACOTSP/Merged-E3-E4-2000/Merged-STNs-i/merged-STN-i-E3-E4-2000-L2.RData
          used (Mb) gc trigger (Mb) max used (Mb)
Ncells  664344 35.5    1331132 71.1  1331132 71.1
Vcells 2065687 15.8    8388608 64.0  8388161 64.0
✅ Success: Generated merged-STN-i-E3-E4-2000-L2.RData
>> Generating: merged-STN-i-E3-E4-2000-L3.RData

Attaching package: ‘igraph’

The following objects are masked from ‘package:stats’:

    decompose, spectrum

The following object is masked from ‘package:base’:

    union


Attaching package: ‘dplyr’

The following objects are masked from ‘package:igraph’:

    as_data_frame, groups, union

The following objects are masked from ‘package:stats’:

    filter, lag

The following objects are masked from ‘package:base’:

    intersect, setdiff, setequal, union


Attaching package: ‘tidyr’

The following object is masked from ‘package:igraph’:

    crossing


Saving merged STN-i with summary metrics:
 - Total nodes: 24388 
 - Total edges: 23720 
 - Shared nodes: 6240 
 - shared-elite: 106 
 - shared-regular: 5960 
 - shared-mixed: 174 
 - network-elite: 491 
 - network-regular: 17656 
Merged STN-i data saved to: /home/imperialdramon/Tesis/STN-model-for-irace/Experiments/ACOTSP/Merged-E3-E4-2000/Merged-STNs-i/merged-STN-i-E3-E4-2000-L3.RData
          used (Mb) gc trigger (Mb) max used (Mb)
Ncells  660208 35.3    1331132 71.1  1331132 71.1
Vcells 1955412 15.0    8388608 64.0  8384683 64.0
✅ Success: Generated merged-STN-i-E3-E4-2000-L3.RData
=== Processing algorithm: PSO-X ===
>> Generating: merged-STN-i-E1-E2-Mix-L1.RData

Attaching package: ‘igraph’

The following objects are masked from ‘package:stats’:

    decompose, spectrum

The following object is masked from ‘package:base’:

    union


Attaching package: ‘dplyr’

The following objects are masked from ‘package:igraph’:

    as_data_frame, groups, union

The following objects are masked from ‘package:stats’:

    filter, lag

The following objects are masked from ‘package:base’:

    intersect, setdiff, setequal, union


Attaching package: ‘tidyr’

The following object is masked from ‘package:igraph’:

    crossing


Saving merged STN-i with summary metrics:
 - Total nodes: 4904 
 - Total edges: 3520 
 - Shared nodes: 4402 
 - shared-elite: 346 
 - shared-regular: 4055 
 - shared-mixed: 0 
 - network-elite: 37 
 - network-regular: 465 
Merged STN-i data saved to: /home/imperialdramon/Tesis/STN-model-for-irace/Experiments/PSO-X/Merged-E1-E2-Mix/Merged-STNs-i/merged-STN-i-E1-E2-Mix-L1.RData
          used (Mb) gc trigger (Mb) max used (Mb)
Ncells  640729 34.3    1331132 71.1  1331132 71.1
Vcells 1288670  9.9    8388608 64.0  4115907 31.5
✅ Success: Generated merged-STN-i-E1-E2-Mix-L1.RData
>> Generating: merged-STN-i-E1-E2-Mix-L2.RData

Attaching package: ‘igraph’

The following objects are masked from ‘package:stats’:

    decompose, spectrum

The following object is masked from ‘package:base’:

    union


Attaching package: ‘dplyr’

The following objects are masked from ‘package:igraph’:

    as_data_frame, groups, union

The following objects are masked from ‘package:stats’:

    filter, lag

The following objects are masked from ‘package:base’:

    intersect, setdiff, setequal, union


Attaching package: ‘tidyr’

The following object is masked from ‘package:igraph’:

    crossing


Saving merged STN-i with summary metrics:
 - Total nodes: 4699 
 - Total edges: 3455 
 - Shared nodes: 4243 
 - shared-elite: 339 
 - shared-regular: 3900 
 - shared-mixed: 3 
 - network-elite: 31 
 - network-regular: 425 
Merged STN-i data saved to: /home/imperialdramon/Tesis/STN-model-for-irace/Experiments/PSO-X/Merged-E1-E2-Mix/Merged-STNs-i/merged-STN-i-E1-E2-Mix-L2.RData
          used (Mb) gc trigger (Mb) max used (Mb)
Ncells  640526 34.3    1331132 71.1  1331132 71.1
Vcells 1281411  9.8    8388608 64.0  4119587 31.5
✅ Success: Generated merged-STN-i-E1-E2-Mix-L2.RData
>> Generating: merged-STN-i-E1-E2-Mix-L3.RData

Attaching package: ‘igraph’

The following objects are masked from ‘package:stats’:

    decompose, spectrum

The following object is masked from ‘package:base’:

    union


Attaching package: ‘dplyr’

The following objects are masked from ‘package:igraph’:

    as_data_frame, groups, union

The following objects are masked from ‘package:stats’:

    filter, lag

The following objects are masked from ‘package:base’:

    intersect, setdiff, setequal, union


Attaching package: ‘tidyr’

The following object is masked from ‘package:igraph’:

    crossing


Saving merged STN-i with summary metrics:
 - Total nodes: 4022 
 - Total edges: 3215 
 - Shared nodes: 3680 
 - shared-elite: 304 
 - shared-regular: 3369 
 - shared-mixed: 6 
 - network-elite: 20 
 - network-regular: 322 
Merged STN-i data saved to: /home/imperialdramon/Tesis/STN-model-for-irace/Experiments/PSO-X/Merged-E1-E2-Mix/Merged-STNs-i/merged-STN-i-E1-E2-Mix-L3.RData
          used (Mb) gc trigger (Mb) max used (Mb)
Ncells  639849 34.2    1331132 71.1  1331132 71.1
Vcells 1256893  9.6    8388608 64.0  5052755 38.6
✅ Success: Generated merged-STN-i-E1-E2-Mix-L3.RData
>> Generating: merged-STN-i-E3-E4-Mix-L1.RData

Attaching package: ‘igraph’

The following objects are masked from ‘package:stats’:

    decompose, spectrum

The following object is masked from ‘package:base’:

    union


Attaching package: ‘dplyr’

The following objects are masked from ‘package:igraph’:

    as_data_frame, groups, union

The following objects are masked from ‘package:stats’:

    filter, lag

The following objects are masked from ‘package:base’:

    intersect, setdiff, setequal, union


Attaching package: ‘tidyr’

The following object is masked from ‘package:igraph’:

    crossing


Saving merged STN-i with summary metrics:
 - Total nodes: 9384 
 - Total edges: 6736 
 - Shared nodes: 9384 
 - shared-elite: 414 
 - shared-regular: 8969 
 - shared-mixed: 0 
 - network-elite: 0 
 - network-regular: 0 
Merged STN-i data saved to: /home/imperialdramon/Tesis/STN-model-for-irace/Experiments/PSO-X/Merged-E3-E4-Mix/Merged-STNs-i/merged-STN-i-E3-E4-Mix-L1.RData
          used (Mb) gc trigger (Mb) max used (Mb)
Ncells  645203 34.5    1331132 71.1  1331132 71.1
Vcells 1479792 11.3    8388608 64.0  6669473 50.9
✅ Success: Generated merged-STN-i-E3-E4-Mix-L1.RData
>> Generating: merged-STN-i-E3-E4-Mix-L2.RData

Attaching package: ‘igraph’

The following objects are masked from ‘package:stats’:

    decompose, spectrum

The following object is masked from ‘package:base’:

    union


Attaching package: ‘dplyr’

The following objects are masked from ‘package:igraph’:

    as_data_frame, groups, union

The following objects are masked from ‘package:stats’:

    filter, lag

The following objects are masked from ‘package:base’:

    intersect, setdiff, setequal, union


Attaching package: ‘tidyr’

The following object is masked from ‘package:igraph’:

    crossing


Saving merged STN-i with summary metrics:
 - Total nodes: 8428 
 - Total edges: 6310 
 - Shared nodes: 8428 
 - shared-elite: 397 
 - shared-regular: 8030 
 - shared-mixed: 0 
 - network-elite: 0 
 - network-regular: 0 
Merged STN-i data saved to: /home/imperialdramon/Tesis/STN-model-for-irace/Experiments/PSO-X/Merged-E3-E4-Mix/Merged-STNs-i/merged-STN-i-E3-E4-Mix-L2.RData
          used (Mb) gc trigger (Mb) max used (Mb)
Ncells  644253 34.5    1331132 71.1  1331132 71.1
Vcells 1442839 11.1    8388608 64.0  6284907 48.0
✅ Success: Generated merged-STN-i-E3-E4-Mix-L2.RData
>> Generating: merged-STN-i-E3-E4-Mix-L3.RData

Attaching package: ‘igraph’

The following objects are masked from ‘package:stats’:

    decompose, spectrum

The following object is masked from ‘package:base’:

    union


Attaching package: ‘dplyr’

The following objects are masked from ‘package:igraph’:

    as_data_frame, groups, union

The following objects are masked from ‘package:stats’:

    filter, lag

The following objects are masked from ‘package:base’:

    intersect, setdiff, setequal, union


Attaching package: ‘tidyr’

The following object is masked from ‘package:igraph’:

    crossing


Saving merged STN-i with summary metrics:
 - Total nodes: 6774 
 - Total edges: 5503 
 - Shared nodes: 6774 
 - shared-elite: 331 
 - shared-regular: 6442 
 - shared-mixed: 0 
 - network-elite: 0 
 - network-regular: 0 
Merged STN-i data saved to: /home/imperialdramon/Tesis/STN-model-for-irace/Experiments/PSO-X/Merged-E3-E4-Mix/Merged-STNs-i/merged-STN-i-E3-E4-Mix-L3.RData
          used (Mb) gc trigger (Mb) max used (Mb)
Ncells  642599 34.4    1331132 71.1  1331132 71.1
Vcells 1378131 10.6    8388608 64.0  5575280 42.6
✅ Success: Generated merged-STN-i-E3-E4-Mix-L3.RData
>> Generating: merged-STN-i-E5-E6-Mul-L1.RData

Attaching package: ‘igraph’

The following objects are masked from ‘package:stats’:

    decompose, spectrum

The following object is masked from ‘package:base’:

    union


Attaching package: ‘dplyr’

The following objects are masked from ‘package:igraph’:

    as_data_frame, groups, union

The following objects are masked from ‘package:stats’:

    filter, lag

The following objects are masked from ‘package:base’:

    intersect, setdiff, setequal, union


Attaching package: ‘tidyr’

The following object is masked from ‘package:igraph’:

    crossing


Saving merged STN-i with summary metrics:
 - Total nodes: 5041 
 - Total edges: 3593 
 - Shared nodes: 4144 
 - shared-elite: 336 
 - shared-regular: 3807 
 - shared-mixed: 0 
 - network-elite: 73 
 - network-regular: 824 
Merged STN-i data saved to: /home/imperialdramon/Tesis/STN-model-for-irace/Experiments/PSO-X/Merged-E5-E6-Mul/Merged-STNs-i/merged-STN-i-E5-E6-Mul-L1.RData
          used (Mb) gc trigger (Mb) max used (Mb)
Ncells  640866 34.3    1331132 71.1  1331132 71.1
Vcells 1290203  9.9    8388608 64.0  4958034 37.9
✅ Success: Generated merged-STN-i-E5-E6-Mul-L1.RData
>> Generating: merged-STN-i-E5-E6-Mul-L2.RData

Attaching package: ‘igraph’

The following objects are masked from ‘package:stats’:

    decompose, spectrum

The following object is masked from ‘package:base’:

    union


Attaching package: ‘dplyr’

The following objects are masked from ‘package:igraph’:

    as_data_frame, groups, union

The following objects are masked from ‘package:stats’:

    filter, lag

The following objects are masked from ‘package:base’:

    intersect, setdiff, setequal, union


Attaching package: ‘tidyr’

The following object is masked from ‘package:igraph’:

    crossing


Saving merged STN-i with summary metrics:
 - Total nodes: 4848 
 - Total edges: 3537 
 - Shared nodes: 4023 
 - shared-elite: 331 
 - shared-regular: 3686 
 - shared-mixed: 5 
 - network-elite: 65 
 - network-regular: 760 
Merged STN-i data saved to: /home/imperialdramon/Tesis/STN-model-for-irace/Experiments/PSO-X/Merged-E5-E6-Mul/Merged-STNs-i/merged-STN-i-E5-E6-Mul-L2.RData
          used (Mb) gc trigger (Mb) max used (Mb)
Ncells  640675 34.3    1331132 71.1  1331132 71.1
Vcells 1283626  9.8    8388608 64.0  4025981 30.8
✅ Success: Generated merged-STN-i-E5-E6-Mul-L2.RData
>> Generating: merged-STN-i-E5-E6-Mul-L3.RData

Attaching package: ‘igraph’

The following objects are masked from ‘package:stats’:

    decompose, spectrum

The following object is masked from ‘package:base’:

    union


Attaching package: ‘dplyr’

The following objects are masked from ‘package:igraph’:

    as_data_frame, groups, union

The following objects are masked from ‘package:stats’:

    filter, lag

The following objects are masked from ‘package:base’:

    intersect, setdiff, setequal, union


Attaching package: ‘tidyr’

The following object is masked from ‘package:igraph’:

    crossing


Saving merged STN-i with summary metrics:
 - Total nodes: 4232 
 - Total edges: 3334 
 - Shared nodes: 3565 
 - shared-elite: 301 
 - shared-regular: 3245 
 - shared-mixed: 18 
 - network-elite: 35 
 - network-regular: 632 
Merged STN-i data saved to: /home/imperialdramon/Tesis/STN-model-for-irace/Experiments/PSO-X/Merged-E5-E6-Mul/Merged-STNs-i/merged-STN-i-E5-E6-Mul-L3.RData
          used (Mb) gc trigger (Mb) max used (Mb)
Ncells  640053 34.2    1331132 71.1  1331132 71.1
Vcells 1261840  9.7    8388608 64.0  4732771 36.2
✅ Success: Generated merged-STN-i-E5-E6-Mul-L3.RData
>> Generating: merged-STN-i-E7-E8-Mul-L1.RData

Attaching package: ‘igraph’

The following objects are masked from ‘package:stats’:

    decompose, spectrum

The following object is masked from ‘package:base’:

    union


Attaching package: ‘dplyr’

The following objects are masked from ‘package:igraph’:

    as_data_frame, groups, union

The following objects are masked from ‘package:stats’:

    filter, lag

The following objects are masked from ‘package:base’:

    intersect, setdiff, setequal, union


Attaching package: ‘tidyr’

The following object is masked from ‘package:igraph’:

    crossing


Saving merged STN-i with summary metrics:
 - Total nodes: 10100 
 - Total edges: 7334 
 - Shared nodes: 9171 
 - shared-elite: 400 
 - shared-regular: 8770 
 - shared-mixed: 0 
 - network-elite: 43 
 - network-regular: 886 
Merged STN-i data saved to: /home/imperialdramon/Tesis/STN-model-for-irace/Experiments/PSO-X/Merged-E7-E8-Mul/Merged-STNs-i/merged-STN-i-E7-E8-Mul-L1.RData
          used (Mb) gc trigger (Mb) max used (Mb)
Ncells  645925 34.5    1331132 71.1  1331132 71.1
Vcells 1501141 11.5    8388608 64.0  6775281 51.7
✅ Success: Generated merged-STN-i-E7-E8-Mul-L1.RData
>> Generating: merged-STN-i-E7-E8-Mul-L2.RData

Attaching package: ‘igraph’

The following objects are masked from ‘package:stats’:

    decompose, spectrum

The following object is masked from ‘package:base’:

    union


Attaching package: ‘dplyr’

The following objects are masked from ‘package:igraph’:

    as_data_frame, groups, union

The following objects are masked from ‘package:stats’:

    filter, lag

The following objects are masked from ‘package:base’:

    intersect, setdiff, setequal, union


Attaching package: ‘tidyr’

The following object is masked from ‘package:igraph’:

    crossing


Saving merged STN-i with summary metrics:
 - Total nodes: 8874 
 - Total edges: 6784 
 - Shared nodes: 8064 
 - shared-elite: 369 
 - shared-regular: 7684 
 - shared-mixed: 10 
 - network-elite: 32 
 - network-regular: 778 
Merged STN-i data saved to: /home/imperialdramon/Tesis/STN-model-for-irace/Experiments/PSO-X/Merged-E7-E8-Mul/Merged-STNs-i/merged-STN-i-E7-E8-Mul-L2.RData
          used (Mb) gc trigger (Mb) max used (Mb)
Ncells  644701 34.5    1331132 71.1  1331132 71.1
Vcells 1454695 11.1    8388608 64.0  6570237 50.2
✅ Success: Generated merged-STN-i-E7-E8-Mul-L2.RData
>> Generating: merged-STN-i-E7-E8-Mul-L3.RData

Attaching package: ‘igraph’

The following objects are masked from ‘package:stats’:

    decompose, spectrum

The following object is masked from ‘package:base’:

    union


Attaching package: ‘dplyr’

The following objects are masked from ‘package:igraph’:

    as_data_frame, groups, union

The following objects are masked from ‘package:stats’:

    filter, lag

The following objects are masked from ‘package:base’:

    intersect, setdiff, setequal, union


Attaching package: ‘tidyr’

The following object is masked from ‘package:igraph’:

    crossing


Saving merged STN-i with summary metrics:
 - Total nodes: 7116 
 - Total edges: 5824 
 - Shared nodes: 6507 
 - shared-elite: 303 
 - shared-regular: 6193 
 - shared-mixed: 10 
 - network-elite: 24 
 - network-regular: 585 
Merged STN-i data saved to: /home/imperialdramon/Tesis/STN-model-for-irace/Experiments/PSO-X/Merged-E7-E8-Mul/Merged-STNs-i/merged-STN-i-E7-E8-Mul-L3.RData
          used (Mb) gc trigger (Mb) max used (Mb)
Ncells  642937 34.4    1331132 71.1  1331132 71.1
Vcells 1386638 10.6    8388608 64.0  5464433 41.7
✅ Success: Generated merged-STN-i-E7-E8-Mul-L3.RData
>> Generating: merged-STN-i-E9-E10-Uni-L1.RData

Attaching package: ‘igraph’

The following objects are masked from ‘package:stats’:

    decompose, spectrum

The following object is masked from ‘package:base’:

    union


Attaching package: ‘dplyr’

The following objects are masked from ‘package:igraph’:

    as_data_frame, groups, union

The following objects are masked from ‘package:stats’:

    filter, lag

The following objects are masked from ‘package:base’:

    intersect, setdiff, setequal, union


Attaching package: ‘tidyr’

The following object is masked from ‘package:igraph’:

    crossing


Saving merged STN-i with summary metrics:
 - Total nodes: 5634 
 - Total edges: 4194 
 - Shared nodes: 4605 
 - shared-elite: 357 
 - shared-regular: 4246 
 - shared-mixed: 2 
 - network-elite: 81 
 - network-regular: 947 
Merged STN-i data saved to: /home/imperialdramon/Tesis/STN-model-for-irace/Experiments/PSO-X/Merged-E9-E10-Uni/Merged-STNs-i/merged-STN-i-E9-E10-Uni-L1.RData
          used (Mb) gc trigger (Mb) max used (Mb)
Ncells  641461 34.3    1331132 71.1  1331132 71.1
Vcells 1315214 10.1    8388608 64.0  4460651 34.1
✅ Success: Generated merged-STN-i-E9-E10-Uni-L1.RData
>> Generating: merged-STN-i-E9-E10-Uni-L2.RData

Attaching package: ‘igraph’

The following objects are masked from ‘package:stats’:

    decompose, spectrum

The following object is masked from ‘package:base’:

    union


Attaching package: ‘dplyr’

The following objects are masked from ‘package:igraph’:

    as_data_frame, groups, union

The following objects are masked from ‘package:stats’:

    filter, lag

The following objects are masked from ‘package:base’:

    intersect, setdiff, setequal, union


Attaching package: ‘tidyr’

The following object is masked from ‘package:igraph’:

    crossing


Saving merged STN-i with summary metrics:
 - Total nodes: 5049 
 - Total edges: 3995 
 - Shared nodes: 4187 
 - shared-elite: 329 
 - shared-regular: 3838 
 - shared-mixed: 20 
 - network-elite: 49 
 - network-regular: 812 
Merged STN-i data saved to: /home/imperialdramon/Tesis/STN-model-for-irace/Experiments/PSO-X/Merged-E9-E10-Uni/Merged-STNs-i/merged-STN-i-E9-E10-Uni-L2.RData
          used (Mb) gc trigger (Mb) max used (Mb)
Ncells  640876 34.3    1331132 71.1  1331132 71.1
Vcells 1294570  9.9    8388608 64.0  5876975 44.9
✅ Success: Generated merged-STN-i-E9-E10-Uni-L2.RData
>> Generating: merged-STN-i-E9-E10-Uni-L3.RData

Attaching package: ‘igraph’

The following objects are masked from ‘package:stats’:

    decompose, spectrum

The following object is masked from ‘package:base’:

    union


Attaching package: ‘dplyr’

The following objects are masked from ‘package:igraph’:

    as_data_frame, groups, union

The following objects are masked from ‘package:stats’:

    filter, lag

The following objects are masked from ‘package:base’:

    intersect, setdiff, setequal, union


Attaching package: ‘tidyr’

The following object is masked from ‘package:igraph’:

    crossing


Saving merged STN-i with summary metrics:
 - Total nodes: 4075 
 - Total edges: 3511 
 - Shared nodes: 3441 
 - shared-elite: 281 
 - shared-regular: 3145 
 - shared-mixed: 15 
 - network-elite: 27 
 - network-regular: 606 
Merged STN-i data saved to: /home/imperialdramon/Tesis/STN-model-for-irace/Experiments/PSO-X/Merged-E9-E10-Uni/Merged-STNs-i/merged-STN-i-E9-E10-Uni-L3.RData
          used (Mb) gc trigger (Mb) max used (Mb)
Ncells  639896 34.2    1331132 71.1  1331132 71.1
Vcells 1258399  9.7    8388608 64.0  4723726 36.1
✅ Success: Generated merged-STN-i-E9-E10-Uni-L3.RData
>> Generating: merged-STN-i-E11-E12-Uni-L1.RData

Attaching package: ‘igraph’

The following objects are masked from ‘package:stats’:

    decompose, spectrum

The following object is masked from ‘package:base’:

    union


Attaching package: ‘dplyr’

The following objects are masked from ‘package:igraph’:

    as_data_frame, groups, union

The following objects are masked from ‘package:stats’:

    filter, lag

The following objects are masked from ‘package:base’:

    intersect, setdiff, setequal, union


Attaching package: ‘tidyr’

The following object is masked from ‘package:igraph’:

    crossing


Saving merged STN-i with summary metrics:
 - Total nodes: 11220 
 - Total edges: 8417 
 - Shared nodes: 9197 
 - shared-elite: 397 
 - shared-regular: 8795 
 - shared-mixed: 4 
 - network-elite: 79 
 - network-regular: 1944 
Merged STN-i data saved to: /home/imperialdramon/Tesis/STN-model-for-irace/Experiments/PSO-X/Merged-E11-E12-Uni/Merged-STNs-i/merged-STN-i-E11-E12-Uni-L1.RData
          used (Mb) gc trigger (Mb) max used (Mb)
Ncells  647041 34.6    1331132 71.1  1331132 71.1
Vcells 1539330 11.8    8388608 64.0  7334662 56.0
✅ Success: Generated merged-STN-i-E11-E12-Uni-L1.RData
>> Generating: merged-STN-i-E11-E12-Uni-L2.RData

Attaching package: ‘igraph’

The following objects are masked from ‘package:stats’:

    decompose, spectrum

The following object is masked from ‘package:base’:

    union


Attaching package: ‘dplyr’

The following objects are masked from ‘package:igraph’:

    as_data_frame, groups, union

The following objects are masked from ‘package:stats’:

    filter, lag

The following objects are masked from ‘package:base’:

    intersect, setdiff, setequal, union


Attaching package: ‘tidyr’

The following object is masked from ‘package:igraph’:

    crossing


Saving merged STN-i with summary metrics:
 - Total nodes: 8741 
 - Total edges: 7261 
 - Shared nodes: 7265 
 - shared-elite: 345 
 - shared-regular: 6889 
 - shared-mixed: 30 
 - network-elite: 36 
 - network-regular: 1440 
Merged STN-i data saved to: /home/imperialdramon/Tesis/STN-model-for-irace/Experiments/PSO-X/Merged-E11-E12-Uni/Merged-STNs-i/merged-STN-i-E11-E12-Uni-L2.RData
          used (Mb) gc trigger (Mb) max used (Mb)
Ncells  644568 34.5    1331132 71.1  1331132 71.1
Vcells 1447782 11.1    8388608 64.0  6509211 49.7
✅ Success: Generated merged-STN-i-E11-E12-Uni-L2.RData
>> Generating: merged-STN-i-E11-E12-Uni-L3.RData

Attaching package: ‘igraph’

The following objects are masked from ‘package:stats’:

    decompose, spectrum

The following object is masked from ‘package:base’:

    union


Attaching package: ‘dplyr’

The following objects are masked from ‘package:igraph’:

    as_data_frame, groups, union

The following objects are masked from ‘package:stats’:

    filter, lag

The following objects are masked from ‘package:base’:

    intersect, setdiff, setequal, union


Attaching package: ‘tidyr’

The following object is masked from ‘package:igraph’:

    crossing


Saving merged STN-i with summary metrics:
 - Total nodes: 6797 
 - Total edges: 5755 
 - Shared nodes: 5738 
 - shared-elite: 248 
 - shared-regular: 5463 
 - shared-mixed: 26 
 - network-elite: 15 
 - network-regular: 1044 
Merged STN-i data saved to: /home/imperialdramon/Tesis/STN-model-for-irace/Experiments/PSO-X/Merged-E11-E12-Uni/Merged-STNs-i/merged-STN-i-E11-E12-Uni-L3.RData
          used (Mb) gc trigger (Mb) max used (Mb)
Ncells  642624 34.4    1331132 71.1  1331132 71.1
Vcells 1370047 10.5    8388608 64.0  5347106 40.8
✅ Success: Generated merged-STN-i-E11-E12-Uni-L3.RData
=== Processing algorithm: MMASQAP ===
>> Generating: merged-STN-i-E1-E2-60-L1.RData

Attaching package: ‘igraph’

The following objects are masked from ‘package:stats’:

    decompose, spectrum

The following object is masked from ‘package:base’:

    union


Attaching package: ‘dplyr’

The following objects are masked from ‘package:igraph’:

    as_data_frame, groups, union

The following objects are masked from ‘package:stats’:

    filter, lag

The following objects are masked from ‘package:base’:

    intersect, setdiff, setequal, union


Attaching package: ‘tidyr’

The following object is masked from ‘package:igraph’:

    crossing


Saving merged STN-i with summary metrics:
 - Total nodes: 991 
 - Total edges: 1247 
 - Shared nodes: 868 
 - shared-elite: 82 
 - shared-regular: 758 
 - shared-mixed: 28 
 - network-elite: 2 
 - network-regular: 120 
Merged STN-i data saved to: /home/imperialdramon/Tesis/STN-model-for-irace/Experiments/MMASQAP/Merged-E1-E2-60/Merged-STNs-i/merged-STN-i-E1-E2-60-L1.RData
          used (Mb) gc trigger (Mb) max used (Mb)
Ncells  636818 34.1    1331132 71.1  1331132 71.1
Vcells 1131085  8.7    8388608 64.0  2158017 16.5
✅ Success: Generated merged-STN-i-E1-E2-60-L1.RData
>> Generating: merged-STN-i-E1-E2-60-L2.RData

Attaching package: ‘igraph’

The following objects are masked from ‘package:stats’:

    decompose, spectrum

The following object is masked from ‘package:base’:

    union


Attaching package: ‘dplyr’

The following objects are masked from ‘package:igraph’:

    as_data_frame, groups, union

The following objects are masked from ‘package:stats’:

    filter, lag

The following objects are masked from ‘package:base’:

    intersect, setdiff, setequal, union


Attaching package: ‘tidyr’

The following object is masked from ‘package:igraph’:

    crossing


Saving merged STN-i with summary metrics:
 - Total nodes: 194 
 - Total edges: 578 
 - Shared nodes: 194 
 - shared-elite: 32 
 - shared-regular: 158 
 - shared-mixed: 3 
 - network-elite: 0 
 - network-regular: 0 
Merged STN-i data saved to: /home/imperialdramon/Tesis/STN-model-for-irace/Experiments/MMASQAP/Merged-E1-E2-60/Merged-STNs-i/merged-STN-i-E1-E2-60-L2.RData
          used (Mb) gc trigger (Mb) max used (Mb)
Ncells  636021 34.0    1331132 71.1  1331132 71.1
Vcells 1101577  8.5    8388608 64.0  1923841 14.7
✅ Success: Generated merged-STN-i-E1-E2-60-L2.RData
>> Generating: merged-STN-i-E1-E2-60-L3.RData

Attaching package: ‘igraph’

The following objects are masked from ‘package:stats’:

    decompose, spectrum

The following object is masked from ‘package:base’:

    union


Attaching package: ‘dplyr’

The following objects are masked from ‘package:igraph’:

    as_data_frame, groups, union

The following objects are masked from ‘package:stats’:

    filter, lag

The following objects are masked from ‘package:base’:

    intersect, setdiff, setequal, union


Attaching package: ‘tidyr’

The following object is masked from ‘package:igraph’:

    crossing


Saving merged STN-i with summary metrics:
 - Total nodes: 64 
 - Total edges: 244 
 - Shared nodes: 64 
 - shared-elite: 17 
 - shared-regular: 46 
 - shared-mixed: 0 
 - network-elite: 0 
 - network-regular: 0 
Merged STN-i data saved to: /home/imperialdramon/Tesis/STN-model-for-irace/Experiments/MMASQAP/Merged-E1-E2-60/Merged-STNs-i/merged-STN-i-E1-E2-60-L3.RData
          used (Mb) gc trigger (Mb) max used (Mb)
Ncells  635890 34.0    1331132 71.1  1331132 71.1
Vcells 1094462  8.4    8388608 64.0  1923841 14.7
✅ Success: Generated merged-STN-i-E1-E2-60-L3.RData
>> Generating: merged-STN-i-E3-E4-60-L1.RData

Attaching package: ‘igraph’

The following objects are masked from ‘package:stats’:

    decompose, spectrum

The following object is masked from ‘package:base’:

    union


Attaching package: ‘dplyr’

The following objects are masked from ‘package:igraph’:

    as_data_frame, groups, union

The following objects are masked from ‘package:stats’:

    filter, lag

The following objects are masked from ‘package:base’:

    intersect, setdiff, setequal, union


Attaching package: ‘tidyr’

The following object is masked from ‘package:igraph’:

    crossing


Saving merged STN-i with summary metrics:
 - Total nodes: 1354 
 - Total edges: 2518 
 - Shared nodes: 1222 
 - shared-elite: 83 
 - shared-regular: 1105 
 - shared-mixed: 33 
 - network-elite: 0 
 - network-regular: 132 
Merged STN-i data saved to: /home/imperialdramon/Tesis/STN-model-for-irace/Experiments/MMASQAP/Merged-E3-E4-60/Merged-STNs-i/merged-STN-i-E3-E4-60-L1.RData
          used (Mb) gc trigger (Mb) max used (Mb)
Ncells  637182 34.1    1331132 71.1  1331132 71.1
Vcells 1152384  8.8    8388608 64.0  2893467 22.1
✅ Success: Generated merged-STN-i-E3-E4-60-L1.RData
>> Generating: merged-STN-i-E3-E4-60-L2.RData

Attaching package: ‘igraph’

The following objects are masked from ‘package:stats’:

    decompose, spectrum

The following object is masked from ‘package:base’:

    union


Attaching package: ‘dplyr’

The following objects are masked from ‘package:igraph’:

    as_data_frame, groups, union

The following objects are masked from ‘package:stats’:

    filter, lag

The following objects are masked from ‘package:base’:

    intersect, setdiff, setequal, union


Attaching package: ‘tidyr’

The following object is masked from ‘package:igraph’:

    crossing


Saving merged STN-i with summary metrics:
 - Total nodes: 196 
 - Total edges: 789 
 - Shared nodes: 196 
 - shared-elite: 31 
 - shared-regular: 160 
 - shared-mixed: 4 
 - network-elite: 0 
 - network-regular: 0 
Merged STN-i data saved to: /home/imperialdramon/Tesis/STN-model-for-irace/Experiments/MMASQAP/Merged-E3-E4-60/Merged-STNs-i/merged-STN-i-E3-E4-60-L2.RData
          used (Mb) gc trigger (Mb) max used (Mb)
Ncells  636023 34.0    1331132 71.1  1331132 71.1
Vcells 1103582  8.5    8388608 64.0  1923841 14.7
✅ Success: Generated merged-STN-i-E3-E4-60-L2.RData
>> Generating: merged-STN-i-E3-E4-60-L3.RData

Attaching package: ‘igraph’

The following objects are masked from ‘package:stats’:

    decompose, spectrum

The following object is masked from ‘package:base’:

    union


Attaching package: ‘dplyr’

The following objects are masked from ‘package:igraph’:

    as_data_frame, groups, union

The following objects are masked from ‘package:stats’:

    filter, lag

The following objects are masked from ‘package:base’:

    intersect, setdiff, setequal, union


Attaching package: ‘tidyr’

The following object is masked from ‘package:igraph’:

    crossing


Saving merged STN-i with summary metrics:
 - Total nodes: 64 
 - Total edges: 309 
 - Shared nodes: 64 
 - shared-elite: 18 
 - shared-regular: 45 
 - shared-mixed: 0 
 - network-elite: 0 
 - network-regular: 0 
Merged STN-i data saved to: /home/imperialdramon/Tesis/STN-model-for-irace/Experiments/MMASQAP/Merged-E3-E4-60/Merged-STNs-i/merged-STN-i-E3-E4-60-L3.RData
          used (Mb) gc trigger (Mb) max used (Mb)
Ncells  635889 34.0    1331132 71.1  1331132 71.1
Vcells 1095058  8.4    8388608 64.0  1923841 14.7
✅ Success: Generated merged-STN-i-E3-E4-60-L3.RData
=== Merged STN-i generation finished at Thu Jul  3 19:00:32 -04 2025 ===
