=== Merged STN-i plotting started at Tue Jul  1 23:07:47 -04 2025 ===
=== Processing algorithm: ACOTSP ===
>> Plotting: plotted-Merged-STN-i-E1-E2-2000-L1-fr-T-T-T-T-NA.pdf

Attaching package: ‘igraph’

The following objects are masked from ‘package:stats’:

    decompose, spectrum

The following object is masked from ‘package:base’:

    union

Warning message:
In ifelse(!is.null(params$zoom_quantile), as.numeric(params$zoom_quantile),  :
  NAs introduced by coercion
Merged STN-i plot saved successfully to: /home/imperialdramon/Tesis/STN-model-for-irace/Experiments/ACOTSP/Merged-E1-E2-2000/Plots/L1/plotted-Merged-STN-i-E1-E2-2000-L1-fr-T-T-T-T-NA.pdf
          used (Mb) gc trigger (Mb) max used (Mb)
Ncells  606290 32.4    1146592 61.3  1146592 61.3
Vcells 1477223 11.3    8388608 64.0  8388608 64.0
✅ Success: Generated plotted-Merged-STN-i-E1-E2-2000-L1-fr-T-T-T-T-NA.pdf
>> Plotting: plotted-Merged-STN-i-E1-E2-2000-L1-fr-T-T-T-F-NA.pdf

Attaching package: ‘igraph’

The following objects are masked from ‘package:stats’:

    decompose, spectrum

The following object is masked from ‘package:base’:

    union

Warning message:
In ifelse(!is.null(params$zoom_quantile), as.numeric(params$zoom_quantile),  :
  NAs introduced by coercion
Merged STN-i plot saved successfully to: /home/imperialdramon/Tesis/STN-model-for-irace/Experiments/ACOTSP/Merged-E1-E2-2000/Plots/L1/plotted-Merged-STN-i-E1-E2-2000-L1-fr-T-T-T-F-NA.pdf
          used (Mb) gc trigger (Mb) max used (Mb)
Ncells  604423 32.3    1148267 61.4  1148267 61.4
Vcells 1595508 12.2    8388608 64.0  8388608 64.0
✅ Success: Generated plotted-Merged-STN-i-E1-E2-2000-L1-fr-T-T-T-F-NA.pdf
>> Plotting: plotted-Merged-STN-i-E1-E2-2000-L1-fr-F-T-F-F-NA.pdf

Attaching package: ‘igraph’

The following objects are masked from ‘package:stats’:

    decompose, spectrum

The following object is masked from ‘package:base’:

    union

Warning message:
In ifelse(!is.null(params$zoom_quantile), as.numeric(params$zoom_quantile),  :
  NAs introduced by coercion
Merged STN-i plot saved successfully to: /home/imperialdramon/Tesis/STN-model-for-irace/Experiments/ACOTSP/Merged-E1-E2-2000/Plots/L1/plotted-Merged-STN-i-E1-E2-2000-L1-fr-F-T-F-F-NA.pdf
          used (Mb) gc trigger (Mb) max used (Mb)
Ncells  568619 30.4    1285727 68.7  1285727 68.7
Vcells 1207545  9.3    8388608 64.0  8387920 64.0
✅ Success: Generated plotted-Merged-STN-i-E1-E2-2000-L1-fr-F-T-F-F-NA.pdf
>> Plotting: plotted-Merged-STN-i-E1-E2-2000-L2-fr-T-T-T-T-NA.pdf

Attaching package: ‘igraph’

The following objects are masked from ‘package:stats’:

    decompose, spectrum

The following object is masked from ‘package:base’:

    union

Warning message:
In ifelse(!is.null(params$zoom_quantile), as.numeric(params$zoom_quantile),  :
  NAs introduced by coercion
Merged STN-i plot saved successfully to: /home/imperialdramon/Tesis/STN-model-for-irace/Experiments/ACOTSP/Merged-E1-E2-2000/Plots/L2/plotted-Merged-STN-i-E1-E2-2000-L2-fr-T-T-T-T-NA.pdf
          used (Mb) gc trigger (Mb) max used (Mb)
Ncells  606286 32.4    1146475 61.3  1146475 61.3
Vcells 1477184 11.3    8388608 64.0  8388608 64.0
✅ Success: Generated plotted-Merged-STN-i-E1-E2-2000-L2-fr-T-T-T-T-NA.pdf
>> Plotting: plotted-Merged-STN-i-E1-E2-2000-L2-fr-T-T-T-F-NA.pdf

Attaching package: ‘igraph’

The following objects are masked from ‘package:stats’:

    decompose, spectrum

The following object is masked from ‘package:base’:

    union

Warning message:
In ifelse(!is.null(params$zoom_quantile), as.numeric(params$zoom_quantile),  :
  NAs introduced by coercion
Merged STN-i plot saved successfully to: /home/imperialdramon/Tesis/STN-model-for-irace/Experiments/ACOTSP/Merged-E1-E2-2000/Plots/L2/plotted-Merged-STN-i-E1-E2-2000-L2-fr-T-T-T-F-NA.pdf
          used (Mb) gc trigger (Mb) max used (Mb)
Ncells  604419 32.3    1148264 61.4  1148264 61.4
Vcells 1595459 12.2    8388608 64.0  8388608 64.0
✅ Success: Generated plotted-Merged-STN-i-E1-E2-2000-L2-fr-T-T-T-F-NA.pdf
>> Plotting: plotted-Merged-STN-i-E1-E2-2000-L2-fr-F-T-F-F-NA.pdf

Attaching package: ‘igraph’

The following objects are masked from ‘package:stats’:

    decompose, spectrum

The following object is masked from ‘package:base’:

    union

Warning message:
In ifelse(!is.null(params$zoom_quantile), as.numeric(params$zoom_quantile),  :
  NAs introduced by coercion
Merged STN-i plot saved successfully to: /home/imperialdramon/Tesis/STN-model-for-irace/Experiments/ACOTSP/Merged-E1-E2-2000/Plots/L2/plotted-Merged-STN-i-E1-E2-2000-L2-fr-F-T-F-F-NA.pdf
          used (Mb) gc trigger (Mb) max used (Mb)
Ncells  568618 30.4    1285850 68.7  1285850 68.7
Vcells 1207528  9.3    8388608 64.0  8387906 64.0
✅ Success: Generated plotted-Merged-STN-i-E1-E2-2000-L2-fr-F-T-F-F-NA.pdf
>> Plotting: plotted-Merged-STN-i-E1-E2-2000-L3-fr-T-T-T-T-NA.pdf

Attaching package: ‘igraph’

The following objects are masked from ‘package:stats’:

    decompose, spectrum

The following object is masked from ‘package:base’:

    union

Warning message:
In ifelse(!is.null(params$zoom_quantile), as.numeric(params$zoom_quantile),  :
  NAs introduced by coercion
Merged STN-i plot saved successfully to: /home/imperialdramon/Tesis/STN-model-for-irace/Experiments/ACOTSP/Merged-E1-E2-2000/Plots/L3/plotted-Merged-STN-i-E1-E2-2000-L3-fr-T-T-T-T-NA.pdf
          used (Mb) gc trigger (Mb) max used (Mb)
Ncells  606226 32.4    1146392 61.3  1146392 61.3
Vcells 1476588 11.3    8388608 64.0  8388608 64.0
✅ Success: Generated plotted-Merged-STN-i-E1-E2-2000-L3-fr-T-T-T-T-NA.pdf
>> Plotting: plotted-Merged-STN-i-E1-E2-2000-L3-fr-T-T-T-F-NA.pdf

Attaching package: ‘igraph’

The following objects are masked from ‘package:stats’:

    decompose, spectrum

The following object is masked from ‘package:base’:

    union

Warning message:
In ifelse(!is.null(params$zoom_quantile), as.numeric(params$zoom_quantile),  :
  NAs introduced by coercion
Merged STN-i plot saved successfully to: /home/imperialdramon/Tesis/STN-model-for-irace/Experiments/ACOTSP/Merged-E1-E2-2000/Plots/L3/plotted-Merged-STN-i-E1-E2-2000-L3-fr-T-T-T-F-NA.pdf
          used (Mb) gc trigger (Mb) max used (Mb)
Ncells  604359 32.3    1148290 61.4  1148290 61.4
Vcells 1594673 12.2    8388608 64.0  8388608 64.0
✅ Success: Generated plotted-Merged-STN-i-E1-E2-2000-L3-fr-T-T-T-F-NA.pdf
>> Plotting: plotted-Merged-STN-i-E1-E2-2000-L3-fr-F-T-F-F-NA.pdf

Attaching package: ‘igraph’

The following objects are masked from ‘package:stats’:

    decompose, spectrum

The following object is masked from ‘package:base’:

    union

Warning message:
In ifelse(!is.null(params$zoom_quantile), as.numeric(params$zoom_quantile),  :
  NAs introduced by coercion
Merged STN-i plot saved successfully to: /home/imperialdramon/Tesis/STN-model-for-irace/Experiments/ACOTSP/Merged-E1-E2-2000/Plots/L3/plotted-Merged-STN-i-E1-E2-2000-L3-fr-F-T-F-F-NA.pdf
          used (Mb) gc trigger (Mb) max used (Mb)
Ncells  568596 30.4    1285847 68.7  1285847 68.7
Vcells 1207240  9.3    8388608 64.0  8388101 64.0
✅ Success: Generated plotted-Merged-STN-i-E1-E2-2000-L3-fr-F-T-F-F-NA.pdf
>> Plotting: plotted-Merged-STN-i-E3-E4-2000-L1-fr-T-T-T-T-NA.pdf

Attaching package: ‘igraph’

The following objects are masked from ‘package:stats’:

    decompose, spectrum

The following object is masked from ‘package:base’:

    union

Warning message:
In ifelse(!is.null(params$zoom_quantile), as.numeric(params$zoom_quantile),  :
  NAs introduced by coercion
Merged STN-i plot saved successfully to: /home/imperialdramon/Tesis/STN-model-for-irace/Experiments/ACOTSP/Merged-E3-E4-2000/Plots/L1/plotted-Merged-STN-i-E3-E4-2000-L1-fr-T-T-T-T-NA.pdf
          used (Mb) gc trigger (Mb) max used (Mb)
Ncells  660742 35.3    1182287 63.2  1182287 63.2
Vcells 1982697 15.2    8388608 64.0  8388608 64.0
✅ Success: Generated plotted-Merged-STN-i-E3-E4-2000-L1-fr-T-T-T-T-NA.pdf
>> Plotting: plotted-Merged-STN-i-E3-E4-2000-L1-fr-T-T-T-F-NA.pdf

Attaching package: ‘igraph’

The following objects are masked from ‘package:stats’:

    decompose, spectrum

The following object is masked from ‘package:base’:

    union

Warning message:
In ifelse(!is.null(params$zoom_quantile), as.numeric(params$zoom_quantile),  :
  NAs introduced by coercion
Merged STN-i plot saved successfully to: /home/imperialdramon/Tesis/STN-model-for-irace/Experiments/ACOTSP/Merged-E3-E4-2000/Plots/L1/plotted-Merged-STN-i-E3-E4-2000-L1-fr-T-T-T-F-NA.pdf
          used (Mb) gc trigger (Mb) max used (Mb)
Ncells  656838 35.1    1180824 63.1  1180824 63.1
Vcells 2217088 17.0    8388608 64.0  8388608 64.0
✅ Success: Generated plotted-Merged-STN-i-E3-E4-2000-L1-fr-T-T-T-F-NA.pdf
>> Plotting: plotted-Merged-STN-i-E3-E4-2000-L1-fr-F-T-F-F-NA.pdf

Attaching package: ‘igraph’

The following objects are masked from ‘package:stats’:

    decompose, spectrum

The following object is masked from ‘package:base’:

    union

Warning message:
In ifelse(!is.null(params$zoom_quantile), as.numeric(params$zoom_quantile),  :
  NAs introduced by coercion
Merged STN-i plot saved successfully to: /home/imperialdramon/Tesis/STN-model-for-irace/Experiments/ACOTSP/Merged-E3-E4-2000/Plots/L1/plotted-Merged-STN-i-E3-E4-2000-L1-fr-F-T-F-F-NA.pdf
          used (Mb) gc trigger (Mb) max used (Mb)
Ncells  583468 31.2    1276224 68.2  1276224 68.2
Vcells 1422160 10.9    8388608 64.0  8388405 64.0
✅ Success: Generated plotted-Merged-STN-i-E3-E4-2000-L1-fr-F-T-F-F-NA.pdf
>> Plotting: plotted-Merged-STN-i-E3-E4-2000-L2-fr-T-T-T-T-NA.pdf

Attaching package: ‘igraph’

The following objects are masked from ‘package:stats’:

    decompose, spectrum

The following object is masked from ‘package:base’:

    union

Warning message:
In ifelse(!is.null(params$zoom_quantile), as.numeric(params$zoom_quantile),  :
  NAs introduced by coercion
Merged STN-i plot saved successfully to: /home/imperialdramon/Tesis/STN-model-for-irace/Experiments/ACOTSP/Merged-E3-E4-2000/Plots/L2/plotted-Merged-STN-i-E3-E4-2000-L2-fr-T-T-T-T-NA.pdf
          used (Mb) gc trigger (Mb) max used (Mb)
Ncells  660726 35.3    1182272 63.2  1182272 63.2
Vcells 1982545 15.2    8388608 64.0  8388608 64.0
✅ Success: Generated plotted-Merged-STN-i-E3-E4-2000-L2-fr-T-T-T-T-NA.pdf
>> Plotting: plotted-Merged-STN-i-E3-E4-2000-L2-fr-T-T-T-F-NA.pdf

Attaching package: ‘igraph’

The following objects are masked from ‘package:stats’:

    decompose, spectrum

The following object is masked from ‘package:base’:

    union

Warning message:
In ifelse(!is.null(params$zoom_quantile), as.numeric(params$zoom_quantile),  :
  NAs introduced by coercion
Merged STN-i plot saved successfully to: /home/imperialdramon/Tesis/STN-model-for-irace/Experiments/ACOTSP/Merged-E3-E4-2000/Plots/L2/plotted-Merged-STN-i-E3-E4-2000-L2-fr-T-T-T-F-NA.pdf
          used (Mb) gc trigger (Mb) max used (Mb)
Ncells  656822 35.1    1180811 63.1  1180811 63.1
Vcells 2216890 17.0    8388608 64.0  8388608 64.0
✅ Success: Generated plotted-Merged-STN-i-E3-E4-2000-L2-fr-T-T-T-F-NA.pdf
>> Plotting: plotted-Merged-STN-i-E3-E4-2000-L2-fr-F-T-F-F-NA.pdf

Attaching package: ‘igraph’

The following objects are masked from ‘package:stats’:

    decompose, spectrum

The following object is masked from ‘package:base’:

    union

Warning message:
In ifelse(!is.null(params$zoom_quantile), as.numeric(params$zoom_quantile),  :
  NAs introduced by coercion
Merged STN-i plot saved successfully to: /home/imperialdramon/Tesis/STN-model-for-irace/Experiments/ACOTSP/Merged-E3-E4-2000/Plots/L2/plotted-Merged-STN-i-E3-E4-2000-L2-fr-F-T-F-F-NA.pdf
          used (Mb) gc trigger (Mb) max used (Mb)
Ncells  583463 31.2    1276224 68.2  1276224 68.2
Vcells 1422094 10.9    8388608 64.0  8388331 64.0
✅ Success: Generated plotted-Merged-STN-i-E3-E4-2000-L2-fr-F-T-F-F-NA.pdf
>> Plotting: plotted-Merged-STN-i-E3-E4-2000-L3-fr-T-T-T-T-NA.pdf

Attaching package: ‘igraph’

The following objects are masked from ‘package:stats’:

    decompose, spectrum

The following object is masked from ‘package:base’:

    union

Warning message:
In ifelse(!is.null(params$zoom_quantile), as.numeric(params$zoom_quantile),  :
  NAs introduced by coercion
Merged STN-i plot saved successfully to: /home/imperialdramon/Tesis/STN-model-for-irace/Experiments/ACOTSP/Merged-E3-E4-2000/Plots/L3/plotted-Merged-STN-i-E3-E4-2000-L3-fr-T-T-T-T-NA.pdf
          used (Mb) gc trigger (Mb) max used (Mb)
Ncells  660446 35.3    1182115 63.2  1182115 63.2
Vcells 1979792 15.2    8388608 64.0  8388608 64.0
✅ Success: Generated plotted-Merged-STN-i-E3-E4-2000-L3-fr-T-T-T-T-NA.pdf
>> Plotting: plotted-Merged-STN-i-E3-E4-2000-L3-fr-T-T-T-F-NA.pdf

Attaching package: ‘igraph’

The following objects are masked from ‘package:stats’:

    decompose, spectrum

The following object is masked from ‘package:base’:

    union

Warning message:
In ifelse(!is.null(params$zoom_quantile), as.numeric(params$zoom_quantile),  :
  NAs introduced by coercion
Merged STN-i plot saved successfully to: /home/imperialdramon/Tesis/STN-model-for-irace/Experiments/ACOTSP/Merged-E3-E4-2000/Plots/L3/plotted-Merged-STN-i-E3-E4-2000-L3-fr-T-T-T-F-NA.pdf
          used (Mb) gc trigger (Mb) max used (Mb)
Ncells  656542 35.1    1180544 63.1  1180544 63.1
Vcells 2213273 16.9    8388608 64.0  8388608 64.0
✅ Success: Generated plotted-Merged-STN-i-E3-E4-2000-L3-fr-T-T-T-F-NA.pdf
>> Plotting: plotted-Merged-STN-i-E3-E4-2000-L3-fr-F-T-F-F-NA.pdf

Attaching package: ‘igraph’

The following objects are masked from ‘package:stats’:

    decompose, spectrum

The following object is masked from ‘package:base’:

    union

Warning message:
In ifelse(!is.null(params$zoom_quantile), as.numeric(params$zoom_quantile),  :
  NAs introduced by coercion
Merged STN-i plot saved successfully to: /home/imperialdramon/Tesis/STN-model-for-irace/Experiments/ACOTSP/Merged-E3-E4-2000/Plots/L3/plotted-Merged-STN-i-E3-E4-2000-L3-fr-F-T-F-F-NA.pdf
          used (Mb) gc trigger (Mb) max used (Mb)
Ncells  583382 31.2    1267207 67.7  1267207 67.7
Vcells 1420916 10.9    8388608 64.0  8388161 64.0
✅ Success: Generated plotted-Merged-STN-i-E3-E4-2000-L3-fr-F-T-F-F-NA.pdf
=== Processing algorithm: PSO-X ===
>> Plotting: plotted-Merged-STN-i-E1-E2-Mix-L1-fr-T-T-T-T-NA.pdf

Attaching package: ‘igraph’

The following objects are masked from ‘package:stats’:

    decompose, spectrum

The following object is masked from ‘package:base’:

    union

Warning message:
In ifelse(!is.null(params$zoom_quantile), as.numeric(params$zoom_quantile),  :
  NAs introduced by coercion
Merged STN-i plot saved successfully to: /home/imperialdramon/Tesis/STN-model-for-irace/Experiments/PSO-X/Merged-E1-E2-Mix/Plots/L1/plotted-Merged-STN-i-E1-E2-Mix-L1-fr-T-T-T-T-NA.pdf
          used (Mb) gc trigger (Mb) max used (Mb)
Ncells  568784 30.4    1141407   61  1141407   61
Vcells 1132291  8.7    8388608   64  8388606   64
✅ Success: Generated plotted-Merged-STN-i-E1-E2-Mix-L1-fr-T-T-T-T-NA.pdf
>> Plotting: plotted-Merged-STN-i-E1-E2-Mix-L1-fr-T-T-T-F-NA.pdf

Attaching package: ‘igraph’

The following objects are masked from ‘package:stats’:

    decompose, spectrum

The following object is masked from ‘package:base’:

    union

Warning message:
In ifelse(!is.null(params$zoom_quantile), as.numeric(params$zoom_quantile),  :
  NAs introduced by coercion
Merged STN-i plot saved successfully to: /home/imperialdramon/Tesis/STN-model-for-irace/Experiments/PSO-X/Merged-E1-E2-Mix/Plots/L1/plotted-Merged-STN-i-E1-E2-Mix-L1-fr-T-T-T-F-NA.pdf
          used (Mb) gc trigger (Mb) max used (Mb)
Ncells  567546 30.4    1270667 67.9  1270667 67.9
Vcells 1157815  8.9    8388608 64.0  8388605 64.0
✅ Success: Generated plotted-Merged-STN-i-E1-E2-Mix-L1-fr-T-T-T-F-NA.pdf
>> Plotting: plotted-Merged-STN-i-E1-E2-Mix-L1-fr-F-T-F-F-NA.pdf

Attaching package: ‘igraph’

The following objects are masked from ‘package:stats’:

    decompose, spectrum

The following object is masked from ‘package:base’:

    union

Warning message:
In ifelse(!is.null(params$zoom_quantile), as.numeric(params$zoom_quantile),  :
  NAs introduced by coercion
Merged STN-i plot saved successfully to: /home/imperialdramon/Tesis/STN-model-for-irace/Experiments/PSO-X/Merged-E1-E2-Mix/Plots/L1/plotted-Merged-STN-i-E1-E2-Mix-L1-fr-F-T-F-F-NA.pdf
          used (Mb) gc trigger (Mb) max used (Mb)
Ncells  557827 29.8    1252852   67  1252852 67.0
Vcells 1052499  8.1    8388608   64  4088524 31.2
✅ Success: Generated plotted-Merged-STN-i-E1-E2-Mix-L1-fr-F-T-F-F-NA.pdf
>> Plotting: plotted-Merged-STN-i-E1-E2-Mix-L2-fr-T-T-T-T-NA.pdf

Attaching package: ‘igraph’

The following objects are masked from ‘package:stats’:

    decompose, spectrum

The following object is masked from ‘package:base’:

    union

Warning message:
In ifelse(!is.null(params$zoom_quantile), as.numeric(params$zoom_quantile),  :
  NAs introduced by coercion
Merged STN-i plot saved successfully to: /home/imperialdramon/Tesis/STN-model-for-irace/Experiments/PSO-X/Merged-E1-E2-Mix/Plots/L2/plotted-Merged-STN-i-E1-E2-Mix-L2-fr-T-T-T-T-NA.pdf
          used (Mb) gc trigger (Mb) max used (Mb)
Ncells  568778 30.4    1141341   61  1141341   61
Vcells 1132231  8.7    8388608   64  8388574   64
✅ Success: Generated plotted-Merged-STN-i-E1-E2-Mix-L2-fr-T-T-T-T-NA.pdf
>> Plotting: plotted-Merged-STN-i-E1-E2-Mix-L2-fr-T-T-T-F-NA.pdf

Attaching package: ‘igraph’

The following objects are masked from ‘package:stats’:

    decompose, spectrum

The following object is masked from ‘package:base’:

    union

Warning message:
In ifelse(!is.null(params$zoom_quantile), as.numeric(params$zoom_quantile),  :
  NAs introduced by coercion
Merged STN-i plot saved successfully to: /home/imperialdramon/Tesis/STN-model-for-irace/Experiments/PSO-X/Merged-E1-E2-Mix/Plots/L2/plotted-Merged-STN-i-E1-E2-Mix-L2-fr-T-T-T-F-NA.pdf
          used (Mb) gc trigger (Mb) max used (Mb)
Ncells  567540 30.4    1270675 67.9  1270675 67.9
Vcells 1157736  8.9    8388608 64.0  8388594 64.0
✅ Success: Generated plotted-Merged-STN-i-E1-E2-Mix-L2-fr-T-T-T-F-NA.pdf
>> Plotting: plotted-Merged-STN-i-E1-E2-Mix-L2-fr-F-T-F-F-NA.pdf

Attaching package: ‘igraph’

The following objects are masked from ‘package:stats’:

    decompose, spectrum

The following object is masked from ‘package:base’:

    union

Warning message:
In ifelse(!is.null(params$zoom_quantile), as.numeric(params$zoom_quantile),  :
  NAs introduced by coercion
Merged STN-i plot saved successfully to: /home/imperialdramon/Tesis/STN-model-for-irace/Experiments/PSO-X/Merged-E1-E2-Mix/Plots/L2/plotted-Merged-STN-i-E1-E2-Mix-L2-fr-F-T-F-F-NA.pdf
          used (Mb) gc trigger (Mb) max used (Mb)
Ncells  557822 29.8    1252852   67  1252852 67.0
Vcells 1052439  8.1    8388608   64  4088690 31.2
✅ Success: Generated plotted-Merged-STN-i-E1-E2-Mix-L2-fr-F-T-F-F-NA.pdf
>> Plotting: plotted-Merged-STN-i-E1-E2-Mix-L3-fr-T-T-T-T-NA.pdf

Attaching package: ‘igraph’

The following objects are masked from ‘package:stats’:

    decompose, spectrum

The following object is masked from ‘package:base’:

    union

Warning message:
In ifelse(!is.null(params$zoom_quantile), as.numeric(params$zoom_quantile),  :
  NAs introduced by coercion
Merged STN-i plot saved successfully to: /home/imperialdramon/Tesis/STN-model-for-irace/Experiments/PSO-X/Merged-E1-E2-Mix/Plots/L3/plotted-Merged-STN-i-E1-E2-Mix-L3-fr-T-T-T-T-NA.pdf
          used (Mb) gc trigger (Mb) max used (Mb)
Ncells  568635 30.4    1137712 60.8  1137712 60.8
Vcells 1130820  8.7    8388608 64.0  8388608 64.0
✅ Success: Generated plotted-Merged-STN-i-E1-E2-Mix-L3-fr-T-T-T-T-NA.pdf
>> Plotting: plotted-Merged-STN-i-E1-E2-Mix-L3-fr-T-T-T-F-NA.pdf

Attaching package: ‘igraph’

The following objects are masked from ‘package:stats’:

    decompose, spectrum

The following object is masked from ‘package:base’:

    union

Warning message:
In ifelse(!is.null(params$zoom_quantile), as.numeric(params$zoom_quantile),  :
  NAs introduced by coercion
Merged STN-i plot saved successfully to: /home/imperialdramon/Tesis/STN-model-for-irace/Experiments/PSO-X/Merged-E1-E2-Mix/Plots/L3/plotted-Merged-STN-i-E1-E2-Mix-L3-fr-T-T-T-F-NA.pdf
          used (Mb) gc trigger (Mb) max used (Mb)
Ncells  567396 30.4    1271381 67.9  1271381 67.9
Vcells 1155881  8.9    8388608 64.0  8388598 64.0
✅ Success: Generated plotted-Merged-STN-i-E1-E2-Mix-L3-fr-T-T-T-F-NA.pdf
>> Plotting: plotted-Merged-STN-i-E1-E2-Mix-L3-fr-F-T-F-F-NA.pdf

Attaching package: ‘igraph’

The following objects are masked from ‘package:stats’:

    decompose, spectrum

The following object is masked from ‘package:base’:

    union

Warning message:
In ifelse(!is.null(params$zoom_quantile), as.numeric(params$zoom_quantile),  :
  NAs introduced by coercion
Merged STN-i plot saved successfully to: /home/imperialdramon/Tesis/STN-model-for-irace/Experiments/PSO-X/Merged-E1-E2-Mix/Plots/L3/plotted-Merged-STN-i-E1-E2-Mix-L3-fr-F-T-F-F-NA.pdf
          used (Mb) gc trigger (Mb) max used (Mb)
Ncells  557792 29.8    1252355 66.9  1252355 66.9
Vcells 1051920  8.1    8388608 64.0  3959991 30.3
✅ Success: Generated plotted-Merged-STN-i-E1-E2-Mix-L3-fr-F-T-F-F-NA.pdf
>> Plotting: plotted-Merged-STN-i-E3-E4-Mix-L1-fr-T-T-T-T-NA.pdf

Attaching package: ‘igraph’

The following objects are masked from ‘package:stats’:

    decompose, spectrum

The following object is masked from ‘package:base’:

    union

Warning message:
In ifelse(!is.null(params$zoom_quantile), as.numeric(params$zoom_quantile),  :
  NAs introduced by coercion
Merged STN-i plot saved successfully to: /home/imperialdramon/Tesis/STN-model-for-irace/Experiments/PSO-X/Merged-E3-E4-Mix/Plots/L1/plotted-Merged-STN-i-E3-E4-Mix-L1-fr-T-T-T-T-NA.pdf
          used (Mb) gc trigger (Mb) max used (Mb)
Ncells  584224 31.3    1138158 60.8  1138158 60.8
Vcells 1278592  9.8    8388608 64.0  8388608 64.0
✅ Success: Generated plotted-Merged-STN-i-E3-E4-Mix-L1-fr-T-T-T-T-NA.pdf
>> Plotting: plotted-Merged-STN-i-E3-E4-Mix-L1-fr-T-T-T-F-NA.pdf

Attaching package: ‘igraph’

The following objects are masked from ‘package:stats’:

    decompose, spectrum

The following object is masked from ‘package:base’:

    union

Warning message:
In ifelse(!is.null(params$zoom_quantile), as.numeric(params$zoom_quantile),  :
  NAs introduced by coercion
Merged STN-i plot saved successfully to: /home/imperialdramon/Tesis/STN-model-for-irace/Experiments/PSO-X/Merged-E3-E4-Mix/Plots/L1/plotted-Merged-STN-i-E3-E4-Mix-L1-fr-T-T-T-F-NA.pdf
          used (Mb) gc trigger (Mb) max used (Mb)
Ncells  581719 31.1    1144741 61.2  1144741 61.2
Vcells 1325575 10.2    8388608 64.0  8388608 64.0
✅ Success: Generated plotted-Merged-STN-i-E3-E4-Mix-L1-fr-T-T-T-F-NA.pdf
>> Plotting: plotted-Merged-STN-i-E3-E4-Mix-L1-fr-F-T-F-F-NA.pdf

Attaching package: ‘igraph’

The following objects are masked from ‘package:stats’:

    decompose, spectrum

The following object is masked from ‘package:base’:

    union

Warning message:
In ifelse(!is.null(params$zoom_quantile), as.numeric(params$zoom_quantile),  :
  NAs introduced by coercion
Merged STN-i plot saved successfully to: /home/imperialdramon/Tesis/STN-model-for-irace/Experiments/PSO-X/Merged-E3-E4-Mix/Plots/L1/plotted-Merged-STN-i-E3-E4-Mix-L1-fr-F-T-F-F-NA.pdf
          used (Mb) gc trigger (Mb) max used (Mb)
Ncells  562427 30.1    1266427 67.7  1266427 67.7
Vcells 1116551  8.6    8388608 64.0  4296871 32.8
✅ Success: Generated plotted-Merged-STN-i-E3-E4-Mix-L1-fr-F-T-F-F-NA.pdf
>> Plotting: plotted-Merged-STN-i-E3-E4-Mix-L2-fr-T-T-T-T-NA.pdf

Attaching package: ‘igraph’

The following objects are masked from ‘package:stats’:

    decompose, spectrum

The following object is masked from ‘package:base’:

    union

Warning message:
In ifelse(!is.null(params$zoom_quantile), as.numeric(params$zoom_quantile),  :
  NAs introduced by coercion
Merged STN-i plot saved successfully to: /home/imperialdramon/Tesis/STN-model-for-irace/Experiments/PSO-X/Merged-E3-E4-Mix/Plots/L2/plotted-Merged-STN-i-E3-E4-Mix-L2-fr-T-T-T-T-NA.pdf
          used (Mb) gc trigger (Mb) max used (Mb)
Ncells  584174 31.2    1138375 60.8  1138375 60.8
Vcells 1278059  9.8    8388608 64.0  8388607 64.0
✅ Success: Generated plotted-Merged-STN-i-E3-E4-Mix-L2-fr-T-T-T-T-NA.pdf
>> Plotting: plotted-Merged-STN-i-E3-E4-Mix-L2-fr-T-T-T-F-NA.pdf

Attaching package: ‘igraph’

The following objects are masked from ‘package:stats’:

    decompose, spectrum

The following object is masked from ‘package:base’:

    union

Warning message:
In ifelse(!is.null(params$zoom_quantile), as.numeric(params$zoom_quantile),  :
  NAs introduced by coercion
Merged STN-i plot saved successfully to: /home/imperialdramon/Tesis/STN-model-for-irace/Experiments/PSO-X/Merged-E3-E4-Mix/Plots/L2/plotted-Merged-STN-i-E3-E4-Mix-L2-fr-T-T-T-F-NA.pdf
          used (Mb) gc trigger (Mb) max used (Mb)
Ncells  581663 31.1    1144847 61.2  1144847 61.2
Vcells 1324871 10.2    8388608 64.0  8388596 64.0
✅ Success: Generated plotted-Merged-STN-i-E3-E4-Mix-L2-fr-T-T-T-F-NA.pdf
>> Plotting: plotted-Merged-STN-i-E3-E4-Mix-L2-fr-F-T-F-F-NA.pdf

Attaching package: ‘igraph’

The following objects are masked from ‘package:stats’:

    decompose, spectrum

The following object is masked from ‘package:base’:

    union

Warning message:
In ifelse(!is.null(params$zoom_quantile), as.numeric(params$zoom_quantile),  :
  NAs introduced by coercion
Merged STN-i plot saved successfully to: /home/imperialdramon/Tesis/STN-model-for-irace/Experiments/PSO-X/Merged-E3-E4-Mix/Plots/L2/plotted-Merged-STN-i-E3-E4-Mix-L2-fr-F-T-F-F-NA.pdf
          used (Mb) gc trigger (Mb) max used (Mb)
Ncells  562409 30.1    1266441 67.7  1266441 67.7
Vcells 1116298  8.6    8388608 64.0  4299639 32.9
✅ Success: Generated plotted-Merged-STN-i-E3-E4-Mix-L2-fr-F-T-F-F-NA.pdf
>> Plotting: plotted-Merged-STN-i-E3-E4-Mix-L3-fr-T-T-T-T-NA.pdf

Attaching package: ‘igraph’

The following objects are masked from ‘package:stats’:

    decompose, spectrum

The following object is masked from ‘package:base’:

    union

Warning message:
In ifelse(!is.null(params$zoom_quantile), as.numeric(params$zoom_quantile),  :
  NAs introduced by coercion
Merged STN-i plot saved successfully to: /home/imperialdramon/Tesis/STN-model-for-irace/Experiments/PSO-X/Merged-E3-E4-Mix/Plots/L3/plotted-Merged-STN-i-E3-E4-Mix-L3-fr-T-T-T-T-NA.pdf
          used (Mb) gc trigger (Mb) max used (Mb)
Ncells  583316 31.2    1138098 60.8  1138098 60.8
Vcells 1269581  9.7    8388608 64.0  8388607 64.0
✅ Success: Generated plotted-Merged-STN-i-E3-E4-Mix-L3-fr-T-T-T-T-NA.pdf
>> Plotting: plotted-Merged-STN-i-E3-E4-Mix-L3-fr-T-T-T-F-NA.pdf

Attaching package: ‘igraph’

The following objects are masked from ‘package:stats’:

    decompose, spectrum

The following object is masked from ‘package:base’:

    union

Warning message:
In ifelse(!is.null(params$zoom_quantile), as.numeric(params$zoom_quantile),  :
  NAs introduced by coercion
Merged STN-i plot saved successfully to: /home/imperialdramon/Tesis/STN-model-for-irace/Experiments/PSO-X/Merged-E3-E4-Mix/Plots/L3/plotted-Merged-STN-i-E3-E4-Mix-L3-fr-T-T-T-F-NA.pdf
          used (Mb) gc trigger (Mb) max used (Mb)
Ncells  580796 31.1    1145047 61.2  1145047 61.2
Vcells 1313677 10.1    8388608 64.0  8388600 64.0
✅ Success: Generated plotted-Merged-STN-i-E3-E4-Mix-L3-fr-T-T-T-F-NA.pdf
>> Plotting: plotted-Merged-STN-i-E3-E4-Mix-L3-fr-F-T-F-F-NA.pdf

Attaching package: ‘igraph’

The following objects are masked from ‘package:stats’:

    decompose, spectrum

The following object is masked from ‘package:base’:

    union

Warning message:
In ifelse(!is.null(params$zoom_quantile), as.numeric(params$zoom_quantile),  :
  NAs introduced by coercion
Merged STN-i plot saved successfully to: /home/imperialdramon/Tesis/STN-model-for-irace/Experiments/PSO-X/Merged-E3-E4-Mix/Plots/L3/plotted-Merged-STN-i-E3-E4-Mix-L3-fr-F-T-F-F-NA.pdf
          used (Mb) gc trigger (Mb) max used (Mb)
Ncells  562156 30.1    1265518 67.6  1265518 67.6
Vcells 1112667  8.5    8388608 64.0  4048255 30.9
✅ Success: Generated plotted-Merged-STN-i-E3-E4-Mix-L3-fr-F-T-F-F-NA.pdf
>> Plotting: plotted-Merged-STN-i-E5-E6-Mul-L1-fr-T-T-T-T-NA.pdf

Attaching package: ‘igraph’

The following objects are masked from ‘package:stats’:

    decompose, spectrum

The following object is masked from ‘package:base’:

    union

Warning message:
In ifelse(!is.null(params$zoom_quantile), as.numeric(params$zoom_quantile),  :
  NAs introduced by coercion
Merged STN-i plot saved successfully to: /home/imperialdramon/Tesis/STN-model-for-irace/Experiments/PSO-X/Merged-E5-E6-Mul/Plots/L1/plotted-Merged-STN-i-E5-E6-Mul-L1-fr-T-T-T-T-NA.pdf
          used (Mb) gc trigger (Mb) max used (Mb)
Ncells  569214 30.4    1141347   61  1141347   61
Vcells 1136447  8.7    8388608   64  8388608   64
✅ Success: Generated plotted-Merged-STN-i-E5-E6-Mul-L1-fr-T-T-T-T-NA.pdf
>> Plotting: plotted-Merged-STN-i-E5-E6-Mul-L1-fr-T-T-T-F-NA.pdf

Attaching package: ‘igraph’

The following objects are masked from ‘package:stats’:

    decompose, spectrum

The following object is masked from ‘package:base’:

    union

Warning message:
In ifelse(!is.null(params$zoom_quantile), as.numeric(params$zoom_quantile),  :
  NAs introduced by coercion
Merged STN-i plot saved successfully to: /home/imperialdramon/Tesis/STN-model-for-irace/Experiments/PSO-X/Merged-E5-E6-Mul/Plots/L1/plotted-Merged-STN-i-E5-E6-Mul-L1-fr-T-T-T-F-NA.pdf
          used (Mb) gc trigger (Mb) max used (Mb)
Ncells  567913 30.4    1272321   68  1272321   68
Vcells 1162103  8.9    8388608   64  8388593   64
✅ Success: Generated plotted-Merged-STN-i-E5-E6-Mul-L1-fr-T-T-T-F-NA.pdf
>> Plotting: plotted-Merged-STN-i-E5-E6-Mul-L1-fr-F-T-F-F-NA.pdf

Attaching package: ‘igraph’

The following objects are masked from ‘package:stats’:

    decompose, spectrum

The following object is masked from ‘package:base’:

    union

Warning message:
In ifelse(!is.null(params$zoom_quantile), as.numeric(params$zoom_quantile),  :
  NAs introduced by coercion
Merged STN-i plot saved successfully to: /home/imperialdramon/Tesis/STN-model-for-irace/Experiments/PSO-X/Merged-E5-E6-Mul/Plots/L1/plotted-Merged-STN-i-E5-E6-Mul-L1-fr-F-T-F-F-NA.pdf
          used (Mb) gc trigger (Mb) max used (Mb)
Ncells  558041 29.9    1252552 66.9  1252552 66.9
Vcells 1055129  8.1    8388608 64.0  3907283 29.9
✅ Success: Generated plotted-Merged-STN-i-E5-E6-Mul-L1-fr-F-T-F-F-NA.pdf
>> Plotting: plotted-Merged-STN-i-E5-E6-Mul-L2-fr-T-T-T-T-NA.pdf

Attaching package: ‘igraph’

The following objects are masked from ‘package:stats’:

    decompose, spectrum

The following object is masked from ‘package:base’:

    union

Warning message:
In ifelse(!is.null(params$zoom_quantile), as.numeric(params$zoom_quantile),  :
  NAs introduced by coercion
Merged STN-i plot saved successfully to: /home/imperialdramon/Tesis/STN-model-for-irace/Experiments/PSO-X/Merged-E5-E6-Mul/Plots/L2/plotted-Merged-STN-i-E5-E6-Mul-L2-fr-T-T-T-T-NA.pdf
          used (Mb) gc trigger (Mb) max used (Mb)
Ncells  569204 30.4    1141275   61  1141275   61
Vcells 1136344  8.7    8388608   64  8388607   64
✅ Success: Generated plotted-Merged-STN-i-E5-E6-Mul-L2-fr-T-T-T-T-NA.pdf
>> Plotting: plotted-Merged-STN-i-E5-E6-Mul-L2-fr-T-T-T-F-NA.pdf

Attaching package: ‘igraph’

The following objects are masked from ‘package:stats’:

    decompose, spectrum

The following object is masked from ‘package:base’:

    union

Warning message:
In ifelse(!is.null(params$zoom_quantile), as.numeric(params$zoom_quantile),  :
  NAs introduced by coercion
Merged STN-i plot saved successfully to: /home/imperialdramon/Tesis/STN-model-for-irace/Experiments/PSO-X/Merged-E5-E6-Mul/Plots/L2/plotted-Merged-STN-i-E5-E6-Mul-L2-fr-T-T-T-F-NA.pdf
          used (Mb) gc trigger (Mb) max used (Mb)
Ncells  567903 30.4    1273418 68.1  1273418 68.1
Vcells 1161967  8.9    8388608 64.0  8388544 64.0
✅ Success: Generated plotted-Merged-STN-i-E5-E6-Mul-L2-fr-T-T-T-F-NA.pdf
>> Plotting: plotted-Merged-STN-i-E5-E6-Mul-L2-fr-F-T-F-F-NA.pdf

Attaching package: ‘igraph’

The following objects are masked from ‘package:stats’:

    decompose, spectrum

The following object is masked from ‘package:base’:

    union

Warning message:
In ifelse(!is.null(params$zoom_quantile), as.numeric(params$zoom_quantile),  :
  NAs introduced by coercion
Merged STN-i plot saved successfully to: /home/imperialdramon/Tesis/STN-model-for-irace/Experiments/PSO-X/Merged-E5-E6-Mul/Plots/L2/plotted-Merged-STN-i-E5-E6-Mul-L2-fr-F-T-F-F-NA.pdf
          used (Mb) gc trigger (Mb) max used (Mb)
Ncells  558039 29.9    1252598 66.9  1252598 66.9
Vcells 1055095  8.1    8388608 64.0  3903416 29.8
✅ Success: Generated plotted-Merged-STN-i-E5-E6-Mul-L2-fr-F-T-F-F-NA.pdf
>> Plotting: plotted-Merged-STN-i-E5-E6-Mul-L3-fr-T-T-T-T-NA.pdf

Attaching package: ‘igraph’

The following objects are masked from ‘package:stats’:

    decompose, spectrum

The following object is masked from ‘package:base’:

    union

Warning message:
In ifelse(!is.null(params$zoom_quantile), as.numeric(params$zoom_quantile),  :
  NAs introduced by coercion
Merged STN-i plot saved successfully to: /home/imperialdramon/Tesis/STN-model-for-irace/Experiments/PSO-X/Merged-E5-E6-Mul/Plots/L3/plotted-Merged-STN-i-E5-E6-Mul-L3-fr-T-T-T-T-NA.pdf
          used (Mb) gc trigger (Mb) max used (Mb)
Ncells  569085 30.4    1141421   61  1141421   61
Vcells 1135184  8.7    8388608   64  8388608   64
✅ Success: Generated plotted-Merged-STN-i-E5-E6-Mul-L3-fr-T-T-T-T-NA.pdf
>> Plotting: plotted-Merged-STN-i-E5-E6-Mul-L3-fr-T-T-T-F-NA.pdf

Attaching package: ‘igraph’

The following objects are masked from ‘package:stats’:

    decompose, spectrum

The following object is masked from ‘package:base’:

    union

Warning message:
In ifelse(!is.null(params$zoom_quantile), as.numeric(params$zoom_quantile),  :
  NAs introduced by coercion
Merged STN-i plot saved successfully to: /home/imperialdramon/Tesis/STN-model-for-irace/Experiments/PSO-X/Merged-E5-E6-Mul/Plots/L3/plotted-Merged-STN-i-E5-E6-Mul-L3-fr-T-T-T-F-NA.pdf
          used (Mb) gc trigger (Mb) max used (Mb)
Ncells  567784 30.4    1273361 68.1  1273361 68.1
Vcells 1160439  8.9    8388608 64.0  8388608 64.0
✅ Success: Generated plotted-Merged-STN-i-E5-E6-Mul-L3-fr-T-T-T-F-NA.pdf
>> Plotting: plotted-Merged-STN-i-E5-E6-Mul-L3-fr-F-T-F-F-NA.pdf

Attaching package: ‘igraph’

The following objects are masked from ‘package:stats’:

    decompose, spectrum

The following object is masked from ‘package:base’:

    union

Warning message:
In ifelse(!is.null(params$zoom_quantile), as.numeric(params$zoom_quantile),  :
  NAs introduced by coercion
Merged STN-i plot saved successfully to: /home/imperialdramon/Tesis/STN-model-for-irace/Experiments/PSO-X/Merged-E5-E6-Mul/Plots/L3/plotted-Merged-STN-i-E5-E6-Mul-L3-fr-F-T-F-F-NA.pdf
          used (Mb) gc trigger (Mb) max used (Mb)
Ncells  558008 29.9    1252424 66.9  1252424 66.9
Vcells 1054608  8.1    8388608 64.0  3841000 29.4
✅ Success: Generated plotted-Merged-STN-i-E5-E6-Mul-L3-fr-F-T-F-F-NA.pdf
>> Plotting: plotted-Merged-STN-i-E7-E8-Mul-L1-fr-T-T-T-T-NA.pdf

Attaching package: ‘igraph’

The following objects are masked from ‘package:stats’:

    decompose, spectrum

The following object is masked from ‘package:base’:

    union

Warning message:
In ifelse(!is.null(params$zoom_quantile), as.numeric(params$zoom_quantile),  :
  NAs introduced by coercion
Merged STN-i plot saved successfully to: /home/imperialdramon/Tesis/STN-model-for-irace/Experiments/PSO-X/Merged-E7-E8-Mul/Plots/L1/plotted-Merged-STN-i-E7-E8-Mul-L1-fr-T-T-T-T-NA.pdf
          used (Mb) gc trigger (Mb) max used (Mb)
Ncells  586900 31.4    1139544 60.9  1139544 60.9
Vcells 1303498 10.0    8388608 64.0  8388608 64.0
✅ Success: Generated plotted-Merged-STN-i-E7-E8-Mul-L1-fr-T-T-T-T-NA.pdf
>> Plotting: plotted-Merged-STN-i-E7-E8-Mul-L1-fr-T-T-T-F-NA.pdf

Attaching package: ‘igraph’

The following objects are masked from ‘package:stats’:

    decompose, spectrum

The following object is masked from ‘package:base’:

    union

Warning message:
In ifelse(!is.null(params$zoom_quantile), as.numeric(params$zoom_quantile),  :
  NAs introduced by coercion
Merged STN-i plot saved successfully to: /home/imperialdramon/Tesis/STN-model-for-irace/Experiments/PSO-X/Merged-E7-E8-Mul/Plots/L1/plotted-Merged-STN-i-E7-E8-Mul-L1-fr-T-T-T-F-NA.pdf
          used (Mb) gc trigger (Mb) max used (Mb)
Ncells  584263 31.3    1145215 61.2  1145215 61.2
Vcells 1355741 10.4    8388608 64.0  8388604 64.0
✅ Success: Generated plotted-Merged-STN-i-E7-E8-Mul-L1-fr-T-T-T-F-NA.pdf
>> Plotting: plotted-Merged-STN-i-E7-E8-Mul-L1-fr-F-T-F-F-NA.pdf

Attaching package: ‘igraph’

The following objects are masked from ‘package:stats’:

    decompose, spectrum

The following object is masked from ‘package:base’:

    union

Warning message:
In ifelse(!is.null(params$zoom_quantile), as.numeric(params$zoom_quantile),  :
  NAs introduced by coercion
Merged STN-i plot saved successfully to: /home/imperialdramon/Tesis/STN-model-for-irace/Experiments/PSO-X/Merged-E7-E8-Mul/Plots/L1/plotted-Merged-STN-i-E7-E8-Mul-L1-fr-F-T-F-F-NA.pdf
          used (Mb) gc trigger (Mb) max used (Mb)
Ncells  563237 30.1    1268398 67.8  1268398 67.8
Vcells 1127932  8.7    8388608 64.0  4249757 32.5
✅ Success: Generated plotted-Merged-STN-i-E7-E8-Mul-L1-fr-F-T-F-F-NA.pdf
>> Plotting: plotted-Merged-STN-i-E7-E8-Mul-L2-fr-T-T-T-T-NA.pdf

Attaching package: ‘igraph’

The following objects are masked from ‘package:stats’:

    decompose, spectrum

The following object is masked from ‘package:base’:

    union

Warning message:
In ifelse(!is.null(params$zoom_quantile), as.numeric(params$zoom_quantile),  :
  NAs introduced by coercion
Merged STN-i plot saved successfully to: /home/imperialdramon/Tesis/STN-model-for-irace/Experiments/PSO-X/Merged-E7-E8-Mul/Plots/L2/plotted-Merged-STN-i-E7-E8-Mul-L2-fr-T-T-T-T-NA.pdf
          used (Mb) gc trigger (Mb) max used (Mb)
Ncells  586804 31.4    1139484 60.9  1139484 60.9
Vcells 1302543 10.0    8388608 64.0  8388600 64.0
✅ Success: Generated plotted-Merged-STN-i-E7-E8-Mul-L2-fr-T-T-T-T-NA.pdf
>> Plotting: plotted-Merged-STN-i-E7-E8-Mul-L2-fr-T-T-T-F-NA.pdf

Attaching package: ‘igraph’

The following objects are masked from ‘package:stats’:

    decompose, spectrum

The following object is masked from ‘package:base’:

    union

Warning message:
In ifelse(!is.null(params$zoom_quantile), as.numeric(params$zoom_quantile),  :
  NAs introduced by coercion
Merged STN-i plot saved successfully to: /home/imperialdramon/Tesis/STN-model-for-irace/Experiments/PSO-X/Merged-E7-E8-Mul/Plots/L2/plotted-Merged-STN-i-E7-E8-Mul-L2-fr-T-T-T-F-NA.pdf
          used (Mb) gc trigger (Mb) max used (Mb)
Ncells  584167 31.2    1145278 61.2  1145278 61.2
Vcells 1354487 10.4    8388608 64.0  8388608 64.0
✅ Success: Generated plotted-Merged-STN-i-E7-E8-Mul-L2-fr-T-T-T-F-NA.pdf
>> Plotting: plotted-Merged-STN-i-E7-E8-Mul-L2-fr-F-T-F-F-NA.pdf

Attaching package: ‘igraph’

The following objects are masked from ‘package:stats’:

    decompose, spectrum

The following object is masked from ‘package:base’:

    union

Warning message:
In ifelse(!is.null(params$zoom_quantile), as.numeric(params$zoom_quantile),  :
  NAs introduced by coercion
Merged STN-i plot saved successfully to: /home/imperialdramon/Tesis/STN-model-for-irace/Experiments/PSO-X/Merged-E7-E8-Mul/Plots/L2/plotted-Merged-STN-i-E7-E8-Mul-L2-fr-F-T-F-F-NA.pdf
          used (Mb) gc trigger (Mb) max used (Mb)
Ncells  563212 30.1    1268198 67.8  1268198 67.8
Vcells 1127554  8.7    8388608 64.0  4200413 32.1
✅ Success: Generated plotted-Merged-STN-i-E7-E8-Mul-L2-fr-F-T-F-F-NA.pdf
>> Plotting: plotted-Merged-STN-i-E7-E8-Mul-L3-fr-T-T-T-T-NA.pdf

Attaching package: ‘igraph’

The following objects are masked from ‘package:stats’:

    decompose, spectrum

The following object is masked from ‘package:base’:

    union

Warning message:
In ifelse(!is.null(params$zoom_quantile), as.numeric(params$zoom_quantile),  :
  NAs introduced by coercion
Merged STN-i plot saved successfully to: /home/imperialdramon/Tesis/STN-model-for-irace/Experiments/PSO-X/Merged-E7-E8-Mul/Plots/L3/plotted-Merged-STN-i-E7-E8-Mul-L3-fr-T-T-T-T-NA.pdf
          used (Mb) gc trigger (Mb) max used (Mb)
Ncells  585645 31.3    1138944 60.9  1138944 60.9
Vcells 1291037  9.9    8388608 64.0  8388608 64.0
✅ Success: Generated plotted-Merged-STN-i-E7-E8-Mul-L3-fr-T-T-T-T-NA.pdf
>> Plotting: plotted-Merged-STN-i-E7-E8-Mul-L3-fr-T-T-T-F-NA.pdf

Attaching package: ‘igraph’

The following objects are masked from ‘package:stats’:

    decompose, spectrum

The following object is masked from ‘package:base’:

    union

Warning message:
In ifelse(!is.null(params$zoom_quantile), as.numeric(params$zoom_quantile),  :
  NAs introduced by coercion
Merged STN-i plot saved successfully to: /home/imperialdramon/Tesis/STN-model-for-irace/Experiments/PSO-X/Merged-E7-E8-Mul/Plots/L3/plotted-Merged-STN-i-E7-E8-Mul-L3-fr-T-T-T-F-NA.pdf
          used (Mb) gc trigger (Mb) max used (Mb)
Ncells  583004 31.2    1145275 61.2  1145275 61.2
Vcells 1339344 10.3    8388608 64.0  8388608 64.0
✅ Success: Generated plotted-Merged-STN-i-E7-E8-Mul-L3-fr-T-T-T-F-NA.pdf
>> Plotting: plotted-Merged-STN-i-E7-E8-Mul-L3-fr-F-T-F-F-NA.pdf

Attaching package: ‘igraph’

The following objects are masked from ‘package:stats’:

    decompose, spectrum

The following object is masked from ‘package:base’:

    union

Warning message:
In ifelse(!is.null(params$zoom_quantile), as.numeric(params$zoom_quantile),  :
  NAs introduced by coercion
Merged STN-i plot saved successfully to: /home/imperialdramon/Tesis/STN-model-for-irace/Experiments/PSO-X/Merged-E7-E8-Mul/Plots/L3/plotted-Merged-STN-i-E7-E8-Mul-L3-fr-F-T-F-F-NA.pdf
          used (Mb) gc trigger (Mb) max used (Mb)
Ncells  562905 30.1    1265741 67.6  1265741 67.6
Vcells 1122899  8.6    8388608 64.0  4298314 32.8
✅ Success: Generated plotted-Merged-STN-i-E7-E8-Mul-L3-fr-F-T-F-F-NA.pdf
>> Plotting: plotted-Merged-STN-i-E9-E10-Uni-L1-fr-T-T-T-T-NA.pdf

Attaching package: ‘igraph’

The following objects are masked from ‘package:stats’:

    decompose, spectrum

The following object is masked from ‘package:base’:

    union

Warning message:
In ifelse(!is.null(params$zoom_quantile), as.numeric(params$zoom_quantile),  :
  NAs introduced by coercion
Merged STN-i plot saved successfully to: /home/imperialdramon/Tesis/STN-model-for-irace/Experiments/PSO-X/Merged-E9-E10-Uni/Plots/L1/plotted-Merged-STN-i-E9-E10-Uni-L1-fr-T-T-T-T-NA.pdf
          used (Mb) gc trigger (Mb) max used (Mb)
Ncells  571620 30.6    1139564 60.9  1139564 60.9
Vcells 1158391  8.9    8388608 64.0  8388570 64.0
✅ Success: Generated plotted-Merged-STN-i-E9-E10-Uni-L1-fr-T-T-T-T-NA.pdf
>> Plotting: plotted-Merged-STN-i-E9-E10-Uni-L1-fr-T-T-T-F-NA.pdf

Attaching package: ‘igraph’

The following objects are masked from ‘package:stats’:

    decompose, spectrum

The following object is masked from ‘package:base’:

    union

Warning message:
In ifelse(!is.null(params$zoom_quantile), as.numeric(params$zoom_quantile),  :
  NAs introduced by coercion
Merged STN-i plot saved successfully to: /home/imperialdramon/Tesis/STN-model-for-irace/Experiments/PSO-X/Merged-E9-E10-Uni/Plots/L1/plotted-Merged-STN-i-E9-E10-Uni-L1-fr-T-T-T-F-NA.pdf
          used (Mb) gc trigger (Mb) max used (Mb)
Ncells  570321 30.5    1148524 61.4  1148524 61.4
Vcells 1190695  9.1    8388608 64.0  8388602 64.0
✅ Success: Generated plotted-Merged-STN-i-E9-E10-Uni-L1-fr-T-T-T-F-NA.pdf
>> Plotting: plotted-Merged-STN-i-E9-E10-Uni-L1-fr-F-T-F-F-NA.pdf

Attaching package: ‘igraph’

The following objects are masked from ‘package:stats’:

    decompose, spectrum

The following object is masked from ‘package:base’:

    union

Warning message:
In ifelse(!is.null(params$zoom_quantile), as.numeric(params$zoom_quantile),  :
  NAs introduced by coercion
Merged STN-i plot saved successfully to: /home/imperialdramon/Tesis/STN-model-for-irace/Experiments/PSO-X/Merged-E9-E10-Uni/Plots/L1/plotted-Merged-STN-i-E9-E10-Uni-L1-fr-F-T-F-F-NA.pdf
          used (Mb) gc trigger (Mb) max used (Mb)
Ncells  558739 29.9    1260492 67.4  1260492 67.4
Vcells 1065196  8.2    8388608 64.0  4457926 34.1
✅ Success: Generated plotted-Merged-STN-i-E9-E10-Uni-L1-fr-F-T-F-F-NA.pdf
>> Plotting: plotted-Merged-STN-i-E9-E10-Uni-L2-fr-T-T-T-T-NA.pdf

Attaching package: ‘igraph’

The following objects are masked from ‘package:stats’:

    decompose, spectrum

The following object is masked from ‘package:base’:

    union

Warning message:
In ifelse(!is.null(params$zoom_quantile), as.numeric(params$zoom_quantile),  :
  NAs introduced by coercion
Merged STN-i plot saved successfully to: /home/imperialdramon/Tesis/STN-model-for-irace/Experiments/PSO-X/Merged-E9-E10-Uni/Plots/L2/plotted-Merged-STN-i-E9-E10-Uni-L2-fr-T-T-T-T-NA.pdf
          used (Mb) gc trigger (Mb) max used (Mb)
Ncells  571588 30.6    1139498 60.9  1139498 60.9
Vcells 1158097  8.9    8388608 64.0  8388605 64.0
✅ Success: Generated plotted-Merged-STN-i-E9-E10-Uni-L2-fr-T-T-T-T-NA.pdf
>> Plotting: plotted-Merged-STN-i-E9-E10-Uni-L2-fr-T-T-T-F-NA.pdf

Attaching package: ‘igraph’

The following objects are masked from ‘package:stats’:

    decompose, spectrum

The following object is masked from ‘package:base’:

    union

Warning message:
In ifelse(!is.null(params$zoom_quantile), as.numeric(params$zoom_quantile),  :
  NAs introduced by coercion
Merged STN-i plot saved successfully to: /home/imperialdramon/Tesis/STN-model-for-irace/Experiments/PSO-X/Merged-E9-E10-Uni/Plots/L2/plotted-Merged-STN-i-E9-E10-Uni-L2-fr-T-T-T-F-NA.pdf
          used (Mb) gc trigger (Mb) max used (Mb)
Ncells  570289 30.5    1148550 61.4  1148550 61.4
Vcells 1190309  9.1    8388608 64.0  8388605 64.0
✅ Success: Generated plotted-Merged-STN-i-E9-E10-Uni-L2-fr-T-T-T-F-NA.pdf
>> Plotting: plotted-Merged-STN-i-E9-E10-Uni-L2-fr-F-T-F-F-NA.pdf

Attaching package: ‘igraph’

The following objects are masked from ‘package:stats’:

    decompose, spectrum

The following object is masked from ‘package:base’:

    union

Warning message:
In ifelse(!is.null(params$zoom_quantile), as.numeric(params$zoom_quantile),  :
  NAs introduced by coercion
Merged STN-i plot saved successfully to: /home/imperialdramon/Tesis/STN-model-for-irace/Experiments/PSO-X/Merged-E9-E10-Uni/Plots/L2/plotted-Merged-STN-i-E9-E10-Uni-L2-fr-F-T-F-F-NA.pdf
          used (Mb) gc trigger (Mb) max used (Mb)
Ncells  558733 29.9    1260524 67.4  1260524 67.4
Vcells 1065072  8.2    8388608 64.0  4443278 33.9
✅ Success: Generated plotted-Merged-STN-i-E9-E10-Uni-L2-fr-F-T-F-F-NA.pdf
>> Plotting: plotted-Merged-STN-i-E9-E10-Uni-L3-fr-T-T-T-T-NA.pdf

Attaching package: ‘igraph’

The following objects are masked from ‘package:stats’:

    decompose, spectrum

The following object is masked from ‘package:base’:

    union

Warning message:
In ifelse(!is.null(params$zoom_quantile), as.numeric(params$zoom_quantile),  :
  NAs introduced by coercion
Merged STN-i plot saved successfully to: /home/imperialdramon/Tesis/STN-model-for-irace/Experiments/PSO-X/Merged-E9-E10-Uni/Plots/L3/plotted-Merged-STN-i-E9-E10-Uni-L3-fr-T-T-T-T-NA.pdf
          used (Mb) gc trigger (Mb) max used (Mb)
Ncells  571176 30.6    1139950 60.9  1139950 60.9
Vcells 1153864  8.9    8388608 64.0  8388603 64.0
✅ Success: Generated plotted-Merged-STN-i-E9-E10-Uni-L3-fr-T-T-T-T-NA.pdf
>> Plotting: plotted-Merged-STN-i-E9-E10-Uni-L3-fr-T-T-T-F-NA.pdf

Attaching package: ‘igraph’

The following objects are masked from ‘package:stats’:

    decompose, spectrum

The following object is masked from ‘package:base’:

    union

Warning message:
In ifelse(!is.null(params$zoom_quantile), as.numeric(params$zoom_quantile),  :
  NAs introduced by coercion
Merged STN-i plot saved successfully to: /home/imperialdramon/Tesis/STN-model-for-irace/Experiments/PSO-X/Merged-E9-E10-Uni/Plots/L3/plotted-Merged-STN-i-E9-E10-Uni-L3-fr-T-T-T-F-NA.pdf
          used (Mb) gc trigger (Mb) max used (Mb)
Ncells  569876 30.5    1169755 62.5  1169755 62.5
Vcells 1184723  9.1    8388608 64.0  8388607 64.0
✅ Success: Generated plotted-Merged-STN-i-E9-E10-Uni-L3-fr-T-T-T-F-NA.pdf
>> Plotting: plotted-Merged-STN-i-E9-E10-Uni-L3-fr-F-T-F-F-NA.pdf

Attaching package: ‘igraph’

The following objects are masked from ‘package:stats’:

    decompose, spectrum

The following object is masked from ‘package:base’:

    union

Warning message:
In ifelse(!is.null(params$zoom_quantile), as.numeric(params$zoom_quantile),  :
  NAs introduced by coercion
Merged STN-i plot saved successfully to: /home/imperialdramon/Tesis/STN-model-for-irace/Experiments/PSO-X/Merged-E9-E10-Uni/Plots/L3/plotted-Merged-STN-i-E9-E10-Uni-L3-fr-F-T-F-F-NA.pdf
          used (Mb) gc trigger (Mb) max used (Mb)
Ncells  558620 29.9    1255804 67.1  1255804 67.1
Vcells 1063264  8.2    8388608 64.0  4068822 31.1
✅ Success: Generated plotted-Merged-STN-i-E9-E10-Uni-L3-fr-F-T-F-F-NA.pdf
>> Plotting: plotted-Merged-STN-i-E11-E12-Uni-L1-fr-T-T-T-T-NA.pdf

Attaching package: ‘igraph’

The following objects are masked from ‘package:stats’:

    decompose, spectrum

The following object is masked from ‘package:base’:

    union

Warning message:
In ifelse(!is.null(params$zoom_quantile), as.numeric(params$zoom_quantile),  :
  NAs introduced by coercion
Merged STN-i plot saved successfully to: /home/imperialdramon/Tesis/STN-model-for-irace/Experiments/PSO-X/Merged-E11-E12-Uni/Plots/L1/plotted-Merged-STN-i-E11-E12-Uni-L1-fr-T-T-T-T-NA.pdf
          used (Mb) gc trigger (Mb) max used (Mb)
Ncells  591724 31.7    1141250   61  1141250   61
Vcells 1348085 10.3    8388608   64  8388608   64
✅ Success: Generated plotted-Merged-STN-i-E11-E12-Uni-L1-fr-T-T-T-T-NA.pdf
>> Plotting: plotted-Merged-STN-i-E11-E12-Uni-L1-fr-T-T-T-F-NA.pdf

Attaching package: ‘igraph’

The following objects are masked from ‘package:stats’:

    decompose, spectrum

The following object is masked from ‘package:base’:

    union

Warning message:
In ifelse(!is.null(params$zoom_quantile), as.numeric(params$zoom_quantile),  :
  NAs introduced by coercion
Merged STN-i plot saved successfully to: /home/imperialdramon/Tesis/STN-model-for-irace/Experiments/PSO-X/Merged-E11-E12-Uni/Plots/L1/plotted-Merged-STN-i-E11-E12-Uni-L1-fr-T-T-T-F-NA.pdf
          used (Mb) gc trigger (Mb) max used (Mb)
Ncells  588950 31.5    1146012 61.3  1146012 61.3
Vcells 1411327 10.8    8388608 64.0  8388607 64.0
✅ Success: Generated plotted-Merged-STN-i-E11-E12-Uni-L1-fr-T-T-T-F-NA.pdf
>> Plotting: plotted-Merged-STN-i-E11-E12-Uni-L1-fr-F-T-F-F-NA.pdf

Attaching package: ‘igraph’

The following objects are masked from ‘package:stats’:

    decompose, spectrum

The following object is masked from ‘package:base’:

    union

Warning message:
In ifelse(!is.null(params$zoom_quantile), as.numeric(params$zoom_quantile),  :
  NAs introduced by coercion
Merged STN-i plot saved successfully to: /home/imperialdramon/Tesis/STN-model-for-irace/Experiments/PSO-X/Merged-E11-E12-Uni/Plots/L1/plotted-Merged-STN-i-E11-E12-Uni-L1-fr-F-T-F-F-NA.pdf
          used (Mb) gc trigger (Mb) max used (Mb)
Ncells  564643 30.2    1270575 67.9  1270575 67.9
Vcells 1147983  8.8    8388608 64.0  5164305 39.5
✅ Success: Generated plotted-Merged-STN-i-E11-E12-Uni-L1-fr-F-T-F-F-NA.pdf
>> Plotting: plotted-Merged-STN-i-E11-E12-Uni-L2-fr-T-T-T-T-NA.pdf

Attaching package: ‘igraph’

The following objects are masked from ‘package:stats’:

    decompose, spectrum

The following object is masked from ‘package:base’:

    union

Warning message:
In ifelse(!is.null(params$zoom_quantile), as.numeric(params$zoom_quantile),  :
  NAs introduced by coercion
Merged STN-i plot saved successfully to: /home/imperialdramon/Tesis/STN-model-for-irace/Experiments/PSO-X/Merged-E11-E12-Uni/Plots/L2/plotted-Merged-STN-i-E11-E12-Uni-L2-fr-T-T-T-T-NA.pdf
          used (Mb) gc trigger (Mb) max used (Mb)
Ncells  591206 31.6    1141021   61  1141021   61
Vcells 1342905 10.3    8388608   64  8388605   64
✅ Success: Generated plotted-Merged-STN-i-E11-E12-Uni-L2-fr-T-T-T-T-NA.pdf
>> Plotting: plotted-Merged-STN-i-E11-E12-Uni-L2-fr-T-T-T-F-NA.pdf

Attaching package: ‘igraph’

The following objects are masked from ‘package:stats’:

    decompose, spectrum

The following object is masked from ‘package:base’:

    union

Warning message:
In ifelse(!is.null(params$zoom_quantile), as.numeric(params$zoom_quantile),  :
  NAs introduced by coercion
Merged STN-i plot saved successfully to: /home/imperialdramon/Tesis/STN-model-for-irace/Experiments/PSO-X/Merged-E11-E12-Uni/Plots/L2/plotted-Merged-STN-i-E11-E12-Uni-L2-fr-T-T-T-F-NA.pdf
          used (Mb) gc trigger (Mb) max used (Mb)
Ncells  588432 31.5    1145761 61.2  1145761 61.2
Vcells 1404504 10.8    8388608 64.0  8388602 64.0
✅ Success: Generated plotted-Merged-STN-i-E11-E12-Uni-L2-fr-T-T-T-F-NA.pdf
>> Plotting: plotted-Merged-STN-i-E11-E12-Uni-L2-fr-F-T-F-F-NA.pdf

Attaching package: ‘igraph’

The following objects are masked from ‘package:stats’:

    decompose, spectrum

The following object is masked from ‘package:base’:

    union

Warning message:
In ifelse(!is.null(params$zoom_quantile), as.numeric(params$zoom_quantile),  :
  NAs introduced by coercion
Merged STN-i plot saved successfully to: /home/imperialdramon/Tesis/STN-model-for-irace/Experiments/PSO-X/Merged-E11-E12-Uni/Plots/L2/plotted-Merged-STN-i-E11-E12-Uni-L2-fr-F-T-F-F-NA.pdf
          used (Mb) gc trigger (Mb) max used (Mb)
Ncells  564497 30.2    1273492 68.1  1273492 68.1
Vcells 1145797  8.8    8388608 64.0  5366694 41.0
✅ Success: Generated plotted-Merged-STN-i-E11-E12-Uni-L2-fr-F-T-F-F-NA.pdf
>> Plotting: plotted-Merged-STN-i-E11-E12-Uni-L3-fr-T-T-T-T-NA.pdf

Attaching package: ‘igraph’

The following objects are masked from ‘package:stats’:

    decompose, spectrum

The following object is masked from ‘package:base’:

    union

Warning message:
In ifelse(!is.null(params$zoom_quantile), as.numeric(params$zoom_quantile),  :
  NAs introduced by coercion
Merged STN-i plot saved successfully to: /home/imperialdramon/Tesis/STN-model-for-irace/Experiments/PSO-X/Merged-E11-E12-Uni/Plots/L3/plotted-Merged-STN-i-E11-E12-Uni-L3-fr-T-T-T-T-NA.pdf
          used (Mb) gc trigger (Mb) max used (Mb)
Ncells  587908 31.4    1139372 60.9  1139372 60.9
Vcells 1309890 10.0    8388608 64.0  8388607 64.0
✅ Success: Generated plotted-Merged-STN-i-E11-E12-Uni-L3-fr-T-T-T-T-NA.pdf
>> Plotting: plotted-Merged-STN-i-E11-E12-Uni-L3-fr-T-T-T-F-NA.pdf

Attaching package: ‘igraph’

The following objects are masked from ‘package:stats’:

    decompose, spectrum

The following object is masked from ‘package:base’:

    union

Warning message:
In ifelse(!is.null(params$zoom_quantile), as.numeric(params$zoom_quantile),  :
  NAs introduced by coercion
Merged STN-i plot saved successfully to: /home/imperialdramon/Tesis/STN-model-for-irace/Experiments/PSO-X/Merged-E11-E12-Uni/Plots/L3/plotted-Merged-STN-i-E11-E12-Uni-L3-fr-T-T-T-F-NA.pdf
          used (Mb) gc trigger (Mb) max used (Mb)
Ncells  585120 31.3    1145664 61.2  1145664 61.2
Vcells 1360948 10.4    8388608 64.0  8388592 64.0
✅ Success: Generated plotted-Merged-STN-i-E11-E12-Uni-L3-fr-T-T-T-F-NA.pdf
>> Plotting: plotted-Merged-STN-i-E11-E12-Uni-L3-fr-F-T-F-F-NA.pdf

Attaching package: ‘igraph’

The following objects are masked from ‘package:stats’:

    decompose, spectrum

The following object is masked from ‘package:base’:

    union

Warning message:
In ifelse(!is.null(params$zoom_quantile), as.numeric(params$zoom_quantile),  :
  NAs introduced by coercion
Merged STN-i plot saved successfully to: /home/imperialdramon/Tesis/STN-model-for-irace/Experiments/PSO-X/Merged-E11-E12-Uni/Plots/L3/plotted-Merged-STN-i-E11-E12-Uni-L3-fr-F-T-F-F-NA.pdf
          used (Mb) gc trigger (Mb) max used (Mb)
Ncells  563663 30.2    1268047 67.8  1268047 67.8
Vcells 1132766  8.7    8388608 64.0  5649341 43.2
✅ Success: Generated plotted-Merged-STN-i-E11-E12-Uni-L3-fr-F-T-F-F-NA.pdf
=== Processing algorithm: MMASQAP ===
>> Plotting: plotted-Merged-STN-i-E1-E2-60-L1-fr-T-T-T-T-NA.pdf

Attaching package: ‘igraph’

The following objects are masked from ‘package:stats’:

    decompose, spectrum

The following object is masked from ‘package:base’:

    union

Warning message:
In ifelse(!is.null(params$zoom_quantile), as.numeric(params$zoom_quantile),  :
  NAs introduced by coercion
Merged STN-i plot saved successfully to: /home/imperialdramon/Tesis/STN-model-for-irace/Experiments/MMASQAP/Merged-E1-E2-60/Plots/L1/plotted-Merged-STN-i-E1-E2-60-L1-fr-T-T-T-T-NA.pdf
          used (Mb) gc trigger (Mb) max used (Mb)
Ncells  558627 29.9    1255052 67.1  1255052 67.1
Vcells 1029657  7.9    8388608 64.0  8388606 64.0
✅ Success: Generated plotted-Merged-STN-i-E1-E2-60-L1-fr-T-T-T-T-NA.pdf
>> Plotting: plotted-Merged-STN-i-E1-E2-60-L1-fr-T-T-T-F-NA.pdf

Attaching package: ‘igraph’

The following objects are masked from ‘package:stats’:

    decompose, spectrum

The following object is masked from ‘package:base’:

    union

Warning message:
In ifelse(!is.null(params$zoom_quantile), as.numeric(params$zoom_quantile),  :
  NAs introduced by coercion
Merged STN-i plot saved successfully to: /home/imperialdramon/Tesis/STN-model-for-irace/Experiments/MMASQAP/Merged-E1-E2-60/Plots/L1/plotted-Merged-STN-i-E1-E2-60-L1-fr-T-T-T-F-NA.pdf
          used (Mb) gc trigger (Mb) max used (Mb)
Ncells  557740 29.8    1254098   67  1254098   67
Vcells 1033698  7.9    8388608   64  8388403   64
✅ Success: Generated plotted-Merged-STN-i-E1-E2-60-L1-fr-T-T-T-F-NA.pdf
>> Plotting: plotted-Merged-STN-i-E1-E2-60-L1-fr-F-T-F-F-NA.pdf

Attaching package: ‘igraph’

The following objects are masked from ‘package:stats’:

    decompose, spectrum

The following object is masked from ‘package:base’:

    union

Warning message:
In ifelse(!is.null(params$zoom_quantile), as.numeric(params$zoom_quantile),  :
  NAs introduced by coercion
Merged STN-i plot saved successfully to: /home/imperialdramon/Tesis/STN-model-for-irace/Experiments/MMASQAP/Merged-E1-E2-60/Plots/L1/plotted-Merged-STN-i-E1-E2-60-L1-fr-F-T-F-F-NA.pdf
          used (Mb) gc trigger (Mb) max used (Mb)
Ncells  554518 29.7    1249284 66.8   976193 52.2
Vcells 1000332  7.7    8388608 64.0  2021257 15.5
✅ Success: Generated plotted-Merged-STN-i-E1-E2-60-L1-fr-F-T-F-F-NA.pdf
>> Plotting: plotted-Merged-STN-i-E1-E2-60-L2-fr-T-T-T-T-NA.pdf

Attaching package: ‘igraph’

The following objects are masked from ‘package:stats’:

    decompose, spectrum

The following object is masked from ‘package:base’:

    union

Warning message:
In ifelse(!is.null(params$zoom_quantile), as.numeric(params$zoom_quantile),  :
  NAs introduced by coercion
Merged STN-i plot saved successfully to: /home/imperialdramon/Tesis/STN-model-for-irace/Experiments/MMASQAP/Merged-E1-E2-60/Plots/L2/plotted-Merged-STN-i-E1-E2-60-L2-fr-T-T-T-T-NA.pdf
          used (Mb) gc trigger (Mb) max used (Mb)
Ncells  556414 29.8    1250141 66.8  1250141 66.8
Vcells 1009406  7.8    8388608 64.0  8388509 64.0
✅ Success: Generated plotted-Merged-STN-i-E1-E2-60-L2-fr-T-T-T-T-NA.pdf
>> Plotting: plotted-Merged-STN-i-E1-E2-60-L2-fr-T-T-T-F-NA.pdf

Attaching package: ‘igraph’

The following objects are masked from ‘package:stats’:

    decompose, spectrum

The following object is masked from ‘package:base’:

    union

Warning message:
In ifelse(!is.null(params$zoom_quantile), as.numeric(params$zoom_quantile),  :
  NAs introduced by coercion
Merged STN-i plot saved successfully to: /home/imperialdramon/Tesis/STN-model-for-irace/Experiments/MMASQAP/Merged-E1-E2-60/Plots/L2/plotted-Merged-STN-i-E1-E2-60-L2-fr-T-T-T-F-NA.pdf
          used (Mb) gc trigger (Mb) max used (Mb)
Ncells  555429 29.7    1248701 66.7  1248701 66.7
Vcells 1007993  7.7    8388608 64.0  5506732 42.1
✅ Success: Generated plotted-Merged-STN-i-E1-E2-60-L2-fr-T-T-T-F-NA.pdf
>> Plotting: plotted-Merged-STN-i-E1-E2-60-L2-fr-F-T-F-F-NA.pdf

Attaching package: ‘igraph’

The following objects are masked from ‘package:stats’:

    decompose, spectrum

The following object is masked from ‘package:base’:

    union

Warning message:
In ifelse(!is.null(params$zoom_quantile), as.numeric(params$zoom_quantile),  :
  NAs introduced by coercion
Merged STN-i plot saved successfully to: /home/imperialdramon/Tesis/STN-model-for-irace/Experiments/MMASQAP/Merged-E1-E2-60/Plots/L2/plotted-Merged-STN-i-E1-E2-60-L2-fr-F-T-F-F-NA.pdf
         used (Mb) gc trigger (Mb) max used (Mb)
Ncells 553950 29.6    1242921 66.4  1147640 61.3
Vcells 993639  7.6    8388608 64.0  1923841 14.7
✅ Success: Generated plotted-Merged-STN-i-E1-E2-60-L2-fr-F-T-F-F-NA.pdf
>> Plotting: plotted-Merged-STN-i-E1-E2-60-L3-fr-T-T-T-T-NA.pdf

Attaching package: ‘igraph’

The following objects are masked from ‘package:stats’:

    decompose, spectrum

The following object is masked from ‘package:base’:

    union

Warning message:
In ifelse(!is.null(params$zoom_quantile), as.numeric(params$zoom_quantile),  :
  NAs introduced by coercion
Merged STN-i plot saved successfully to: /home/imperialdramon/Tesis/STN-model-for-irace/Experiments/MMASQAP/Merged-E1-E2-60/Plots/L3/plotted-Merged-STN-i-E1-E2-60-L3-fr-T-T-T-T-NA.pdf
         used (Mb) gc trigger (Mb) max used (Mb)
Ncells 554378 29.7    1246681 66.6  1246681 66.6
Vcells 991803  7.6    8388608 64.0  4597134 35.1
✅ Success: Generated plotted-Merged-STN-i-E1-E2-60-L3-fr-T-T-T-T-NA.pdf
>> Plotting: plotted-Merged-STN-i-E1-E2-60-L3-fr-T-T-T-F-NA.pdf

Attaching package: ‘igraph’

The following objects are masked from ‘package:stats’:

    decompose, spectrum

The following object is masked from ‘package:base’:

    union

Warning message:
In ifelse(!is.null(params$zoom_quantile), as.numeric(params$zoom_quantile),  :
  NAs introduced by coercion
Merged STN-i plot saved successfully to: /home/imperialdramon/Tesis/STN-model-for-irace/Experiments/MMASQAP/Merged-E1-E2-60/Plots/L3/plotted-Merged-STN-i-E1-E2-60-L3-fr-T-T-T-F-NA.pdf
         used (Mb) gc trigger (Mb) max used (Mb)
Ncells 553391 29.6    1240150 66.3  1233442 65.9
Vcells 987323  7.6    8388608 64.0  1923841 14.7
✅ Success: Generated plotted-Merged-STN-i-E1-E2-60-L3-fr-T-T-T-F-NA.pdf
>> Plotting: plotted-Merged-STN-i-E1-E2-60-L3-fr-F-T-F-F-NA.pdf

Attaching package: ‘igraph’

The following objects are masked from ‘package:stats’:

    decompose, spectrum

The following object is masked from ‘package:base’:

    union

Warning message:
In ifelse(!is.null(params$zoom_quantile), as.numeric(params$zoom_quantile),  :
  NAs introduced by coercion
Merged STN-i plot saved successfully to: /home/imperialdramon/Tesis/STN-model-for-irace/Experiments/MMASQAP/Merged-E1-E2-60/Plots/L3/plotted-Merged-STN-i-E1-E2-60-L3-fr-F-T-F-F-NA.pdf
         used (Mb) gc trigger (Mb) max used (Mb)
Ncells 553026 29.6    1241027 66.3   875052 46.8
Vcells 984118  7.6    8388608 64.0  1923841 14.7
✅ Success: Generated plotted-Merged-STN-i-E1-E2-60-L3-fr-F-T-F-F-NA.pdf
>> Plotting: plotted-Merged-STN-i-E3-E4-60-L1-fr-T-T-T-T-NA.pdf

Attaching package: ‘igraph’

The following objects are masked from ‘package:stats’:

    decompose, spectrum

The following object is masked from ‘package:base’:

    union

Warning message:
In ifelse(!is.null(params$zoom_quantile), as.numeric(params$zoom_quantile),  :
  NAs introduced by coercion
Merged STN-i plot saved successfully to: /home/imperialdramon/Tesis/STN-model-for-irace/Experiments/MMASQAP/Merged-E3-E4-60/Plots/L1/plotted-Merged-STN-i-E3-E4-60-L1-fr-T-T-T-T-NA.pdf
          used (Mb) gc trigger (Mb) max used (Mb)
Ncells  565728 30.3    1268352 67.8  1268352 67.8
Vcells 1087810  8.3    8388608 64.0  8388607 64.0
✅ Success: Generated plotted-Merged-STN-i-E3-E4-60-L1-fr-T-T-T-T-NA.pdf
>> Plotting: plotted-Merged-STN-i-E3-E4-60-L1-fr-T-T-T-F-NA.pdf

Attaching package: ‘igraph’

The following objects are masked from ‘package:stats’:

    decompose, spectrum

The following object is masked from ‘package:base’:

    union

Warning message:
In ifelse(!is.null(params$zoom_quantile), as.numeric(params$zoom_quantile),  :
  NAs introduced by coercion
Merged STN-i plot saved successfully to: /home/imperialdramon/Tesis/STN-model-for-irace/Experiments/MMASQAP/Merged-E3-E4-60/Plots/L1/plotted-Merged-STN-i-E3-E4-60-L1-fr-T-T-T-F-NA.pdf
          used (Mb) gc trigger (Mb) max used (Mb)
Ncells  563507 30.1    1266212 67.7  1266212 67.7
Vcells 1092620  8.4    8388608 64.0  8388553 64.0
✅ Success: Generated plotted-Merged-STN-i-E3-E4-60-L1-fr-T-T-T-F-NA.pdf
>> Plotting: plotted-Merged-STN-i-E3-E4-60-L1-fr-F-T-F-F-NA.pdf

Attaching package: ‘igraph’

The following objects are masked from ‘package:stats’:

    decompose, spectrum

The following object is masked from ‘package:base’:

    union

Warning message:
In ifelse(!is.null(params$zoom_quantile), as.numeric(params$zoom_quantile),  :
  NAs introduced by coercion
Merged STN-i plot saved successfully to: /home/imperialdramon/Tesis/STN-model-for-irace/Experiments/MMASQAP/Merged-E3-E4-60/Plots/L1/plotted-Merged-STN-i-E3-E4-60-L1-fr-F-T-F-F-NA.pdf
          used (Mb) gc trigger (Mb) max used (Mb)
Ncells  556613 29.8    1248370 66.7  1248370 66.7
Vcells 1024648  7.9    8388608 64.0  2223837 17.0
✅ Success: Generated plotted-Merged-STN-i-E3-E4-60-L1-fr-F-T-F-F-NA.pdf
>> Plotting: plotted-Merged-STN-i-E3-E4-60-L2-fr-T-T-T-T-NA.pdf

Attaching package: ‘igraph’

The following objects are masked from ‘package:stats’:

    decompose, spectrum

The following object is masked from ‘package:base’:

    union

Warning message:
In ifelse(!is.null(params$zoom_quantile), as.numeric(params$zoom_quantile),  :
  NAs introduced by coercion
Merged STN-i plot saved successfully to: /home/imperialdramon/Tesis/STN-model-for-irace/Experiments/MMASQAP/Merged-E3-E4-60/Plots/L2/plotted-Merged-STN-i-E3-E4-60-L2-fr-T-T-T-T-NA.pdf
          used (Mb) gc trigger (Mb) max used (Mb)
Ncells  559682 29.9    1258844 67.3  1258844 67.3
Vcells 1034277  7.9    8388608 64.0  8388599 64.0
✅ Success: Generated plotted-Merged-STN-i-E3-E4-60-L2-fr-T-T-T-T-NA.pdf
>> Plotting: plotted-Merged-STN-i-E3-E4-60-L2-fr-T-T-T-F-NA.pdf

Attaching package: ‘igraph’

The following objects are masked from ‘package:stats’:

    decompose, spectrum

The following object is masked from ‘package:base’:

    union

Warning message:
In ifelse(!is.null(params$zoom_quantile), as.numeric(params$zoom_quantile),  :
  NAs introduced by coercion
Merged STN-i plot saved successfully to: /home/imperialdramon/Tesis/STN-model-for-irace/Experiments/MMASQAP/Merged-E3-E4-60/Plots/L2/plotted-Merged-STN-i-E3-E4-60-L2-fr-T-T-T-F-NA.pdf
          used (Mb) gc trigger (Mb) max used (Mb)
Ncells  556593 29.8    1252927   67  1252927 67.0
Vcells 1020386  7.8    8388608   64  4930260 37.7
✅ Success: Generated plotted-Merged-STN-i-E3-E4-60-L2-fr-T-T-T-F-NA.pdf
>> Plotting: plotted-Merged-STN-i-E3-E4-60-L2-fr-F-T-F-F-NA.pdf

Attaching package: ‘igraph’

The following objects are masked from ‘package:stats’:

    decompose, spectrum

The following object is masked from ‘package:base’:

    union

Warning message:
In ifelse(!is.null(params$zoom_quantile), as.numeric(params$zoom_quantile),  :
  NAs introduced by coercion
Merged STN-i plot saved successfully to: /home/imperialdramon/Tesis/STN-model-for-irace/Experiments/MMASQAP/Merged-E3-E4-60/Plots/L2/plotted-Merged-STN-i-E3-E4-60-L2-fr-F-T-F-F-NA.pdf
          used (Mb) gc trigger (Mb) max used (Mb)
Ncells  554901 29.7    1247787 66.7  1247787 66.7
Vcells 1005334  7.7    8388608 64.0  1923841 14.7
✅ Success: Generated plotted-Merged-STN-i-E3-E4-60-L2-fr-F-T-F-F-NA.pdf
>> Plotting: plotted-Merged-STN-i-E3-E4-60-L3-fr-T-T-T-T-NA.pdf

Attaching package: ‘igraph’

The following objects are masked from ‘package:stats’:

    decompose, spectrum

The following object is masked from ‘package:base’:

    union

Warning message:
In ifelse(!is.null(params$zoom_quantile), as.numeric(params$zoom_quantile),  :
  NAs introduced by coercion
Merged STN-i plot saved successfully to: /home/imperialdramon/Tesis/STN-model-for-irace/Experiments/MMASQAP/Merged-E3-E4-60/Plots/L3/plotted-Merged-STN-i-E3-E4-60-L3-fr-T-T-T-T-NA.pdf
          used (Mb) gc trigger (Mb) max used (Mb)
Ncells  555545 29.7    1250424 66.8  1250424 66.8
Vcells 1000074  7.7    8388608 64.0  4410552 33.7
✅ Success: Generated plotted-Merged-STN-i-E3-E4-60-L3-fr-T-T-T-T-NA.pdf
>> Plotting: plotted-Merged-STN-i-E3-E4-60-L3-fr-T-T-T-F-NA.pdf

Attaching package: ‘igraph’

The following objects are masked from ‘package:stats’:

    decompose, spectrum

The following object is masked from ‘package:base’:

    union

Warning message:
In ifelse(!is.null(params$zoom_quantile), as.numeric(params$zoom_quantile),  :
  NAs introduced by coercion
Merged STN-i plot saved successfully to: /home/imperialdramon/Tesis/STN-model-for-irace/Experiments/MMASQAP/Merged-E3-E4-60/Plots/L3/plotted-Merged-STN-i-E3-E4-60-L3-fr-T-T-T-F-NA.pdf
         used (Mb) gc trigger (Mb) max used (Mb)
Ncells 553487 29.6    1241052 66.3  1241052 66.3
Vcells 989579  7.6    8388608 64.0  1923841 14.7
✅ Success: Generated plotted-Merged-STN-i-E3-E4-60-L3-fr-T-T-T-F-NA.pdf
>> Plotting: plotted-Merged-STN-i-E3-E4-60-L3-fr-F-T-F-F-NA.pdf

Attaching package: ‘igraph’

The following objects are masked from ‘package:stats’:

    decompose, spectrum

The following object is masked from ‘package:base’:

    union

Warning message:
In ifelse(!is.null(params$zoom_quantile), as.numeric(params$zoom_quantile),  :
  NAs introduced by coercion
Merged STN-i plot saved successfully to: /home/imperialdramon/Tesis/STN-model-for-irace/Experiments/MMASQAP/Merged-E3-E4-60/Plots/L3/plotted-Merged-STN-i-E3-E4-60-L3-fr-F-T-F-F-NA.pdf
         used (Mb) gc trigger (Mb) max used (Mb)
Ncells 553347 29.6    1239692 66.3  1218251 65.1
Vcells 988418  7.6    8388608 64.0  1923841 14.7
✅ Success: Generated plotted-Merged-STN-i-E3-E4-60-L3-fr-F-T-F-F-NA.pdf
=== Merged STN-i plotting finished at Tue Jul  1 23:26:55 -04 2025 ===
