=== STN-i plotting started at Fri Jun 20 20:28:01 -04 2025 ===
=== Processing algorithm: ACOTSP ===
>> Plotting: plotted-STN-i-E1-BL-WSR-2000-L1-fr-T-T-NA.pdf

Attaching package: ‘igraph’

The following objects are masked from ‘package:stats’:

    decompose, spectrum

The following object is masked from ‘package:base’:

    union

Warning message:
In ifelse(!is.null(params$zoom_quantile), as.numeric(params$zoom_quantile),  :
  NAs introduced by coercion
STN-i plot saved successfully to: /home/imperialdramon/Tesis/STN-model-for-irace/Experiments/ACOTSP/E1-BL-WSR-2000/Plots/plotted-STN-i-E1-BL-WSR-2000-L1-fr-T-T-NA.pdf
✅ Success: Generated plotted-STN-i-E1-BL-WSR-2000-L1-fr-T-T-NA.pdf
>> Plotting: plotted-STN-i-E1-BL-WSR-2000-L1-fr-T-T-0.25.pdf

Attaching package: ‘igraph’

The following objects are masked from ‘package:stats’:

    decompose, spectrum

The following object is masked from ‘package:base’:

    union

STN-i plot saved successfully to: /home/imperialdramon/Tesis/STN-model-for-irace/Experiments/ACOTSP/E1-BL-WSR-2000/Plots/plotted-STN-i-E1-BL-WSR-2000-L1-fr-T-T-0.25.pdf
✅ Success: Generated plotted-STN-i-E1-BL-WSR-2000-L1-fr-T-T-0.25.pdf
>> Plotting: plotted-STN-i-E1-BL-WSR-2000-L1-fr-T-T-0.5.pdf

Attaching package: ‘igraph’

The following objects are masked from ‘package:stats’:

    decompose, spectrum

The following object is masked from ‘package:base’:

    union

STN-i plot saved successfully to: /home/imperialdramon/Tesis/STN-model-for-irace/Experiments/ACOTSP/E1-BL-WSR-2000/Plots/plotted-STN-i-E1-BL-WSR-2000-L1-fr-T-T-0.5.pdf
✅ Success: Generated plotted-STN-i-E1-BL-WSR-2000-L1-fr-T-T-0.5.pdf
>> Plotting: plotted-STN-i-E1-BL-WSR-2000-L1-fr-T-T-0.75.pdf

Attaching package: ‘igraph’

The following objects are masked from ‘package:stats’:

    decompose, spectrum

The following object is masked from ‘package:base’:

    union

STN-i plot saved successfully to: /home/imperialdramon/Tesis/STN-model-for-irace/Experiments/ACOTSP/E1-BL-WSR-2000/Plots/plotted-STN-i-E1-BL-WSR-2000-L1-fr-T-T-0.75.pdf
✅ Success: Generated plotted-STN-i-E1-BL-WSR-2000-L1-fr-T-T-0.75.pdf
>> Plotting: plotted-STN-i-E1-BL-WSR-2000-L1-fr-T-F-NA.pdf

Attaching package: ‘igraph’

The following objects are masked from ‘package:stats’:

    decompose, spectrum

The following object is masked from ‘package:base’:

    union

Warning message:
In ifelse(!is.null(params$zoom_quantile), as.numeric(params$zoom_quantile),  :
  NAs introduced by coercion
STN-i plot saved successfully to: /home/imperialdramon/Tesis/STN-model-for-irace/Experiments/ACOTSP/E1-BL-WSR-2000/Plots/plotted-STN-i-E1-BL-WSR-2000-L1-fr-T-F-NA.pdf
✅ Success: Generated plotted-STN-i-E1-BL-WSR-2000-L1-fr-T-F-NA.pdf
>> Plotting: plotted-STN-i-E1-BL-WSR-2000-L1-fr-T-F-0.25.pdf

Attaching package: ‘igraph’

The following objects are masked from ‘package:stats’:

    decompose, spectrum

The following object is masked from ‘package:base’:

    union

STN-i plot saved successfully to: /home/imperialdramon/Tesis/STN-model-for-irace/Experiments/ACOTSP/E1-BL-WSR-2000/Plots/plotted-STN-i-E1-BL-WSR-2000-L1-fr-T-F-0.25.pdf
✅ Success: Generated plotted-STN-i-E1-BL-WSR-2000-L1-fr-T-F-0.25.pdf
>> Plotting: plotted-STN-i-E1-BL-WSR-2000-L1-fr-T-F-0.5.pdf

Attaching package: ‘igraph’

The following objects are masked from ‘package:stats’:

    decompose, spectrum

The following object is masked from ‘package:base’:

    union

STN-i plot saved successfully to: /home/imperialdramon/Tesis/STN-model-for-irace/Experiments/ACOTSP/E1-BL-WSR-2000/Plots/plotted-STN-i-E1-BL-WSR-2000-L1-fr-T-F-0.5.pdf
✅ Success: Generated plotted-STN-i-E1-BL-WSR-2000-L1-fr-T-F-0.5.pdf
>> Plotting: plotted-STN-i-E1-BL-WSR-2000-L1-fr-T-F-0.75.pdf

Attaching package: ‘igraph’

The following objects are masked from ‘package:stats’:

    decompose, spectrum

The following object is masked from ‘package:base’:

    union

STN-i plot saved successfully to: /home/imperialdramon/Tesis/STN-model-for-irace/Experiments/ACOTSP/E1-BL-WSR-2000/Plots/plotted-STN-i-E1-BL-WSR-2000-L1-fr-T-F-0.75.pdf
✅ Success: Generated plotted-STN-i-E1-BL-WSR-2000-L1-fr-T-F-0.75.pdf
>> Plotting: plotted-STN-i-E1-BL-WSR-2000-L1-fr-F-F-NA.pdf

Attaching package: ‘igraph’

The following objects are masked from ‘package:stats’:

    decompose, spectrum

The following object is masked from ‘package:base’:

    union

Warning message:
In ifelse(!is.null(params$zoom_quantile), as.numeric(params$zoom_quantile),  :
  NAs introduced by coercion
STN-i plot saved successfully to: /home/imperialdramon/Tesis/STN-model-for-irace/Experiments/ACOTSP/E1-BL-WSR-2000/Plots/plotted-STN-i-E1-BL-WSR-2000-L1-fr-F-F-NA.pdf
✅ Success: Generated plotted-STN-i-E1-BL-WSR-2000-L1-fr-F-F-NA.pdf
>> Plotting: plotted-STN-i-E1-BL-WSR-2000-L1-fr-F-F-0.25.pdf

Attaching package: ‘igraph’

The following objects are masked from ‘package:stats’:

    decompose, spectrum

The following object is masked from ‘package:base’:

    union

STN-i plot saved successfully to: /home/imperialdramon/Tesis/STN-model-for-irace/Experiments/ACOTSP/E1-BL-WSR-2000/Plots/plotted-STN-i-E1-BL-WSR-2000-L1-fr-F-F-0.25.pdf
✅ Success: Generated plotted-STN-i-E1-BL-WSR-2000-L1-fr-F-F-0.25.pdf
>> Plotting: plotted-STN-i-E1-BL-WSR-2000-L1-fr-F-F-0.5.pdf

Attaching package: ‘igraph’

The following objects are masked from ‘package:stats’:

    decompose, spectrum

The following object is masked from ‘package:base’:

    union

STN-i plot saved successfully to: /home/imperialdramon/Tesis/STN-model-for-irace/Experiments/ACOTSP/E1-BL-WSR-2000/Plots/plotted-STN-i-E1-BL-WSR-2000-L1-fr-F-F-0.5.pdf
✅ Success: Generated plotted-STN-i-E1-BL-WSR-2000-L1-fr-F-F-0.5.pdf
>> Plotting: plotted-STN-i-E1-BL-WSR-2000-L1-fr-F-F-0.75.pdf

Attaching package: ‘igraph’

The following objects are masked from ‘package:stats’:

    decompose, spectrum

The following object is masked from ‘package:base’:

    union

STN-i plot saved successfully to: /home/imperialdramon/Tesis/STN-model-for-irace/Experiments/ACOTSP/E1-BL-WSR-2000/Plots/plotted-STN-i-E1-BL-WSR-2000-L1-fr-F-F-0.75.pdf
✅ Success: Generated plotted-STN-i-E1-BL-WSR-2000-L1-fr-F-F-0.75.pdf
>> Plotting: plotted-STN-i-E1-BL-WSR-2000-L1-kk-T-T-NA.pdf

Attaching package: ‘igraph’

The following objects are masked from ‘package:stats’:

    decompose, spectrum

The following object is masked from ‘package:base’:

    union

Warning message:
In ifelse(!is.null(params$zoom_quantile), as.numeric(params$zoom_quantile),  :
  NAs introduced by coercion
STN-i plot saved successfully to: /home/imperialdramon/Tesis/STN-model-for-irace/Experiments/ACOTSP/E1-BL-WSR-2000/Plots/plotted-STN-i-E1-BL-WSR-2000-L1-kk-T-T-NA.pdf
✅ Success: Generated plotted-STN-i-E1-BL-WSR-2000-L1-kk-T-T-NA.pdf
>> Plotting: plotted-STN-i-E1-BL-WSR-2000-L1-kk-T-T-0.25.pdf

Attaching package: ‘igraph’

The following objects are masked from ‘package:stats’:

    decompose, spectrum

The following object is masked from ‘package:base’:

    union

STN-i plot saved successfully to: /home/imperialdramon/Tesis/STN-model-for-irace/Experiments/ACOTSP/E1-BL-WSR-2000/Plots/plotted-STN-i-E1-BL-WSR-2000-L1-kk-T-T-0.25.pdf
✅ Success: Generated plotted-STN-i-E1-BL-WSR-2000-L1-kk-T-T-0.25.pdf
>> Plotting: plotted-STN-i-E1-BL-WSR-2000-L1-kk-T-T-0.5.pdf

Attaching package: ‘igraph’

The following objects are masked from ‘package:stats’:

    decompose, spectrum

The following object is masked from ‘package:base’:

    union

STN-i plot saved successfully to: /home/imperialdramon/Tesis/STN-model-for-irace/Experiments/ACOTSP/E1-BL-WSR-2000/Plots/plotted-STN-i-E1-BL-WSR-2000-L1-kk-T-T-0.5.pdf
✅ Success: Generated plotted-STN-i-E1-BL-WSR-2000-L1-kk-T-T-0.5.pdf
>> Plotting: plotted-STN-i-E1-BL-WSR-2000-L1-kk-T-T-0.75.pdf

Attaching package: ‘igraph’

The following objects are masked from ‘package:stats’:

    decompose, spectrum

The following object is masked from ‘package:base’:

    union

STN-i plot saved successfully to: /home/imperialdramon/Tesis/STN-model-for-irace/Experiments/ACOTSP/E1-BL-WSR-2000/Plots/plotted-STN-i-E1-BL-WSR-2000-L1-kk-T-T-0.75.pdf
✅ Success: Generated plotted-STN-i-E1-BL-WSR-2000-L1-kk-T-T-0.75.pdf
>> Plotting: plotted-STN-i-E1-BL-WSR-2000-L1-kk-T-F-NA.pdf

Attaching package: ‘igraph’

The following objects are masked from ‘package:stats’:

    decompose, spectrum

The following object is masked from ‘package:base’:

    union

Warning message:
In ifelse(!is.null(params$zoom_quantile), as.numeric(params$zoom_quantile),  :
  NAs introduced by coercion
STN-i plot saved successfully to: /home/imperialdramon/Tesis/STN-model-for-irace/Experiments/ACOTSP/E1-BL-WSR-2000/Plots/plotted-STN-i-E1-BL-WSR-2000-L1-kk-T-F-NA.pdf
✅ Success: Generated plotted-STN-i-E1-BL-WSR-2000-L1-kk-T-F-NA.pdf
>> Plotting: plotted-STN-i-E1-BL-WSR-2000-L1-kk-T-F-0.25.pdf

Attaching package: ‘igraph’

The following objects are masked from ‘package:stats’:

    decompose, spectrum

The following object is masked from ‘package:base’:

    union

STN-i plot saved successfully to: /home/imperialdramon/Tesis/STN-model-for-irace/Experiments/ACOTSP/E1-BL-WSR-2000/Plots/plotted-STN-i-E1-BL-WSR-2000-L1-kk-T-F-0.25.pdf
✅ Success: Generated plotted-STN-i-E1-BL-WSR-2000-L1-kk-T-F-0.25.pdf
>> Plotting: plotted-STN-i-E1-BL-WSR-2000-L1-kk-T-F-0.5.pdf

Attaching package: ‘igraph’

The following objects are masked from ‘package:stats’:

    decompose, spectrum

The following object is masked from ‘package:base’:

    union

STN-i plot saved successfully to: /home/imperialdramon/Tesis/STN-model-for-irace/Experiments/ACOTSP/E1-BL-WSR-2000/Plots/plotted-STN-i-E1-BL-WSR-2000-L1-kk-T-F-0.5.pdf
✅ Success: Generated plotted-STN-i-E1-BL-WSR-2000-L1-kk-T-F-0.5.pdf
>> Plotting: plotted-STN-i-E1-BL-WSR-2000-L1-kk-T-F-0.75.pdf

Attaching package: ‘igraph’

The following objects are masked from ‘package:stats’:

    decompose, spectrum

The following object is masked from ‘package:base’:

    union

STN-i plot saved successfully to: /home/imperialdramon/Tesis/STN-model-for-irace/Experiments/ACOTSP/E1-BL-WSR-2000/Plots/plotted-STN-i-E1-BL-WSR-2000-L1-kk-T-F-0.75.pdf
✅ Success: Generated plotted-STN-i-E1-BL-WSR-2000-L1-kk-T-F-0.75.pdf
>> Plotting: plotted-STN-i-E1-BL-WSR-2000-L1-kk-F-F-NA.pdf

Attaching package: ‘igraph’

The following objects are masked from ‘package:stats’:

    decompose, spectrum

The following object is masked from ‘package:base’:

    union

Warning message:
In ifelse(!is.null(params$zoom_quantile), as.numeric(params$zoom_quantile),  :
  NAs introduced by coercion
STN-i plot saved successfully to: /home/imperialdramon/Tesis/STN-model-for-irace/Experiments/ACOTSP/E1-BL-WSR-2000/Plots/plotted-STN-i-E1-BL-WSR-2000-L1-kk-F-F-NA.pdf
✅ Success: Generated plotted-STN-i-E1-BL-WSR-2000-L1-kk-F-F-NA.pdf
>> Plotting: plotted-STN-i-E1-BL-WSR-2000-L1-kk-F-F-0.25.pdf

Attaching package: ‘igraph’

The following objects are masked from ‘package:stats’:

    decompose, spectrum

The following object is masked from ‘package:base’:

    union

STN-i plot saved successfully to: /home/imperialdramon/Tesis/STN-model-for-irace/Experiments/ACOTSP/E1-BL-WSR-2000/Plots/plotted-STN-i-E1-BL-WSR-2000-L1-kk-F-F-0.25.pdf
✅ Success: Generated plotted-STN-i-E1-BL-WSR-2000-L1-kk-F-F-0.25.pdf
>> Plotting: plotted-STN-i-E1-BL-WSR-2000-L1-kk-F-F-0.5.pdf

Attaching package: ‘igraph’

The following objects are masked from ‘package:stats’:

    decompose, spectrum

The following object is masked from ‘package:base’:

    union

STN-i plot saved successfully to: /home/imperialdramon/Tesis/STN-model-for-irace/Experiments/ACOTSP/E1-BL-WSR-2000/Plots/plotted-STN-i-E1-BL-WSR-2000-L1-kk-F-F-0.5.pdf
✅ Success: Generated plotted-STN-i-E1-BL-WSR-2000-L1-kk-F-F-0.5.pdf
>> Plotting: plotted-STN-i-E1-BL-WSR-2000-L1-kk-F-F-0.75.pdf

Attaching package: ‘igraph’

The following objects are masked from ‘package:stats’:

    decompose, spectrum

The following object is masked from ‘package:base’:

    union

STN-i plot saved successfully to: /home/imperialdramon/Tesis/STN-model-for-irace/Experiments/ACOTSP/E1-BL-WSR-2000/Plots/plotted-STN-i-E1-BL-WSR-2000-L1-kk-F-F-0.75.pdf
✅ Success: Generated plotted-STN-i-E1-BL-WSR-2000-L1-kk-F-F-0.75.pdf
>> Plotting: plotted-STN-i-E1-BL-WSR-2000-L1-circle-T-T-NA.pdf

Attaching package: ‘igraph’

The following objects are masked from ‘package:stats’:

    decompose, spectrum

The following object is masked from ‘package:base’:

    union

Warning message:
In ifelse(!is.null(params$zoom_quantile), as.numeric(params$zoom_quantile),  :
  NAs introduced by coercion
STN-i plot saved successfully to: /home/imperialdramon/Tesis/STN-model-for-irace/Experiments/ACOTSP/E1-BL-WSR-2000/Plots/plotted-STN-i-E1-BL-WSR-2000-L1-circle-T-T-NA.pdf
✅ Success: Generated plotted-STN-i-E1-BL-WSR-2000-L1-circle-T-T-NA.pdf
>> Plotting: plotted-STN-i-E1-BL-WSR-2000-L1-circle-T-T-0.25.pdf

Attaching package: ‘igraph’

The following objects are masked from ‘package:stats’:

    decompose, spectrum

The following object is masked from ‘package:base’:

    union

STN-i plot saved successfully to: /home/imperialdramon/Tesis/STN-model-for-irace/Experiments/ACOTSP/E1-BL-WSR-2000/Plots/plotted-STN-i-E1-BL-WSR-2000-L1-circle-T-T-0.25.pdf
✅ Success: Generated plotted-STN-i-E1-BL-WSR-2000-L1-circle-T-T-0.25.pdf
>> Plotting: plotted-STN-i-E1-BL-WSR-2000-L1-circle-T-T-0.5.pdf

Attaching package: ‘igraph’

The following objects are masked from ‘package:stats’:

    decompose, spectrum

The following object is masked from ‘package:base’:

    union

STN-i plot saved successfully to: /home/imperialdramon/Tesis/STN-model-for-irace/Experiments/ACOTSP/E1-BL-WSR-2000/Plots/plotted-STN-i-E1-BL-WSR-2000-L1-circle-T-T-0.5.pdf
✅ Success: Generated plotted-STN-i-E1-BL-WSR-2000-L1-circle-T-T-0.5.pdf
>> Plotting: plotted-STN-i-E1-BL-WSR-2000-L1-circle-T-T-0.75.pdf

Attaching package: ‘igraph’

The following objects are masked from ‘package:stats’:

    decompose, spectrum

The following object is masked from ‘package:base’:

    union

STN-i plot saved successfully to: /home/imperialdramon/Tesis/STN-model-for-irace/Experiments/ACOTSP/E1-BL-WSR-2000/Plots/plotted-STN-i-E1-BL-WSR-2000-L1-circle-T-T-0.75.pdf
✅ Success: Generated plotted-STN-i-E1-BL-WSR-2000-L1-circle-T-T-0.75.pdf
>> Plotting: plotted-STN-i-E1-BL-WSR-2000-L1-circle-T-F-NA.pdf

Attaching package: ‘igraph’

The following objects are masked from ‘package:stats’:

    decompose, spectrum

The following object is masked from ‘package:base’:

    union

Warning message:
In ifelse(!is.null(params$zoom_quantile), as.numeric(params$zoom_quantile),  :
  NAs introduced by coercion
STN-i plot saved successfully to: /home/imperialdramon/Tesis/STN-model-for-irace/Experiments/ACOTSP/E1-BL-WSR-2000/Plots/plotted-STN-i-E1-BL-WSR-2000-L1-circle-T-F-NA.pdf
✅ Success: Generated plotted-STN-i-E1-BL-WSR-2000-L1-circle-T-F-NA.pdf
>> Plotting: plotted-STN-i-E1-BL-WSR-2000-L1-circle-T-F-0.25.pdf

Attaching package: ‘igraph’

The following objects are masked from ‘package:stats’:

    decompose, spectrum

The following object is masked from ‘package:base’:

    union

STN-i plot saved successfully to: /home/imperialdramon/Tesis/STN-model-for-irace/Experiments/ACOTSP/E1-BL-WSR-2000/Plots/plotted-STN-i-E1-BL-WSR-2000-L1-circle-T-F-0.25.pdf
✅ Success: Generated plotted-STN-i-E1-BL-WSR-2000-L1-circle-T-F-0.25.pdf
>> Plotting: plotted-STN-i-E1-BL-WSR-2000-L1-circle-T-F-0.5.pdf

Attaching package: ‘igraph’

The following objects are masked from ‘package:stats’:

    decompose, spectrum

The following object is masked from ‘package:base’:

    union

STN-i plot saved successfully to: /home/imperialdramon/Tesis/STN-model-for-irace/Experiments/ACOTSP/E1-BL-WSR-2000/Plots/plotted-STN-i-E1-BL-WSR-2000-L1-circle-T-F-0.5.pdf
✅ Success: Generated plotted-STN-i-E1-BL-WSR-2000-L1-circle-T-F-0.5.pdf
>> Plotting: plotted-STN-i-E1-BL-WSR-2000-L1-circle-T-F-0.75.pdf

Attaching package: ‘igraph’

The following objects are masked from ‘package:stats’:

    decompose, spectrum

The following object is masked from ‘package:base’:

    union

STN-i plot saved successfully to: /home/imperialdramon/Tesis/STN-model-for-irace/Experiments/ACOTSP/E1-BL-WSR-2000/Plots/plotted-STN-i-E1-BL-WSR-2000-L1-circle-T-F-0.75.pdf
✅ Success: Generated plotted-STN-i-E1-BL-WSR-2000-L1-circle-T-F-0.75.pdf
>> Plotting: plotted-STN-i-E1-BL-WSR-2000-L1-circle-F-F-NA.pdf

Attaching package: ‘igraph’

The following objects are masked from ‘package:stats’:

    decompose, spectrum

The following object is masked from ‘package:base’:

    union

Warning message:
In ifelse(!is.null(params$zoom_quantile), as.numeric(params$zoom_quantile),  :
  NAs introduced by coercion
STN-i plot saved successfully to: /home/imperialdramon/Tesis/STN-model-for-irace/Experiments/ACOTSP/E1-BL-WSR-2000/Plots/plotted-STN-i-E1-BL-WSR-2000-L1-circle-F-F-NA.pdf
✅ Success: Generated plotted-STN-i-E1-BL-WSR-2000-L1-circle-F-F-NA.pdf
>> Plotting: plotted-STN-i-E1-BL-WSR-2000-L1-circle-F-F-0.25.pdf

Attaching package: ‘igraph’

The following objects are masked from ‘package:stats’:

    decompose, spectrum

The following object is masked from ‘package:base’:

    union

STN-i plot saved successfully to: /home/imperialdramon/Tesis/STN-model-for-irace/Experiments/ACOTSP/E1-BL-WSR-2000/Plots/plotted-STN-i-E1-BL-WSR-2000-L1-circle-F-F-0.25.pdf
✅ Success: Generated plotted-STN-i-E1-BL-WSR-2000-L1-circle-F-F-0.25.pdf
>> Plotting: plotted-STN-i-E1-BL-WSR-2000-L1-circle-F-F-0.5.pdf

Attaching package: ‘igraph’

The following objects are masked from ‘package:stats’:

    decompose, spectrum

The following object is masked from ‘package:base’:

    union

STN-i plot saved successfully to: /home/imperialdramon/Tesis/STN-model-for-irace/Experiments/ACOTSP/E1-BL-WSR-2000/Plots/plotted-STN-i-E1-BL-WSR-2000-L1-circle-F-F-0.5.pdf
✅ Success: Generated plotted-STN-i-E1-BL-WSR-2000-L1-circle-F-F-0.5.pdf
>> Plotting: plotted-STN-i-E1-BL-WSR-2000-L1-circle-F-F-0.75.pdf

Attaching package: ‘igraph’

The following objects are masked from ‘package:stats’:

    decompose, spectrum

The following object is masked from ‘package:base’:

    union

STN-i plot saved successfully to: /home/imperialdramon/Tesis/STN-model-for-irace/Experiments/ACOTSP/E1-BL-WSR-2000/Plots/plotted-STN-i-E1-BL-WSR-2000-L1-circle-F-F-0.75.pdf
✅ Success: Generated plotted-STN-i-E1-BL-WSR-2000-L1-circle-F-F-0.75.pdf
>> Plotting: plotted-STN-i-E1-BL-WSR-2000-L1-grid-T-T-NA.pdf

Attaching package: ‘igraph’

The following objects are masked from ‘package:stats’:

    decompose, spectrum

The following object is masked from ‘package:base’:

    union

Warning message:
In ifelse(!is.null(params$zoom_quantile), as.numeric(params$zoom_quantile),  :
  NAs introduced by coercion
STN-i plot saved successfully to: /home/imperialdramon/Tesis/STN-model-for-irace/Experiments/ACOTSP/E1-BL-WSR-2000/Plots/plotted-STN-i-E1-BL-WSR-2000-L1-grid-T-T-NA.pdf
✅ Success: Generated plotted-STN-i-E1-BL-WSR-2000-L1-grid-T-T-NA.pdf
>> Plotting: plotted-STN-i-E1-BL-WSR-2000-L1-grid-T-T-0.25.pdf

Attaching package: ‘igraph’

The following objects are masked from ‘package:stats’:

    decompose, spectrum

The following object is masked from ‘package:base’:

    union

STN-i plot saved successfully to: /home/imperialdramon/Tesis/STN-model-for-irace/Experiments/ACOTSP/E1-BL-WSR-2000/Plots/plotted-STN-i-E1-BL-WSR-2000-L1-grid-T-T-0.25.pdf
✅ Success: Generated plotted-STN-i-E1-BL-WSR-2000-L1-grid-T-T-0.25.pdf
>> Plotting: plotted-STN-i-E1-BL-WSR-2000-L1-grid-T-T-0.5.pdf

Attaching package: ‘igraph’

The following objects are masked from ‘package:stats’:

    decompose, spectrum

The following object is masked from ‘package:base’:

    union

STN-i plot saved successfully to: /home/imperialdramon/Tesis/STN-model-for-irace/Experiments/ACOTSP/E1-BL-WSR-2000/Plots/plotted-STN-i-E1-BL-WSR-2000-L1-grid-T-T-0.5.pdf
✅ Success: Generated plotted-STN-i-E1-BL-WSR-2000-L1-grid-T-T-0.5.pdf
>> Plotting: plotted-STN-i-E1-BL-WSR-2000-L1-grid-T-T-0.75.pdf

Attaching package: ‘igraph’

The following objects are masked from ‘package:stats’:

    decompose, spectrum

The following object is masked from ‘package:base’:

    union

STN-i plot saved successfully to: /home/imperialdramon/Tesis/STN-model-for-irace/Experiments/ACOTSP/E1-BL-WSR-2000/Plots/plotted-STN-i-E1-BL-WSR-2000-L1-grid-T-T-0.75.pdf
✅ Success: Generated plotted-STN-i-E1-BL-WSR-2000-L1-grid-T-T-0.75.pdf
>> Plotting: plotted-STN-i-E1-BL-WSR-2000-L1-grid-T-F-NA.pdf

Attaching package: ‘igraph’

The following objects are masked from ‘package:stats’:

    decompose, spectrum

The following object is masked from ‘package:base’:

    union

Warning message:
In ifelse(!is.null(params$zoom_quantile), as.numeric(params$zoom_quantile),  :
  NAs introduced by coercion
STN-i plot saved successfully to: /home/imperialdramon/Tesis/STN-model-for-irace/Experiments/ACOTSP/E1-BL-WSR-2000/Plots/plotted-STN-i-E1-BL-WSR-2000-L1-grid-T-F-NA.pdf
✅ Success: Generated plotted-STN-i-E1-BL-WSR-2000-L1-grid-T-F-NA.pdf
>> Plotting: plotted-STN-i-E1-BL-WSR-2000-L1-grid-T-F-0.25.pdf

Attaching package: ‘igraph’

The following objects are masked from ‘package:stats’:

    decompose, spectrum

The following object is masked from ‘package:base’:

    union

STN-i plot saved successfully to: /home/imperialdramon/Tesis/STN-model-for-irace/Experiments/ACOTSP/E1-BL-WSR-2000/Plots/plotted-STN-i-E1-BL-WSR-2000-L1-grid-T-F-0.25.pdf
✅ Success: Generated plotted-STN-i-E1-BL-WSR-2000-L1-grid-T-F-0.25.pdf
>> Plotting: plotted-STN-i-E1-BL-WSR-2000-L1-grid-T-F-0.5.pdf

Attaching package: ‘igraph’

The following objects are masked from ‘package:stats’:

    decompose, spectrum

The following object is masked from ‘package:base’:

    union

STN-i plot saved successfully to: /home/imperialdramon/Tesis/STN-model-for-irace/Experiments/ACOTSP/E1-BL-WSR-2000/Plots/plotted-STN-i-E1-BL-WSR-2000-L1-grid-T-F-0.5.pdf
✅ Success: Generated plotted-STN-i-E1-BL-WSR-2000-L1-grid-T-F-0.5.pdf
>> Plotting: plotted-STN-i-E1-BL-WSR-2000-L1-grid-T-F-0.75.pdf

Attaching package: ‘igraph’

The following objects are masked from ‘package:stats’:

    decompose, spectrum

The following object is masked from ‘package:base’:

    union

STN-i plot saved successfully to: /home/imperialdramon/Tesis/STN-model-for-irace/Experiments/ACOTSP/E1-BL-WSR-2000/Plots/plotted-STN-i-E1-BL-WSR-2000-L1-grid-T-F-0.75.pdf
✅ Success: Generated plotted-STN-i-E1-BL-WSR-2000-L1-grid-T-F-0.75.pdf
>> Plotting: plotted-STN-i-E1-BL-WSR-2000-L1-grid-F-F-NA.pdf

Attaching package: ‘igraph’

The following objects are masked from ‘package:stats’:

    decompose, spectrum

The following object is masked from ‘package:base’:

    union

Warning message:
In ifelse(!is.null(params$zoom_quantile), as.numeric(params$zoom_quantile),  :
  NAs introduced by coercion
STN-i plot saved successfully to: /home/imperialdramon/Tesis/STN-model-for-irace/Experiments/ACOTSP/E1-BL-WSR-2000/Plots/plotted-STN-i-E1-BL-WSR-2000-L1-grid-F-F-NA.pdf
✅ Success: Generated plotted-STN-i-E1-BL-WSR-2000-L1-grid-F-F-NA.pdf
>> Plotting: plotted-STN-i-E1-BL-WSR-2000-L1-grid-F-F-0.25.pdf

Attaching package: ‘igraph’

The following objects are masked from ‘package:stats’:

    decompose, spectrum

The following object is masked from ‘package:base’:

    union

STN-i plot saved successfully to: /home/imperialdramon/Tesis/STN-model-for-irace/Experiments/ACOTSP/E1-BL-WSR-2000/Plots/plotted-STN-i-E1-BL-WSR-2000-L1-grid-F-F-0.25.pdf
✅ Success: Generated plotted-STN-i-E1-BL-WSR-2000-L1-grid-F-F-0.25.pdf
>> Plotting: plotted-STN-i-E1-BL-WSR-2000-L1-grid-F-F-0.5.pdf

Attaching package: ‘igraph’

The following objects are masked from ‘package:stats’:

    decompose, spectrum

The following object is masked from ‘package:base’:

    union

STN-i plot saved successfully to: /home/imperialdramon/Tesis/STN-model-for-irace/Experiments/ACOTSP/E1-BL-WSR-2000/Plots/plotted-STN-i-E1-BL-WSR-2000-L1-grid-F-F-0.5.pdf
✅ Success: Generated plotted-STN-i-E1-BL-WSR-2000-L1-grid-F-F-0.5.pdf
>> Plotting: plotted-STN-i-E1-BL-WSR-2000-L1-grid-F-F-0.75.pdf

Attaching package: ‘igraph’

The following objects are masked from ‘package:stats’:

    decompose, spectrum

The following object is masked from ‘package:base’:

    union

STN-i plot saved successfully to: /home/imperialdramon/Tesis/STN-model-for-irace/Experiments/ACOTSP/E1-BL-WSR-2000/Plots/plotted-STN-i-E1-BL-WSR-2000-L1-grid-F-F-0.75.pdf
✅ Success: Generated plotted-STN-i-E1-BL-WSR-2000-L1-grid-F-F-0.75.pdf
>> Plotting: plotted-STN-i-E1-BL-WSR-2000-L1-sphere-T-T-NA.pdf

Attaching package: ‘igraph’

The following objects are masked from ‘package:stats’:

    decompose, spectrum

The following object is masked from ‘package:base’:

    union

Warning message:
In ifelse(!is.null(params$zoom_quantile), as.numeric(params$zoom_quantile),  :
  NAs introduced by coercion
STN-i plot saved successfully to: /home/imperialdramon/Tesis/STN-model-for-irace/Experiments/ACOTSP/E1-BL-WSR-2000/Plots/plotted-STN-i-E1-BL-WSR-2000-L1-sphere-T-T-NA.pdf
✅ Success: Generated plotted-STN-i-E1-BL-WSR-2000-L1-sphere-T-T-NA.pdf
>> Plotting: plotted-STN-i-E1-BL-WSR-2000-L1-sphere-T-T-0.25.pdf

Attaching package: ‘igraph’

The following objects are masked from ‘package:stats’:

    decompose, spectrum

The following object is masked from ‘package:base’:

    union

STN-i plot saved successfully to: /home/imperialdramon/Tesis/STN-model-for-irace/Experiments/ACOTSP/E1-BL-WSR-2000/Plots/plotted-STN-i-E1-BL-WSR-2000-L1-sphere-T-T-0.25.pdf
✅ Success: Generated plotted-STN-i-E1-BL-WSR-2000-L1-sphere-T-T-0.25.pdf
>> Plotting: plotted-STN-i-E1-BL-WSR-2000-L1-sphere-T-T-0.5.pdf

Attaching package: ‘igraph’

The following objects are masked from ‘package:stats’:

    decompose, spectrum

The following object is masked from ‘package:base’:

    union

STN-i plot saved successfully to: /home/imperialdramon/Tesis/STN-model-for-irace/Experiments/ACOTSP/E1-BL-WSR-2000/Plots/plotted-STN-i-E1-BL-WSR-2000-L1-sphere-T-T-0.5.pdf
✅ Success: Generated plotted-STN-i-E1-BL-WSR-2000-L1-sphere-T-T-0.5.pdf
>> Plotting: plotted-STN-i-E1-BL-WSR-2000-L1-sphere-T-T-0.75.pdf

Attaching package: ‘igraph’

The following objects are masked from ‘package:stats’:

    decompose, spectrum

The following object is masked from ‘package:base’:

    union

STN-i plot saved successfully to: /home/imperialdramon/Tesis/STN-model-for-irace/Experiments/ACOTSP/E1-BL-WSR-2000/Plots/plotted-STN-i-E1-BL-WSR-2000-L1-sphere-T-T-0.75.pdf
✅ Success: Generated plotted-STN-i-E1-BL-WSR-2000-L1-sphere-T-T-0.75.pdf
>> Plotting: plotted-STN-i-E1-BL-WSR-2000-L1-sphere-T-F-NA.pdf

Attaching package: ‘igraph’

The following objects are masked from ‘package:stats’:

    decompose, spectrum

The following object is masked from ‘package:base’:

    union

Warning message:
In ifelse(!is.null(params$zoom_quantile), as.numeric(params$zoom_quantile),  :
  NAs introduced by coercion
STN-i plot saved successfully to: /home/imperialdramon/Tesis/STN-model-for-irace/Experiments/ACOTSP/E1-BL-WSR-2000/Plots/plotted-STN-i-E1-BL-WSR-2000-L1-sphere-T-F-NA.pdf
✅ Success: Generated plotted-STN-i-E1-BL-WSR-2000-L1-sphere-T-F-NA.pdf
>> Plotting: plotted-STN-i-E1-BL-WSR-2000-L1-sphere-T-F-0.25.pdf

Attaching package: ‘igraph’

The following objects are masked from ‘package:stats’:

    decompose, spectrum

The following object is masked from ‘package:base’:

    union

STN-i plot saved successfully to: /home/imperialdramon/Tesis/STN-model-for-irace/Experiments/ACOTSP/E1-BL-WSR-2000/Plots/plotted-STN-i-E1-BL-WSR-2000-L1-sphere-T-F-0.25.pdf
✅ Success: Generated plotted-STN-i-E1-BL-WSR-2000-L1-sphere-T-F-0.25.pdf
>> Plotting: plotted-STN-i-E1-BL-WSR-2000-L1-sphere-T-F-0.5.pdf

Attaching package: ‘igraph’

The following objects are masked from ‘package:stats’:

    decompose, spectrum

The following object is masked from ‘package:base’:

    union

STN-i plot saved successfully to: /home/imperialdramon/Tesis/STN-model-for-irace/Experiments/ACOTSP/E1-BL-WSR-2000/Plots/plotted-STN-i-E1-BL-WSR-2000-L1-sphere-T-F-0.5.pdf
✅ Success: Generated plotted-STN-i-E1-BL-WSR-2000-L1-sphere-T-F-0.5.pdf
>> Plotting: plotted-STN-i-E1-BL-WSR-2000-L1-sphere-T-F-0.75.pdf

Attaching package: ‘igraph’

The following objects are masked from ‘package:stats’:

    decompose, spectrum

The following object is masked from ‘package:base’:

    union

STN-i plot saved successfully to: /home/imperialdramon/Tesis/STN-model-for-irace/Experiments/ACOTSP/E1-BL-WSR-2000/Plots/plotted-STN-i-E1-BL-WSR-2000-L1-sphere-T-F-0.75.pdf
✅ Success: Generated plotted-STN-i-E1-BL-WSR-2000-L1-sphere-T-F-0.75.pdf
>> Plotting: plotted-STN-i-E1-BL-WSR-2000-L1-sphere-F-F-NA.pdf

Attaching package: ‘igraph’

The following objects are masked from ‘package:stats’:

    decompose, spectrum

The following object is masked from ‘package:base’:

    union

Warning message:
In ifelse(!is.null(params$zoom_quantile), as.numeric(params$zoom_quantile),  :
  NAs introduced by coercion
STN-i plot saved successfully to: /home/imperialdramon/Tesis/STN-model-for-irace/Experiments/ACOTSP/E1-BL-WSR-2000/Plots/plotted-STN-i-E1-BL-WSR-2000-L1-sphere-F-F-NA.pdf
✅ Success: Generated plotted-STN-i-E1-BL-WSR-2000-L1-sphere-F-F-NA.pdf
>> Plotting: plotted-STN-i-E1-BL-WSR-2000-L1-sphere-F-F-0.25.pdf

Attaching package: ‘igraph’

The following objects are masked from ‘package:stats’:

    decompose, spectrum

The following object is masked from ‘package:base’:

    union

STN-i plot saved successfully to: /home/imperialdramon/Tesis/STN-model-for-irace/Experiments/ACOTSP/E1-BL-WSR-2000/Plots/plotted-STN-i-E1-BL-WSR-2000-L1-sphere-F-F-0.25.pdf
✅ Success: Generated plotted-STN-i-E1-BL-WSR-2000-L1-sphere-F-F-0.25.pdf
>> Plotting: plotted-STN-i-E1-BL-WSR-2000-L1-sphere-F-F-0.5.pdf

Attaching package: ‘igraph’

The following objects are masked from ‘package:stats’:

    decompose, spectrum

The following object is masked from ‘package:base’:

    union

STN-i plot saved successfully to: /home/imperialdramon/Tesis/STN-model-for-irace/Experiments/ACOTSP/E1-BL-WSR-2000/Plots/plotted-STN-i-E1-BL-WSR-2000-L1-sphere-F-F-0.5.pdf
✅ Success: Generated plotted-STN-i-E1-BL-WSR-2000-L1-sphere-F-F-0.5.pdf
>> Plotting: plotted-STN-i-E1-BL-WSR-2000-L1-sphere-F-F-0.75.pdf

Attaching package: ‘igraph’

The following objects are masked from ‘package:stats’:

    decompose, spectrum

The following object is masked from ‘package:base’:

    union

STN-i plot saved successfully to: /home/imperialdramon/Tesis/STN-model-for-irace/Experiments/ACOTSP/E1-BL-WSR-2000/Plots/plotted-STN-i-E1-BL-WSR-2000-L1-sphere-F-F-0.75.pdf
✅ Success: Generated plotted-STN-i-E1-BL-WSR-2000-L1-sphere-F-F-0.75.pdf
>> Plotting: plotted-STN-i-E1-BL-WSR-2000-L1-random-T-T-NA.pdf

Attaching package: ‘igraph’

The following objects are masked from ‘package:stats’:

    decompose, spectrum

The following object is masked from ‘package:base’:

    union

Warning message:
In ifelse(!is.null(params$zoom_quantile), as.numeric(params$zoom_quantile),  :
  NAs introduced by coercion
STN-i plot saved successfully to: /home/imperialdramon/Tesis/STN-model-for-irace/Experiments/ACOTSP/E1-BL-WSR-2000/Plots/plotted-STN-i-E1-BL-WSR-2000-L1-random-T-T-NA.pdf
✅ Success: Generated plotted-STN-i-E1-BL-WSR-2000-L1-random-T-T-NA.pdf
>> Plotting: plotted-STN-i-E1-BL-WSR-2000-L1-random-T-T-0.25.pdf

Attaching package: ‘igraph’

The following objects are masked from ‘package:stats’:

    decompose, spectrum

The following object is masked from ‘package:base’:

    union

STN-i plot saved successfully to: /home/imperialdramon/Tesis/STN-model-for-irace/Experiments/ACOTSP/E1-BL-WSR-2000/Plots/plotted-STN-i-E1-BL-WSR-2000-L1-random-T-T-0.25.pdf
✅ Success: Generated plotted-STN-i-E1-BL-WSR-2000-L1-random-T-T-0.25.pdf
>> Plotting: plotted-STN-i-E1-BL-WSR-2000-L1-random-T-T-0.5.pdf

Attaching package: ‘igraph’

The following objects are masked from ‘package:stats’:

    decompose, spectrum

The following object is masked from ‘package:base’:

    union

STN-i plot saved successfully to: /home/imperialdramon/Tesis/STN-model-for-irace/Experiments/ACOTSP/E1-BL-WSR-2000/Plots/plotted-STN-i-E1-BL-WSR-2000-L1-random-T-T-0.5.pdf
✅ Success: Generated plotted-STN-i-E1-BL-WSR-2000-L1-random-T-T-0.5.pdf
>> Plotting: plotted-STN-i-E1-BL-WSR-2000-L1-random-T-T-0.75.pdf

Attaching package: ‘igraph’

The following objects are masked from ‘package:stats’:

    decompose, spectrum

The following object is masked from ‘package:base’:

    union

STN-i plot saved successfully to: /home/imperialdramon/Tesis/STN-model-for-irace/Experiments/ACOTSP/E1-BL-WSR-2000/Plots/plotted-STN-i-E1-BL-WSR-2000-L1-random-T-T-0.75.pdf
✅ Success: Generated plotted-STN-i-E1-BL-WSR-2000-L1-random-T-T-0.75.pdf
>> Plotting: plotted-STN-i-E1-BL-WSR-2000-L1-random-T-F-NA.pdf

Attaching package: ‘igraph’

The following objects are masked from ‘package:stats’:

    decompose, spectrum

The following object is masked from ‘package:base’:

    union

Warning message:
In ifelse(!is.null(params$zoom_quantile), as.numeric(params$zoom_quantile),  :
  NAs introduced by coercion
STN-i plot saved successfully to: /home/imperialdramon/Tesis/STN-model-for-irace/Experiments/ACOTSP/E1-BL-WSR-2000/Plots/plotted-STN-i-E1-BL-WSR-2000-L1-random-T-F-NA.pdf
✅ Success: Generated plotted-STN-i-E1-BL-WSR-2000-L1-random-T-F-NA.pdf
>> Plotting: plotted-STN-i-E1-BL-WSR-2000-L1-random-T-F-0.25.pdf

Attaching package: ‘igraph’

The following objects are masked from ‘package:stats’:

    decompose, spectrum

The following object is masked from ‘package:base’:

    union

STN-i plot saved successfully to: /home/imperialdramon/Tesis/STN-model-for-irace/Experiments/ACOTSP/E1-BL-WSR-2000/Plots/plotted-STN-i-E1-BL-WSR-2000-L1-random-T-F-0.25.pdf
✅ Success: Generated plotted-STN-i-E1-BL-WSR-2000-L1-random-T-F-0.25.pdf
>> Plotting: plotted-STN-i-E1-BL-WSR-2000-L1-random-T-F-0.5.pdf

Attaching package: ‘igraph’

The following objects are masked from ‘package:stats’:

    decompose, spectrum

The following object is masked from ‘package:base’:

    union

STN-i plot saved successfully to: /home/imperialdramon/Tesis/STN-model-for-irace/Experiments/ACOTSP/E1-BL-WSR-2000/Plots/plotted-STN-i-E1-BL-WSR-2000-L1-random-T-F-0.5.pdf
✅ Success: Generated plotted-STN-i-E1-BL-WSR-2000-L1-random-T-F-0.5.pdf
>> Plotting: plotted-STN-i-E1-BL-WSR-2000-L1-random-T-F-0.75.pdf

Attaching package: ‘igraph’

The following objects are masked from ‘package:stats’:

    decompose, spectrum

The following object is masked from ‘package:base’:

    union

STN-i plot saved successfully to: /home/imperialdramon/Tesis/STN-model-for-irace/Experiments/ACOTSP/E1-BL-WSR-2000/Plots/plotted-STN-i-E1-BL-WSR-2000-L1-random-T-F-0.75.pdf
✅ Success: Generated plotted-STN-i-E1-BL-WSR-2000-L1-random-T-F-0.75.pdf
>> Plotting: plotted-STN-i-E1-BL-WSR-2000-L1-random-F-F-NA.pdf

Attaching package: ‘igraph’

The following objects are masked from ‘package:stats’:

    decompose, spectrum

The following object is masked from ‘package:base’:

    union

Warning message:
In ifelse(!is.null(params$zoom_quantile), as.numeric(params$zoom_quantile),  :
  NAs introduced by coercion
STN-i plot saved successfully to: /home/imperialdramon/Tesis/STN-model-for-irace/Experiments/ACOTSP/E1-BL-WSR-2000/Plots/plotted-STN-i-E1-BL-WSR-2000-L1-random-F-F-NA.pdf
✅ Success: Generated plotted-STN-i-E1-BL-WSR-2000-L1-random-F-F-NA.pdf
>> Plotting: plotted-STN-i-E1-BL-WSR-2000-L1-random-F-F-0.25.pdf

Attaching package: ‘igraph’

The following objects are masked from ‘package:stats’:

    decompose, spectrum

The following object is masked from ‘package:base’:

    union

STN-i plot saved successfully to: /home/imperialdramon/Tesis/STN-model-for-irace/Experiments/ACOTSP/E1-BL-WSR-2000/Plots/plotted-STN-i-E1-BL-WSR-2000-L1-random-F-F-0.25.pdf
✅ Success: Generated plotted-STN-i-E1-BL-WSR-2000-L1-random-F-F-0.25.pdf
>> Plotting: plotted-STN-i-E1-BL-WSR-2000-L1-random-F-F-0.5.pdf

Attaching package: ‘igraph’

The following objects are masked from ‘package:stats’:

    decompose, spectrum

The following object is masked from ‘package:base’:

    union

STN-i plot saved successfully to: /home/imperialdramon/Tesis/STN-model-for-irace/Experiments/ACOTSP/E1-BL-WSR-2000/Plots/plotted-STN-i-E1-BL-WSR-2000-L1-random-F-F-0.5.pdf
✅ Success: Generated plotted-STN-i-E1-BL-WSR-2000-L1-random-F-F-0.5.pdf
>> Plotting: plotted-STN-i-E1-BL-WSR-2000-L1-random-F-F-0.75.pdf

Attaching package: ‘igraph’

The following objects are masked from ‘package:stats’:

    decompose, spectrum

The following object is masked from ‘package:base’:

    union

STN-i plot saved successfully to: /home/imperialdramon/Tesis/STN-model-for-irace/Experiments/ACOTSP/E1-BL-WSR-2000/Plots/plotted-STN-i-E1-BL-WSR-2000-L1-random-F-F-0.75.pdf
✅ Success: Generated plotted-STN-i-E1-BL-WSR-2000-L1-random-F-F-0.75.pdf
>> Plotting: plotted-STN-i-E1-BL-WSR-2000-L1-star-T-T-NA.pdf

Attaching package: ‘igraph’

The following objects are masked from ‘package:stats’:

    decompose, spectrum

The following object is masked from ‘package:base’:

    union

Warning message:
In ifelse(!is.null(params$zoom_quantile), as.numeric(params$zoom_quantile),  :
  NAs introduced by coercion
STN-i plot saved successfully to: /home/imperialdramon/Tesis/STN-model-for-irace/Experiments/ACOTSP/E1-BL-WSR-2000/Plots/plotted-STN-i-E1-BL-WSR-2000-L1-star-T-T-NA.pdf
✅ Success: Generated plotted-STN-i-E1-BL-WSR-2000-L1-star-T-T-NA.pdf
>> Plotting: plotted-STN-i-E1-BL-WSR-2000-L1-star-T-T-0.25.pdf

Attaching package: ‘igraph’

The following objects are masked from ‘package:stats’:

    decompose, spectrum

The following object is masked from ‘package:base’:

    union

STN-i plot saved successfully to: /home/imperialdramon/Tesis/STN-model-for-irace/Experiments/ACOTSP/E1-BL-WSR-2000/Plots/plotted-STN-i-E1-BL-WSR-2000-L1-star-T-T-0.25.pdf
✅ Success: Generated plotted-STN-i-E1-BL-WSR-2000-L1-star-T-T-0.25.pdf
>> Plotting: plotted-STN-i-E1-BL-WSR-2000-L1-star-T-T-0.5.pdf

Attaching package: ‘igraph’

The following objects are masked from ‘package:stats’:

    decompose, spectrum

The following object is masked from ‘package:base’:

    union

STN-i plot saved successfully to: /home/imperialdramon/Tesis/STN-model-for-irace/Experiments/ACOTSP/E1-BL-WSR-2000/Plots/plotted-STN-i-E1-BL-WSR-2000-L1-star-T-T-0.5.pdf
✅ Success: Generated plotted-STN-i-E1-BL-WSR-2000-L1-star-T-T-0.5.pdf
>> Plotting: plotted-STN-i-E1-BL-WSR-2000-L1-star-T-T-0.75.pdf

Attaching package: ‘igraph’

The following objects are masked from ‘package:stats’:

    decompose, spectrum

The following object is masked from ‘package:base’:

    union

STN-i plot saved successfully to: /home/imperialdramon/Tesis/STN-model-for-irace/Experiments/ACOTSP/E1-BL-WSR-2000/Plots/plotted-STN-i-E1-BL-WSR-2000-L1-star-T-T-0.75.pdf
✅ Success: Generated plotted-STN-i-E1-BL-WSR-2000-L1-star-T-T-0.75.pdf
>> Plotting: plotted-STN-i-E1-BL-WSR-2000-L1-star-T-F-NA.pdf

Attaching package: ‘igraph’

The following objects are masked from ‘package:stats’:

    decompose, spectrum

The following object is masked from ‘package:base’:

    union

Warning message:
In ifelse(!is.null(params$zoom_quantile), as.numeric(params$zoom_quantile),  :
  NAs introduced by coercion
STN-i plot saved successfully to: /home/imperialdramon/Tesis/STN-model-for-irace/Experiments/ACOTSP/E1-BL-WSR-2000/Plots/plotted-STN-i-E1-BL-WSR-2000-L1-star-T-F-NA.pdf
✅ Success: Generated plotted-STN-i-E1-BL-WSR-2000-L1-star-T-F-NA.pdf
>> Plotting: plotted-STN-i-E1-BL-WSR-2000-L1-star-T-F-0.25.pdf

Attaching package: ‘igraph’

The following objects are masked from ‘package:stats’:

    decompose, spectrum

The following object is masked from ‘package:base’:

    union

STN-i plot saved successfully to: /home/imperialdramon/Tesis/STN-model-for-irace/Experiments/ACOTSP/E1-BL-WSR-2000/Plots/plotted-STN-i-E1-BL-WSR-2000-L1-star-T-F-0.25.pdf
✅ Success: Generated plotted-STN-i-E1-BL-WSR-2000-L1-star-T-F-0.25.pdf
>> Plotting: plotted-STN-i-E1-BL-WSR-2000-L1-star-T-F-0.5.pdf

Attaching package: ‘igraph’

The following objects are masked from ‘package:stats’:

    decompose, spectrum

The following object is masked from ‘package:base’:

    union

STN-i plot saved successfully to: /home/imperialdramon/Tesis/STN-model-for-irace/Experiments/ACOTSP/E1-BL-WSR-2000/Plots/plotted-STN-i-E1-BL-WSR-2000-L1-star-T-F-0.5.pdf
✅ Success: Generated plotted-STN-i-E1-BL-WSR-2000-L1-star-T-F-0.5.pdf
>> Plotting: plotted-STN-i-E1-BL-WSR-2000-L1-star-T-F-0.75.pdf

Attaching package: ‘igraph’

The following objects are masked from ‘package:stats’:

    decompose, spectrum

The following object is masked from ‘package:base’:

    union

STN-i plot saved successfully to: /home/imperialdramon/Tesis/STN-model-for-irace/Experiments/ACOTSP/E1-BL-WSR-2000/Plots/plotted-STN-i-E1-BL-WSR-2000-L1-star-T-F-0.75.pdf
✅ Success: Generated plotted-STN-i-E1-BL-WSR-2000-L1-star-T-F-0.75.pdf
>> Plotting: plotted-STN-i-E1-BL-WSR-2000-L1-star-F-F-NA.pdf

Attaching package: ‘igraph’

The following objects are masked from ‘package:stats’:

    decompose, spectrum

The following object is masked from ‘package:base’:

    union

Warning message:
In ifelse(!is.null(params$zoom_quantile), as.numeric(params$zoom_quantile),  :
  NAs introduced by coercion
STN-i plot saved successfully to: /home/imperialdramon/Tesis/STN-model-for-irace/Experiments/ACOTSP/E1-BL-WSR-2000/Plots/plotted-STN-i-E1-BL-WSR-2000-L1-star-F-F-NA.pdf
✅ Success: Generated plotted-STN-i-E1-BL-WSR-2000-L1-star-F-F-NA.pdf
>> Plotting: plotted-STN-i-E1-BL-WSR-2000-L1-star-F-F-0.25.pdf

Attaching package: ‘igraph’

The following objects are masked from ‘package:stats’:

    decompose, spectrum

The following object is masked from ‘package:base’:

    union

STN-i plot saved successfully to: /home/imperialdramon/Tesis/STN-model-for-irace/Experiments/ACOTSP/E1-BL-WSR-2000/Plots/plotted-STN-i-E1-BL-WSR-2000-L1-star-F-F-0.25.pdf
✅ Success: Generated plotted-STN-i-E1-BL-WSR-2000-L1-star-F-F-0.25.pdf
>> Plotting: plotted-STN-i-E1-BL-WSR-2000-L1-star-F-F-0.5.pdf

Attaching package: ‘igraph’

The following objects are masked from ‘package:stats’:

    decompose, spectrum

The following object is masked from ‘package:base’:

    union

STN-i plot saved successfully to: /home/imperialdramon/Tesis/STN-model-for-irace/Experiments/ACOTSP/E1-BL-WSR-2000/Plots/plotted-STN-i-E1-BL-WSR-2000-L1-star-F-F-0.5.pdf
✅ Success: Generated plotted-STN-i-E1-BL-WSR-2000-L1-star-F-F-0.5.pdf
>> Plotting: plotted-STN-i-E1-BL-WSR-2000-L1-star-F-F-0.75.pdf

Attaching package: ‘igraph’

The following objects are masked from ‘package:stats’:

    decompose, spectrum

The following object is masked from ‘package:base’:

    union

STN-i plot saved successfully to: /home/imperialdramon/Tesis/STN-model-for-irace/Experiments/ACOTSP/E1-BL-WSR-2000/Plots/plotted-STN-i-E1-BL-WSR-2000-L1-star-F-F-0.75.pdf
✅ Success: Generated plotted-STN-i-E1-BL-WSR-2000-L1-star-F-F-0.75.pdf
>> Plotting: plotted-STN-i-E1-BL-WSR-2000-L1-tree-T-T-NA.pdf

Attaching package: ‘igraph’

The following objects are masked from ‘package:stats’:

    decompose, spectrum

The following object is masked from ‘package:base’:

    union

Warning message:
In ifelse(!is.null(params$zoom_quantile), as.numeric(params$zoom_quantile),  :
  NAs introduced by coercion
STN-i plot saved successfully to: /home/imperialdramon/Tesis/STN-model-for-irace/Experiments/ACOTSP/E1-BL-WSR-2000/Plots/plotted-STN-i-E1-BL-WSR-2000-L1-tree-T-T-NA.pdf
✅ Success: Generated plotted-STN-i-E1-BL-WSR-2000-L1-tree-T-T-NA.pdf
>> Plotting: plotted-STN-i-E1-BL-WSR-2000-L1-tree-T-T-0.25.pdf

Attaching package: ‘igraph’

The following objects are masked from ‘package:stats’:

    decompose, spectrum

The following object is masked from ‘package:base’:

    union

STN-i plot saved successfully to: /home/imperialdramon/Tesis/STN-model-for-irace/Experiments/ACOTSP/E1-BL-WSR-2000/Plots/plotted-STN-i-E1-BL-WSR-2000-L1-tree-T-T-0.25.pdf
✅ Success: Generated plotted-STN-i-E1-BL-WSR-2000-L1-tree-T-T-0.25.pdf
>> Plotting: plotted-STN-i-E1-BL-WSR-2000-L1-tree-T-T-0.5.pdf

Attaching package: ‘igraph’

The following objects are masked from ‘package:stats’:

    decompose, spectrum

The following object is masked from ‘package:base’:

    union

STN-i plot saved successfully to: /home/imperialdramon/Tesis/STN-model-for-irace/Experiments/ACOTSP/E1-BL-WSR-2000/Plots/plotted-STN-i-E1-BL-WSR-2000-L1-tree-T-T-0.5.pdf
✅ Success: Generated plotted-STN-i-E1-BL-WSR-2000-L1-tree-T-T-0.5.pdf
>> Plotting: plotted-STN-i-E1-BL-WSR-2000-L1-tree-T-T-0.75.pdf

Attaching package: ‘igraph’

The following objects are masked from ‘package:stats’:

    decompose, spectrum

The following object is masked from ‘package:base’:

    union

STN-i plot saved successfully to: /home/imperialdramon/Tesis/STN-model-for-irace/Experiments/ACOTSP/E1-BL-WSR-2000/Plots/plotted-STN-i-E1-BL-WSR-2000-L1-tree-T-T-0.75.pdf
✅ Success: Generated plotted-STN-i-E1-BL-WSR-2000-L1-tree-T-T-0.75.pdf
>> Plotting: plotted-STN-i-E1-BL-WSR-2000-L1-tree-T-F-NA.pdf

Attaching package: ‘igraph’

The following objects are masked from ‘package:stats’:

    decompose, spectrum

The following object is masked from ‘package:base’:

    union

Warning message:
In ifelse(!is.null(params$zoom_quantile), as.numeric(params$zoom_quantile),  :
  NAs introduced by coercion
STN-i plot saved successfully to: /home/imperialdramon/Tesis/STN-model-for-irace/Experiments/ACOTSP/E1-BL-WSR-2000/Plots/plotted-STN-i-E1-BL-WSR-2000-L1-tree-T-F-NA.pdf
✅ Success: Generated plotted-STN-i-E1-BL-WSR-2000-L1-tree-T-F-NA.pdf
>> Plotting: plotted-STN-i-E1-BL-WSR-2000-L1-tree-T-F-0.25.pdf

Attaching package: ‘igraph’

The following objects are masked from ‘package:stats’:

    decompose, spectrum

The following object is masked from ‘package:base’:

    union

STN-i plot saved successfully to: /home/imperialdramon/Tesis/STN-model-for-irace/Experiments/ACOTSP/E1-BL-WSR-2000/Plots/plotted-STN-i-E1-BL-WSR-2000-L1-tree-T-F-0.25.pdf
✅ Success: Generated plotted-STN-i-E1-BL-WSR-2000-L1-tree-T-F-0.25.pdf
>> Plotting: plotted-STN-i-E1-BL-WSR-2000-L1-tree-T-F-0.5.pdf

Attaching package: ‘igraph’

The following objects are masked from ‘package:stats’:

    decompose, spectrum

The following object is masked from ‘package:base’:

    union

STN-i plot saved successfully to: /home/imperialdramon/Tesis/STN-model-for-irace/Experiments/ACOTSP/E1-BL-WSR-2000/Plots/plotted-STN-i-E1-BL-WSR-2000-L1-tree-T-F-0.5.pdf
✅ Success: Generated plotted-STN-i-E1-BL-WSR-2000-L1-tree-T-F-0.5.pdf
>> Plotting: plotted-STN-i-E1-BL-WSR-2000-L1-tree-T-F-0.75.pdf

Attaching package: ‘igraph’

The following objects are masked from ‘package:stats’:

    decompose, spectrum

The following object is masked from ‘package:base’:

    union

STN-i plot saved successfully to: /home/imperialdramon/Tesis/STN-model-for-irace/Experiments/ACOTSP/E1-BL-WSR-2000/Plots/plotted-STN-i-E1-BL-WSR-2000-L1-tree-T-F-0.75.pdf
✅ Success: Generated plotted-STN-i-E1-BL-WSR-2000-L1-tree-T-F-0.75.pdf
>> Plotting: plotted-STN-i-E1-BL-WSR-2000-L1-tree-F-F-NA.pdf

Attaching package: ‘igraph’

The following objects are masked from ‘package:stats’:

    decompose, spectrum

The following object is masked from ‘package:base’:

    union

Warning message:
In ifelse(!is.null(params$zoom_quantile), as.numeric(params$zoom_quantile),  :
  NAs introduced by coercion
STN-i plot saved successfully to: /home/imperialdramon/Tesis/STN-model-for-irace/Experiments/ACOTSP/E1-BL-WSR-2000/Plots/plotted-STN-i-E1-BL-WSR-2000-L1-tree-F-F-NA.pdf
✅ Success: Generated plotted-STN-i-E1-BL-WSR-2000-L1-tree-F-F-NA.pdf
>> Plotting: plotted-STN-i-E1-BL-WSR-2000-L1-tree-F-F-0.25.pdf

Attaching package: ‘igraph’

The following objects are masked from ‘package:stats’:

    decompose, spectrum

The following object is masked from ‘package:base’:

    union

STN-i plot saved successfully to: /home/imperialdramon/Tesis/STN-model-for-irace/Experiments/ACOTSP/E1-BL-WSR-2000/Plots/plotted-STN-i-E1-BL-WSR-2000-L1-tree-F-F-0.25.pdf
✅ Success: Generated plotted-STN-i-E1-BL-WSR-2000-L1-tree-F-F-0.25.pdf
>> Plotting: plotted-STN-i-E1-BL-WSR-2000-L1-tree-F-F-0.5.pdf

Attaching package: ‘igraph’

The following objects are masked from ‘package:stats’:

    decompose, spectrum

The following object is masked from ‘package:base’:

    union

STN-i plot saved successfully to: /home/imperialdramon/Tesis/STN-model-for-irace/Experiments/ACOTSP/E1-BL-WSR-2000/Plots/plotted-STN-i-E1-BL-WSR-2000-L1-tree-F-F-0.5.pdf
✅ Success: Generated plotted-STN-i-E1-BL-WSR-2000-L1-tree-F-F-0.5.pdf
>> Plotting: plotted-STN-i-E1-BL-WSR-2000-L1-tree-F-F-0.75.pdf

Attaching package: ‘igraph’

The following objects are masked from ‘package:stats’:

    decompose, spectrum

The following object is masked from ‘package:base’:

    union

STN-i plot saved successfully to: /home/imperialdramon/Tesis/STN-model-for-irace/Experiments/ACOTSP/E1-BL-WSR-2000/Plots/plotted-STN-i-E1-BL-WSR-2000-L1-tree-F-F-0.75.pdf
✅ Success: Generated plotted-STN-i-E1-BL-WSR-2000-L1-tree-F-F-0.75.pdf
>> Plotting: plotted-STN-i-E1-BL-WSR-2000-L1-reingold-T-T-NA.pdf

Attaching package: ‘igraph’

The following objects are masked from ‘package:stats’:

    decompose, spectrum

The following object is masked from ‘package:base’:

    union

Warning message:
In ifelse(!is.null(params$zoom_quantile), as.numeric(params$zoom_quantile),  :
  NAs introduced by coercion
Error in layout_reingold_tilford(g) : 
  could not find function "layout_reingold_tilford"
Calls: get_layout_data
Execution halted
❌ Error: Failed to generate plotted-STN-i-E1-BL-WSR-2000-L1-reingold-T-T-NA.pdf
>> Plotting: plotted-STN-i-E1-BL-WSR-2000-L1-reingold-T-T-0.25.pdf

Attaching package: ‘igraph’

The following objects are masked from ‘package:stats’:

    decompose, spectrum

The following object is masked from ‘package:base’:

    union

Error in layout_reingold_tilford(g) : 
  could not find function "layout_reingold_tilford"
Calls: get_layout_data
Execution halted
❌ Error: Failed to generate plotted-STN-i-E1-BL-WSR-2000-L1-reingold-T-T-0.25.pdf
>> Plotting: plotted-STN-i-E1-BL-WSR-2000-L1-reingold-T-T-0.5.pdf

Attaching package: ‘igraph’

The following objects are masked from ‘package:stats’:

    decompose, spectrum

The following object is masked from ‘package:base’:

    union

Error in layout_reingold_tilford(g) : 
  could not find function "layout_reingold_tilford"
Calls: get_layout_data
Execution halted
❌ Error: Failed to generate plotted-STN-i-E1-BL-WSR-2000-L1-reingold-T-T-0.5.pdf
>> Plotting: plotted-STN-i-E1-BL-WSR-2000-L1-reingold-T-T-0.75.pdf

Attaching package: ‘igraph’

The following objects are masked from ‘package:stats’:

    decompose, spectrum

The following object is masked from ‘package:base’:

    union

Error in layout_reingold_tilford(g) : 
  could not find function "layout_reingold_tilford"
Calls: get_layout_data
Execution halted
❌ Error: Failed to generate plotted-STN-i-E1-BL-WSR-2000-L1-reingold-T-T-0.75.pdf
>> Plotting: plotted-STN-i-E1-BL-WSR-2000-L1-reingold-T-F-NA.pdf

Attaching package: ‘igraph’

The following objects are masked from ‘package:stats’:

    decompose, spectrum

The following object is masked from ‘package:base’:

    union

Warning message:
In ifelse(!is.null(params$zoom_quantile), as.numeric(params$zoom_quantile),  :
  NAs introduced by coercion
Error in layout_reingold_tilford(g) : 
  could not find function "layout_reingold_tilford"
Calls: get_layout_data
Execution halted
❌ Error: Failed to generate plotted-STN-i-E1-BL-WSR-2000-L1-reingold-T-F-NA.pdf
>> Plotting: plotted-STN-i-E1-BL-WSR-2000-L1-reingold-T-F-0.25.pdf

Attaching package: ‘igraph’

The following objects are masked from ‘package:stats’:

    decompose, spectrum

The following object is masked from ‘package:base’:

    union

Error in layout_reingold_tilford(g) : 
  could not find function "layout_reingold_tilford"
Calls: get_layout_data
Execution halted
❌ Error: Failed to generate plotted-STN-i-E1-BL-WSR-2000-L1-reingold-T-F-0.25.pdf
>> Plotting: plotted-STN-i-E1-BL-WSR-2000-L1-reingold-T-F-0.5.pdf

Attaching package: ‘igraph’

The following objects are masked from ‘package:stats’:

    decompose, spectrum

The following object is masked from ‘package:base’:

    union

Error in layout_reingold_tilford(g) : 
  could not find function "layout_reingold_tilford"
Calls: get_layout_data
Execution halted
❌ Error: Failed to generate plotted-STN-i-E1-BL-WSR-2000-L1-reingold-T-F-0.5.pdf
>> Plotting: plotted-STN-i-E1-BL-WSR-2000-L1-reingold-T-F-0.75.pdf

Attaching package: ‘igraph’

The following objects are masked from ‘package:stats’:

    decompose, spectrum

The following object is masked from ‘package:base’:

    union

Error in layout_reingold_tilford(g) : 
  could not find function "layout_reingold_tilford"
Calls: get_layout_data
Execution halted
❌ Error: Failed to generate plotted-STN-i-E1-BL-WSR-2000-L1-reingold-T-F-0.75.pdf
>> Plotting: plotted-STN-i-E1-BL-WSR-2000-L1-reingold-F-F-NA.pdf

Attaching package: ‘igraph’

The following objects are masked from ‘package:stats’:

    decompose, spectrum

The following object is masked from ‘package:base’:

    union

Warning message:
In ifelse(!is.null(params$zoom_quantile), as.numeric(params$zoom_quantile),  :
  NAs introduced by coercion
Error in layout_reingold_tilford(g) : 
  could not find function "layout_reingold_tilford"
Calls: get_layout_data
Execution halted
❌ Error: Failed to generate plotted-STN-i-E1-BL-WSR-2000-L1-reingold-F-F-NA.pdf
>> Plotting: plotted-STN-i-E1-BL-WSR-2000-L1-reingold-F-F-0.25.pdf

Attaching package: ‘igraph’

The following objects are masked from ‘package:stats’:

    decompose, spectrum

The following object is masked from ‘package:base’:

    union

Error in layout_reingold_tilford(g) : 
  could not find function "layout_reingold_tilford"
Calls: get_layout_data
Execution halted
❌ Error: Failed to generate plotted-STN-i-E1-BL-WSR-2000-L1-reingold-F-F-0.25.pdf
>> Plotting: plotted-STN-i-E1-BL-WSR-2000-L1-reingold-F-F-0.5.pdf

Attaching package: ‘igraph’

The following objects are masked from ‘package:stats’:

    decompose, spectrum

The following object is masked from ‘package:base’:

    union

Error in layout_reingold_tilford(g) : 
  could not find function "layout_reingold_tilford"
Calls: get_layout_data
Execution halted
❌ Error: Failed to generate plotted-STN-i-E1-BL-WSR-2000-L1-reingold-F-F-0.5.pdf
>> Plotting: plotted-STN-i-E1-BL-WSR-2000-L1-reingold-F-F-0.75.pdf

Attaching package: ‘igraph’

The following objects are masked from ‘package:stats’:

    decompose, spectrum

The following object is masked from ‘package:base’:

    union

Error in layout_reingold_tilford(g) : 
  could not find function "layout_reingold_tilford"
Calls: get_layout_data
Execution halted
❌ Error: Failed to generate plotted-STN-i-E1-BL-WSR-2000-L1-reingold-F-F-0.75.pdf
>> Plotting: plotted-STN-i-E1-BL-WSR-2000-L1-mds-T-T-NA.pdf

Attaching package: ‘igraph’

The following objects are masked from ‘package:stats’:

    decompose, spectrum

The following object is masked from ‘package:base’:

    union

Warning message:
In ifelse(!is.null(params$zoom_quantile), as.numeric(params$zoom_quantile),  :
  NAs introduced by coercion
Error in ec[, 3:4] <- t(sapply(seq(length.out = nrow(el)), function(x) { : 
  incorrect number of subscripts on matrix
Calls: save_stn_i_plot -> plot -> plot.igraph
Execution halted
❌ Error: Failed to generate plotted-STN-i-E1-BL-WSR-2000-L1-mds-T-T-NA.pdf
>> Plotting: plotted-STN-i-E1-BL-WSR-2000-L1-mds-T-T-0.25.pdf

Attaching package: ‘igraph’

The following objects are masked from ‘package:stats’:

    decompose, spectrum

The following object is masked from ‘package:base’:

    union

STN-i plot saved successfully to: /home/imperialdramon/Tesis/STN-model-for-irace/Experiments/ACOTSP/E1-BL-WSR-2000/Plots/plotted-STN-i-E1-BL-WSR-2000-L1-mds-T-T-0.25.pdf
✅ Success: Generated plotted-STN-i-E1-BL-WSR-2000-L1-mds-T-T-0.25.pdf
>> Plotting: plotted-STN-i-E1-BL-WSR-2000-L1-mds-T-T-0.5.pdf

Attaching package: ‘igraph’

The following objects are masked from ‘package:stats’:

    decompose, spectrum

The following object is masked from ‘package:base’:

    union

STN-i plot saved successfully to: /home/imperialdramon/Tesis/STN-model-for-irace/Experiments/ACOTSP/E1-BL-WSR-2000/Plots/plotted-STN-i-E1-BL-WSR-2000-L1-mds-T-T-0.5.pdf
✅ Success: Generated plotted-STN-i-E1-BL-WSR-2000-L1-mds-T-T-0.5.pdf
>> Plotting: plotted-STN-i-E1-BL-WSR-2000-L1-mds-T-T-0.75.pdf

Attaching package: ‘igraph’

The following objects are masked from ‘package:stats’:

    decompose, spectrum

The following object is masked from ‘package:base’:

    union

STN-i plot saved successfully to: /home/imperialdramon/Tesis/STN-model-for-irace/Experiments/ACOTSP/E1-BL-WSR-2000/Plots/plotted-STN-i-E1-BL-WSR-2000-L1-mds-T-T-0.75.pdf
✅ Success: Generated plotted-STN-i-E1-BL-WSR-2000-L1-mds-T-T-0.75.pdf
>> Plotting: plotted-STN-i-E1-BL-WSR-2000-L1-mds-T-F-NA.pdf

Attaching package: ‘igraph’

The following objects are masked from ‘package:stats’:

    decompose, spectrum

The following object is masked from ‘package:base’:

    union

Warning message:
In ifelse(!is.null(params$zoom_quantile), as.numeric(params$zoom_quantile),  :
  NAs introduced by coercion
Error in ec[, 3:4] <- t(sapply(seq(length.out = nrow(el)), function(x) { : 
  incorrect number of subscripts on matrix
Calls: save_stn_i_plot -> plot -> plot.igraph
Execution halted
❌ Error: Failed to generate plotted-STN-i-E1-BL-WSR-2000-L1-mds-T-F-NA.pdf
>> Plotting: plotted-STN-i-E1-BL-WSR-2000-L1-mds-T-F-0.25.pdf

Attaching package: ‘igraph’

The following objects are masked from ‘package:stats’:

    decompose, spectrum

The following object is masked from ‘package:base’:

    union

STN-i plot saved successfully to: /home/imperialdramon/Tesis/STN-model-for-irace/Experiments/ACOTSP/E1-BL-WSR-2000/Plots/plotted-STN-i-E1-BL-WSR-2000-L1-mds-T-F-0.25.pdf
✅ Success: Generated plotted-STN-i-E1-BL-WSR-2000-L1-mds-T-F-0.25.pdf
>> Plotting: plotted-STN-i-E1-BL-WSR-2000-L1-mds-T-F-0.5.pdf

Attaching package: ‘igraph’

The following objects are masked from ‘package:stats’:

    decompose, spectrum

The following object is masked from ‘package:base’:

    union

STN-i plot saved successfully to: /home/imperialdramon/Tesis/STN-model-for-irace/Experiments/ACOTSP/E1-BL-WSR-2000/Plots/plotted-STN-i-E1-BL-WSR-2000-L1-mds-T-F-0.5.pdf
✅ Success: Generated plotted-STN-i-E1-BL-WSR-2000-L1-mds-T-F-0.5.pdf
>> Plotting: plotted-STN-i-E1-BL-WSR-2000-L1-mds-T-F-0.75.pdf

Attaching package: ‘igraph’

The following objects are masked from ‘package:stats’:

    decompose, spectrum

The following object is masked from ‘package:base’:

    union

STN-i plot saved successfully to: /home/imperialdramon/Tesis/STN-model-for-irace/Experiments/ACOTSP/E1-BL-WSR-2000/Plots/plotted-STN-i-E1-BL-WSR-2000-L1-mds-T-F-0.75.pdf
✅ Success: Generated plotted-STN-i-E1-BL-WSR-2000-L1-mds-T-F-0.75.pdf
>> Plotting: plotted-STN-i-E1-BL-WSR-2000-L1-mds-F-F-NA.pdf

Attaching package: ‘igraph’

The following objects are masked from ‘package:stats’:

    decompose, spectrum

The following object is masked from ‘package:base’:

    union

Warning message:
In ifelse(!is.null(params$zoom_quantile), as.numeric(params$zoom_quantile),  :
  NAs introduced by coercion
STN-i plot saved successfully to: /home/imperialdramon/Tesis/STN-model-for-irace/Experiments/ACOTSP/E1-BL-WSR-2000/Plots/plotted-STN-i-E1-BL-WSR-2000-L1-mds-F-F-NA.pdf
✅ Success: Generated plotted-STN-i-E1-BL-WSR-2000-L1-mds-F-F-NA.pdf
>> Plotting: plotted-STN-i-E1-BL-WSR-2000-L1-mds-F-F-0.25.pdf

Attaching package: ‘igraph’

The following objects are masked from ‘package:stats’:

    decompose, spectrum

The following object is masked from ‘package:base’:

    union

STN-i plot saved successfully to: /home/imperialdramon/Tesis/STN-model-for-irace/Experiments/ACOTSP/E1-BL-WSR-2000/Plots/plotted-STN-i-E1-BL-WSR-2000-L1-mds-F-F-0.25.pdf
✅ Success: Generated plotted-STN-i-E1-BL-WSR-2000-L1-mds-F-F-0.25.pdf
>> Plotting: plotted-STN-i-E1-BL-WSR-2000-L1-mds-F-F-0.5.pdf

Attaching package: ‘igraph’

The following objects are masked from ‘package:stats’:

    decompose, spectrum

The following object is masked from ‘package:base’:

    union

STN-i plot saved successfully to: /home/imperialdramon/Tesis/STN-model-for-irace/Experiments/ACOTSP/E1-BL-WSR-2000/Plots/plotted-STN-i-E1-BL-WSR-2000-L1-mds-F-F-0.5.pdf
✅ Success: Generated plotted-STN-i-E1-BL-WSR-2000-L1-mds-F-F-0.5.pdf
>> Plotting: plotted-STN-i-E1-BL-WSR-2000-L1-mds-F-F-0.75.pdf

Attaching package: ‘igraph’

The following objects are masked from ‘package:stats’:

    decompose, spectrum

The following object is masked from ‘package:base’:

    union

STN-i plot saved successfully to: /home/imperialdramon/Tesis/STN-model-for-irace/Experiments/ACOTSP/E1-BL-WSR-2000/Plots/plotted-STN-i-E1-BL-WSR-2000-L1-mds-F-F-0.75.pdf
✅ Success: Generated plotted-STN-i-E1-BL-WSR-2000-L1-mds-F-F-0.75.pdf
>> Plotting: plotted-STN-i-E1-BL-WSR-2000-L1-drl-T-T-NA.pdf

Attaching package: ‘igraph’

The following objects are masked from ‘package:stats’:

    decompose, spectrum

The following object is masked from ‘package:base’:

    union

Warning message:
In ifelse(!is.null(params$zoom_quantile), as.numeric(params$zoom_quantile),  :
  NAs introduced by coercion
STN-i plot saved successfully to: /home/imperialdramon/Tesis/STN-model-for-irace/Experiments/ACOTSP/E1-BL-WSR-2000/Plots/plotted-STN-i-E1-BL-WSR-2000-L1-drl-T-T-NA.pdf
✅ Success: Generated plotted-STN-i-E1-BL-WSR-2000-L1-drl-T-T-NA.pdf
>> Plotting: plotted-STN-i-E1-BL-WSR-2000-L1-drl-T-T-0.25.pdf

Attaching package: ‘igraph’

The following objects are masked from ‘package:stats’:

    decompose, spectrum

The following object is masked from ‘package:base’:

    union

STN-i plot saved successfully to: /home/imperialdramon/Tesis/STN-model-for-irace/Experiments/ACOTSP/E1-BL-WSR-2000/Plots/plotted-STN-i-E1-BL-WSR-2000-L1-drl-T-T-0.25.pdf
✅ Success: Generated plotted-STN-i-E1-BL-WSR-2000-L1-drl-T-T-0.25.pdf
>> Plotting: plotted-STN-i-E1-BL-WSR-2000-L1-drl-T-T-0.5.pdf

Attaching package: ‘igraph’

The following objects are masked from ‘package:stats’:

    decompose, spectrum

The following object is masked from ‘package:base’:

    union

STN-i plot saved successfully to: /home/imperialdramon/Tesis/STN-model-for-irace/Experiments/ACOTSP/E1-BL-WSR-2000/Plots/plotted-STN-i-E1-BL-WSR-2000-L1-drl-T-T-0.5.pdf
✅ Success: Generated plotted-STN-i-E1-BL-WSR-2000-L1-drl-T-T-0.5.pdf
>> Plotting: plotted-STN-i-E1-BL-WSR-2000-L1-drl-T-T-0.75.pdf

Attaching package: ‘igraph’

The following objects are masked from ‘package:stats’:

    decompose, spectrum

The following object is masked from ‘package:base’:

    union

STN-i plot saved successfully to: /home/imperialdramon/Tesis/STN-model-for-irace/Experiments/ACOTSP/E1-BL-WSR-2000/Plots/plotted-STN-i-E1-BL-WSR-2000-L1-drl-T-T-0.75.pdf
✅ Success: Generated plotted-STN-i-E1-BL-WSR-2000-L1-drl-T-T-0.75.pdf
>> Plotting: plotted-STN-i-E1-BL-WSR-2000-L1-drl-T-F-NA.pdf

Attaching package: ‘igraph’

The following objects are masked from ‘package:stats’:

    decompose, spectrum

The following object is masked from ‘package:base’:

    union

Warning message:
In ifelse(!is.null(params$zoom_quantile), as.numeric(params$zoom_quantile),  :
  NAs introduced by coercion
STN-i plot saved successfully to: /home/imperialdramon/Tesis/STN-model-for-irace/Experiments/ACOTSP/E1-BL-WSR-2000/Plots/plotted-STN-i-E1-BL-WSR-2000-L1-drl-T-F-NA.pdf
✅ Success: Generated plotted-STN-i-E1-BL-WSR-2000-L1-drl-T-F-NA.pdf
>> Plotting: plotted-STN-i-E1-BL-WSR-2000-L1-drl-T-F-0.25.pdf

Attaching package: ‘igraph’

The following objects are masked from ‘package:stats’:

    decompose, spectrum

The following object is masked from ‘package:base’:

    union

STN-i plot saved successfully to: /home/imperialdramon/Tesis/STN-model-for-irace/Experiments/ACOTSP/E1-BL-WSR-2000/Plots/plotted-STN-i-E1-BL-WSR-2000-L1-drl-T-F-0.25.pdf
✅ Success: Generated plotted-STN-i-E1-BL-WSR-2000-L1-drl-T-F-0.25.pdf
>> Plotting: plotted-STN-i-E1-BL-WSR-2000-L1-drl-T-F-0.5.pdf

Attaching package: ‘igraph’

The following objects are masked from ‘package:stats’:

    decompose, spectrum

The following object is masked from ‘package:base’:

    union

STN-i plot saved successfully to: /home/imperialdramon/Tesis/STN-model-for-irace/Experiments/ACOTSP/E1-BL-WSR-2000/Plots/plotted-STN-i-E1-BL-WSR-2000-L1-drl-T-F-0.5.pdf
✅ Success: Generated plotted-STN-i-E1-BL-WSR-2000-L1-drl-T-F-0.5.pdf
>> Plotting: plotted-STN-i-E1-BL-WSR-2000-L1-drl-T-F-0.75.pdf

Attaching package: ‘igraph’

The following objects are masked from ‘package:stats’:

    decompose, spectrum

The following object is masked from ‘package:base’:

    union

STN-i plot saved successfully to: /home/imperialdramon/Tesis/STN-model-for-irace/Experiments/ACOTSP/E1-BL-WSR-2000/Plots/plotted-STN-i-E1-BL-WSR-2000-L1-drl-T-F-0.75.pdf
✅ Success: Generated plotted-STN-i-E1-BL-WSR-2000-L1-drl-T-F-0.75.pdf
>> Plotting: plotted-STN-i-E1-BL-WSR-2000-L1-drl-F-F-NA.pdf

Attaching package: ‘igraph’

The following objects are masked from ‘package:stats’:

    decompose, spectrum

The following object is masked from ‘package:base’:

    union

Warning message:
In ifelse(!is.null(params$zoom_quantile), as.numeric(params$zoom_quantile),  :
  NAs introduced by coercion
STN-i plot saved successfully to: /home/imperialdramon/Tesis/STN-model-for-irace/Experiments/ACOTSP/E1-BL-WSR-2000/Plots/plotted-STN-i-E1-BL-WSR-2000-L1-drl-F-F-NA.pdf
✅ Success: Generated plotted-STN-i-E1-BL-WSR-2000-L1-drl-F-F-NA.pdf
>> Plotting: plotted-STN-i-E1-BL-WSR-2000-L1-drl-F-F-0.25.pdf

Attaching package: ‘igraph’

The following objects are masked from ‘package:stats’:

    decompose, spectrum

The following object is masked from ‘package:base’:

    union

STN-i plot saved successfully to: /home/imperialdramon/Tesis/STN-model-for-irace/Experiments/ACOTSP/E1-BL-WSR-2000/Plots/plotted-STN-i-E1-BL-WSR-2000-L1-drl-F-F-0.25.pdf
✅ Success: Generated plotted-STN-i-E1-BL-WSR-2000-L1-drl-F-F-0.25.pdf
>> Plotting: plotted-STN-i-E1-BL-WSR-2000-L1-drl-F-F-0.5.pdf

Attaching package: ‘igraph’

The following objects are masked from ‘package:stats’:

    decompose, spectrum

The following object is masked from ‘package:base’:

    union

STN-i plot saved successfully to: /home/imperialdramon/Tesis/STN-model-for-irace/Experiments/ACOTSP/E1-BL-WSR-2000/Plots/plotted-STN-i-E1-BL-WSR-2000-L1-drl-F-F-0.5.pdf
✅ Success: Generated plotted-STN-i-E1-BL-WSR-2000-L1-drl-F-F-0.5.pdf
>> Plotting: plotted-STN-i-E1-BL-WSR-2000-L1-drl-F-F-0.75.pdf

Attaching package: ‘igraph’

The following objects are masked from ‘package:stats’:

    decompose, spectrum

The following object is masked from ‘package:base’:

    union

STN-i plot saved successfully to: /home/imperialdramon/Tesis/STN-model-for-irace/Experiments/ACOTSP/E1-BL-WSR-2000/Plots/plotted-STN-i-E1-BL-WSR-2000-L1-drl-F-F-0.75.pdf
✅ Success: Generated plotted-STN-i-E1-BL-WSR-2000-L1-drl-F-F-0.75.pdf
>> Plotting: plotted-STN-i-E1-BL-WSR-2000-L1-lgl-T-T-NA.pdf

Attaching package: ‘igraph’

The following objects are masked from ‘package:stats’:

    decompose, spectrum

The following object is masked from ‘package:base’:

    union

Warning message:
In ifelse(!is.null(params$zoom_quantile), as.numeric(params$zoom_quantile),  :
  NAs introduced by coercion
Warning message:
In layout_with_lgl(g) :
  At vendor/cigraph/src/layout/large_graph.c:179 : LGL layout does not support disconnected graphs yet.
STN-i plot saved successfully to: /home/imperialdramon/Tesis/STN-model-for-irace/Experiments/ACOTSP/E1-BL-WSR-2000/Plots/plotted-STN-i-E1-BL-WSR-2000-L1-lgl-T-T-NA.pdf
✅ Success: Generated plotted-STN-i-E1-BL-WSR-2000-L1-lgl-T-T-NA.pdf
>> Plotting: plotted-STN-i-E1-BL-WSR-2000-L1-lgl-T-T-0.25.pdf

Attaching package: ‘igraph’

The following objects are masked from ‘package:stats’:

    decompose, spectrum

The following object is masked from ‘package:base’:

    union

Warning message:
In layout_with_lgl(g) :
  At vendor/cigraph/src/layout/large_graph.c:179 : LGL layout does not support disconnected graphs yet.
STN-i plot saved successfully to: /home/imperialdramon/Tesis/STN-model-for-irace/Experiments/ACOTSP/E1-BL-WSR-2000/Plots/plotted-STN-i-E1-BL-WSR-2000-L1-lgl-T-T-0.25.pdf
✅ Success: Generated plotted-STN-i-E1-BL-WSR-2000-L1-lgl-T-T-0.25.pdf
>> Plotting: plotted-STN-i-E1-BL-WSR-2000-L1-lgl-T-T-0.5.pdf

Attaching package: ‘igraph’

The following objects are masked from ‘package:stats’:

    decompose, spectrum

The following object is masked from ‘package:base’:

    union

Warning message:
In layout_with_lgl(g) :
  At vendor/cigraph/src/layout/large_graph.c:179 : LGL layout does not support disconnected graphs yet.
STN-i plot saved successfully to: /home/imperialdramon/Tesis/STN-model-for-irace/Experiments/ACOTSP/E1-BL-WSR-2000/Plots/plotted-STN-i-E1-BL-WSR-2000-L1-lgl-T-T-0.5.pdf
✅ Success: Generated plotted-STN-i-E1-BL-WSR-2000-L1-lgl-T-T-0.5.pdf
>> Plotting: plotted-STN-i-E1-BL-WSR-2000-L1-lgl-T-T-0.75.pdf

Attaching package: ‘igraph’

The following objects are masked from ‘package:stats’:

    decompose, spectrum

The following object is masked from ‘package:base’:

    union

Warning message:
In layout_with_lgl(g) :
  At vendor/cigraph/src/layout/large_graph.c:179 : LGL layout does not support disconnected graphs yet.
STN-i plot saved successfully to: /home/imperialdramon/Tesis/STN-model-for-irace/Experiments/ACOTSP/E1-BL-WSR-2000/Plots/plotted-STN-i-E1-BL-WSR-2000-L1-lgl-T-T-0.75.pdf
✅ Success: Generated plotted-STN-i-E1-BL-WSR-2000-L1-lgl-T-T-0.75.pdf
>> Plotting: plotted-STN-i-E1-BL-WSR-2000-L1-lgl-T-F-NA.pdf

Attaching package: ‘igraph’

The following objects are masked from ‘package:stats’:

    decompose, spectrum

The following object is masked from ‘package:base’:

    union

Warning message:
In ifelse(!is.null(params$zoom_quantile), as.numeric(params$zoom_quantile),  :
  NAs introduced by coercion
Warning message:
In layout_with_lgl(g) :
  At vendor/cigraph/src/layout/large_graph.c:179 : LGL layout does not support disconnected graphs yet.
STN-i plot saved successfully to: /home/imperialdramon/Tesis/STN-model-for-irace/Experiments/ACOTSP/E1-BL-WSR-2000/Plots/plotted-STN-i-E1-BL-WSR-2000-L1-lgl-T-F-NA.pdf
✅ Success: Generated plotted-STN-i-E1-BL-WSR-2000-L1-lgl-T-F-NA.pdf
>> Plotting: plotted-STN-i-E1-BL-WSR-2000-L1-lgl-T-F-0.25.pdf

Attaching package: ‘igraph’

The following objects are masked from ‘package:stats’:

    decompose, spectrum

The following object is masked from ‘package:base’:

    union

Warning message:
In layout_with_lgl(g) :
  At vendor/cigraph/src/layout/large_graph.c:179 : LGL layout does not support disconnected graphs yet.
STN-i plot saved successfully to: /home/imperialdramon/Tesis/STN-model-for-irace/Experiments/ACOTSP/E1-BL-WSR-2000/Plots/plotted-STN-i-E1-BL-WSR-2000-L1-lgl-T-F-0.25.pdf
✅ Success: Generated plotted-STN-i-E1-BL-WSR-2000-L1-lgl-T-F-0.25.pdf
>> Plotting: plotted-STN-i-E1-BL-WSR-2000-L1-lgl-T-F-0.5.pdf

Attaching package: ‘igraph’

The following objects are masked from ‘package:stats’:

    decompose, spectrum

The following object is masked from ‘package:base’:

    union

Warning message:
In layout_with_lgl(g) :
  At vendor/cigraph/src/layout/large_graph.c:179 : LGL layout does not support disconnected graphs yet.
STN-i plot saved successfully to: /home/imperialdramon/Tesis/STN-model-for-irace/Experiments/ACOTSP/E1-BL-WSR-2000/Plots/plotted-STN-i-E1-BL-WSR-2000-L1-lgl-T-F-0.5.pdf
✅ Success: Generated plotted-STN-i-E1-BL-WSR-2000-L1-lgl-T-F-0.5.pdf
>> Plotting: plotted-STN-i-E1-BL-WSR-2000-L1-lgl-T-F-0.75.pdf

Attaching package: ‘igraph’

The following objects are masked from ‘package:stats’:

    decompose, spectrum

The following object is masked from ‘package:base’:

    union

Warning message:
In layout_with_lgl(g) :
  At vendor/cigraph/src/layout/large_graph.c:179 : LGL layout does not support disconnected graphs yet.
STN-i plot saved successfully to: /home/imperialdramon/Tesis/STN-model-for-irace/Experiments/ACOTSP/E1-BL-WSR-2000/Plots/plotted-STN-i-E1-BL-WSR-2000-L1-lgl-T-F-0.75.pdf
✅ Success: Generated plotted-STN-i-E1-BL-WSR-2000-L1-lgl-T-F-0.75.pdf
>> Plotting: plotted-STN-i-E1-BL-WSR-2000-L1-lgl-F-F-NA.pdf

Attaching package: ‘igraph’

The following objects are masked from ‘package:stats’:

    decompose, spectrum

The following object is masked from ‘package:base’:

    union

Warning message:
In ifelse(!is.null(params$zoom_quantile), as.numeric(params$zoom_quantile),  :
  NAs introduced by coercion
Warning message:
In layout_with_lgl(g) :
  At vendor/cigraph/src/layout/large_graph.c:179 : LGL layout does not support disconnected graphs yet.
STN-i plot saved successfully to: /home/imperialdramon/Tesis/STN-model-for-irace/Experiments/ACOTSP/E1-BL-WSR-2000/Plots/plotted-STN-i-E1-BL-WSR-2000-L1-lgl-F-F-NA.pdf
✅ Success: Generated plotted-STN-i-E1-BL-WSR-2000-L1-lgl-F-F-NA.pdf
>> Plotting: plotted-STN-i-E1-BL-WSR-2000-L1-lgl-F-F-0.25.pdf

Attaching package: ‘igraph’

The following objects are masked from ‘package:stats’:

    decompose, spectrum

The following object is masked from ‘package:base’:

    union

Warning message:
In layout_with_lgl(g) :
  At vendor/cigraph/src/layout/large_graph.c:179 : LGL layout does not support disconnected graphs yet.
STN-i plot saved successfully to: /home/imperialdramon/Tesis/STN-model-for-irace/Experiments/ACOTSP/E1-BL-WSR-2000/Plots/plotted-STN-i-E1-BL-WSR-2000-L1-lgl-F-F-0.25.pdf
✅ Success: Generated plotted-STN-i-E1-BL-WSR-2000-L1-lgl-F-F-0.25.pdf
>> Plotting: plotted-STN-i-E1-BL-WSR-2000-L1-lgl-F-F-0.5.pdf

Attaching package: ‘igraph’

The following objects are masked from ‘package:stats’:

    decompose, spectrum

The following object is masked from ‘package:base’:

    union

Warning message:
In layout_with_lgl(g) :
  At vendor/cigraph/src/layout/large_graph.c:179 : LGL layout does not support disconnected graphs yet.
STN-i plot saved successfully to: /home/imperialdramon/Tesis/STN-model-for-irace/Experiments/ACOTSP/E1-BL-WSR-2000/Plots/plotted-STN-i-E1-BL-WSR-2000-L1-lgl-F-F-0.5.pdf
✅ Success: Generated plotted-STN-i-E1-BL-WSR-2000-L1-lgl-F-F-0.5.pdf
>> Plotting: plotted-STN-i-E1-BL-WSR-2000-L1-lgl-F-F-0.75.pdf

Attaching package: ‘igraph’

The following objects are masked from ‘package:stats’:

    decompose, spectrum

The following object is masked from ‘package:base’:

    union

Warning message:
In layout_with_lgl(g) :
  At vendor/cigraph/src/layout/large_graph.c:179 : LGL layout does not support disconnected graphs yet.
STN-i plot saved successfully to: /home/imperialdramon/Tesis/STN-model-for-irace/Experiments/ACOTSP/E1-BL-WSR-2000/Plots/plotted-STN-i-E1-BL-WSR-2000-L1-lgl-F-F-0.75.pdf
✅ Success: Generated plotted-STN-i-E1-BL-WSR-2000-L1-lgl-F-F-0.75.pdf
>> Plotting: plotted-STN-i-E1-BL-WSR-2000-L1-graphopt-T-T-NA.pdf

Attaching package: ‘igraph’

The following objects are masked from ‘package:stats’:

    decompose, spectrum

The following object is masked from ‘package:base’:

    union

Warning message:
In ifelse(!is.null(params$zoom_quantile), as.numeric(params$zoom_quantile),  :
  NAs introduced by coercion
STN-i plot saved successfully to: /home/imperialdramon/Tesis/STN-model-for-irace/Experiments/ACOTSP/E1-BL-WSR-2000/Plots/plotted-STN-i-E1-BL-WSR-2000-L1-graphopt-T-T-NA.pdf
✅ Success: Generated plotted-STN-i-E1-BL-WSR-2000-L1-graphopt-T-T-NA.pdf
>> Plotting: plotted-STN-i-E1-BL-WSR-2000-L1-graphopt-T-T-0.25.pdf

Attaching package: ‘igraph’

The following objects are masked from ‘package:stats’:

    decompose, spectrum

The following object is masked from ‘package:base’:

    union

STN-i plot saved successfully to: /home/imperialdramon/Tesis/STN-model-for-irace/Experiments/ACOTSP/E1-BL-WSR-2000/Plots/plotted-STN-i-E1-BL-WSR-2000-L1-graphopt-T-T-0.25.pdf
✅ Success: Generated plotted-STN-i-E1-BL-WSR-2000-L1-graphopt-T-T-0.25.pdf
>> Plotting: plotted-STN-i-E1-BL-WSR-2000-L1-graphopt-T-T-0.5.pdf

Attaching package: ‘igraph’

The following objects are masked from ‘package:stats’:

    decompose, spectrum

The following object is masked from ‘package:base’:

    union

STN-i plot saved successfully to: /home/imperialdramon/Tesis/STN-model-for-irace/Experiments/ACOTSP/E1-BL-WSR-2000/Plots/plotted-STN-i-E1-BL-WSR-2000-L1-graphopt-T-T-0.5.pdf
✅ Success: Generated plotted-STN-i-E1-BL-WSR-2000-L1-graphopt-T-T-0.5.pdf
>> Plotting: plotted-STN-i-E1-BL-WSR-2000-L1-graphopt-T-T-0.75.pdf

Attaching package: ‘igraph’

The following objects are masked from ‘package:stats’:

    decompose, spectrum

The following object is masked from ‘package:base’:

    union

STN-i plot saved successfully to: /home/imperialdramon/Tesis/STN-model-for-irace/Experiments/ACOTSP/E1-BL-WSR-2000/Plots/plotted-STN-i-E1-BL-WSR-2000-L1-graphopt-T-T-0.75.pdf
✅ Success: Generated plotted-STN-i-E1-BL-WSR-2000-L1-graphopt-T-T-0.75.pdf
>> Plotting: plotted-STN-i-E1-BL-WSR-2000-L1-graphopt-T-F-NA.pdf

Attaching package: ‘igraph’

The following objects are masked from ‘package:stats’:

    decompose, spectrum

The following object is masked from ‘package:base’:

    union

Warning message:
In ifelse(!is.null(params$zoom_quantile), as.numeric(params$zoom_quantile),  :
  NAs introduced by coercion
STN-i plot saved successfully to: /home/imperialdramon/Tesis/STN-model-for-irace/Experiments/ACOTSP/E1-BL-WSR-2000/Plots/plotted-STN-i-E1-BL-WSR-2000-L1-graphopt-T-F-NA.pdf
✅ Success: Generated plotted-STN-i-E1-BL-WSR-2000-L1-graphopt-T-F-NA.pdf
>> Plotting: plotted-STN-i-E1-BL-WSR-2000-L1-graphopt-T-F-0.25.pdf

Attaching package: ‘igraph’

The following objects are masked from ‘package:stats’:

    decompose, spectrum

The following object is masked from ‘package:base’:

    union

STN-i plot saved successfully to: /home/imperialdramon/Tesis/STN-model-for-irace/Experiments/ACOTSP/E1-BL-WSR-2000/Plots/plotted-STN-i-E1-BL-WSR-2000-L1-graphopt-T-F-0.25.pdf
✅ Success: Generated plotted-STN-i-E1-BL-WSR-2000-L1-graphopt-T-F-0.25.pdf
>> Plotting: plotted-STN-i-E1-BL-WSR-2000-L1-graphopt-T-F-0.5.pdf

Attaching package: ‘igraph’

The following objects are masked from ‘package:stats’:

    decompose, spectrum

The following object is masked from ‘package:base’:

    union

STN-i plot saved successfully to: /home/imperialdramon/Tesis/STN-model-for-irace/Experiments/ACOTSP/E1-BL-WSR-2000/Plots/plotted-STN-i-E1-BL-WSR-2000-L1-graphopt-T-F-0.5.pdf
✅ Success: Generated plotted-STN-i-E1-BL-WSR-2000-L1-graphopt-T-F-0.5.pdf
>> Plotting: plotted-STN-i-E1-BL-WSR-2000-L1-graphopt-T-F-0.75.pdf

Attaching package: ‘igraph’

The following objects are masked from ‘package:stats’:

    decompose, spectrum

The following object is masked from ‘package:base’:

    union

STN-i plot saved successfully to: /home/imperialdramon/Tesis/STN-model-for-irace/Experiments/ACOTSP/E1-BL-WSR-2000/Plots/plotted-STN-i-E1-BL-WSR-2000-L1-graphopt-T-F-0.75.pdf
✅ Success: Generated plotted-STN-i-E1-BL-WSR-2000-L1-graphopt-T-F-0.75.pdf
>> Plotting: plotted-STN-i-E1-BL-WSR-2000-L1-graphopt-F-F-NA.pdf

Attaching package: ‘igraph’

The following objects are masked from ‘package:stats’:

    decompose, spectrum

The following object is masked from ‘package:base’:

    union

Warning message:
In ifelse(!is.null(params$zoom_quantile), as.numeric(params$zoom_quantile),  :
  NAs introduced by coercion
STN-i plot saved successfully to: /home/imperialdramon/Tesis/STN-model-for-irace/Experiments/ACOTSP/E1-BL-WSR-2000/Plots/plotted-STN-i-E1-BL-WSR-2000-L1-graphopt-F-F-NA.pdf
✅ Success: Generated plotted-STN-i-E1-BL-WSR-2000-L1-graphopt-F-F-NA.pdf
>> Plotting: plotted-STN-i-E1-BL-WSR-2000-L1-graphopt-F-F-0.25.pdf

Attaching package: ‘igraph’

The following objects are masked from ‘package:stats’:

    decompose, spectrum

The following object is masked from ‘package:base’:

    union

STN-i plot saved successfully to: /home/imperialdramon/Tesis/STN-model-for-irace/Experiments/ACOTSP/E1-BL-WSR-2000/Plots/plotted-STN-i-E1-BL-WSR-2000-L1-graphopt-F-F-0.25.pdf
✅ Success: Generated plotted-STN-i-E1-BL-WSR-2000-L1-graphopt-F-F-0.25.pdf
>> Plotting: plotted-STN-i-E1-BL-WSR-2000-L1-graphopt-F-F-0.5.pdf

Attaching package: ‘igraph’

The following objects are masked from ‘package:stats’:

    decompose, spectrum

The following object is masked from ‘package:base’:

    union

STN-i plot saved successfully to: /home/imperialdramon/Tesis/STN-model-for-irace/Experiments/ACOTSP/E1-BL-WSR-2000/Plots/plotted-STN-i-E1-BL-WSR-2000-L1-graphopt-F-F-0.5.pdf
✅ Success: Generated plotted-STN-i-E1-BL-WSR-2000-L1-graphopt-F-F-0.5.pdf
>> Plotting: plotted-STN-i-E1-BL-WSR-2000-L1-graphopt-F-F-0.75.pdf

Attaching package: ‘igraph’

The following objects are masked from ‘package:stats’:

    decompose, spectrum

The following object is masked from ‘package:base’:

    union

STN-i plot saved successfully to: /home/imperialdramon/Tesis/STN-model-for-irace/Experiments/ACOTSP/E1-BL-WSR-2000/Plots/plotted-STN-i-E1-BL-WSR-2000-L1-graphopt-F-F-0.75.pdf
✅ Success: Generated plotted-STN-i-E1-BL-WSR-2000-L1-graphopt-F-F-0.75.pdf
>> Plotting: plotted-STN-i-E1-BL-WSR-2000-L1-sugiyama-T-T-NA.pdf

Attaching package: ‘igraph’

The following objects are masked from ‘package:stats’:

    decompose, spectrum

The following object is masked from ‘package:base’:

    union

Warning message:
In ifelse(!is.null(params$zoom_quantile), as.numeric(params$zoom_quantile),  :
  NAs introduced by coercion
STN-i plot saved successfully to: /home/imperialdramon/Tesis/STN-model-for-irace/Experiments/ACOTSP/E1-BL-WSR-2000/Plots/plotted-STN-i-E1-BL-WSR-2000-L1-sugiyama-T-T-NA.pdf
✅ Success: Generated plotted-STN-i-E1-BL-WSR-2000-L1-sugiyama-T-T-NA.pdf
>> Plotting: plotted-STN-i-E1-BL-WSR-2000-L1-sugiyama-T-T-0.25.pdf

Attaching package: ‘igraph’

The following objects are masked from ‘package:stats’:

    decompose, spectrum

The following object is masked from ‘package:base’:

    union

STN-i plot saved successfully to: /home/imperialdramon/Tesis/STN-model-for-irace/Experiments/ACOTSP/E1-BL-WSR-2000/Plots/plotted-STN-i-E1-BL-WSR-2000-L1-sugiyama-T-T-0.25.pdf
✅ Success: Generated plotted-STN-i-E1-BL-WSR-2000-L1-sugiyama-T-T-0.25.pdf
>> Plotting: plotted-STN-i-E1-BL-WSR-2000-L1-sugiyama-T-T-0.5.pdf

Attaching package: ‘igraph’

The following objects are masked from ‘package:stats’:

    decompose, spectrum

The following object is masked from ‘package:base’:

    union

STN-i plot saved successfully to: /home/imperialdramon/Tesis/STN-model-for-irace/Experiments/ACOTSP/E1-BL-WSR-2000/Plots/plotted-STN-i-E1-BL-WSR-2000-L1-sugiyama-T-T-0.5.pdf
✅ Success: Generated plotted-STN-i-E1-BL-WSR-2000-L1-sugiyama-T-T-0.5.pdf
>> Plotting: plotted-STN-i-E1-BL-WSR-2000-L1-sugiyama-T-T-0.75.pdf

Attaching package: ‘igraph’

The following objects are masked from ‘package:stats’:

    decompose, spectrum

The following object is masked from ‘package:base’:

    union


Execution halted
❌ Error: Failed to generate plotted-STN-i-E1-BL-WSR-2000-L1-sugiyama-T-T-0.75.pdf
>> Plotting: plotted-STN-i-E1-BL-WSR-2000-L1-sugiyama-T-F-NA.pdf

Execution halted
❌ Error: Failed to generate plotted-STN-i-E1-BL-WSR-2000-L1-sugiyama-T-F-NA.pdf
>> Plotting: plotted-STN-i-E1-BL-WSR-2000-L1-sugiyama-T-F-0.25.pdf

Execution halted
❌ Error: Failed to generate plotted-STN-i-E1-BL-WSR-2000-L1-sugiyama-T-F-0.25.pdf
>> Plotting: plotted-STN-i-E1-BL-WSR-2000-L1-sugiyama-T-F-0.5.pdf

Execution halted
❌ Error: Failed to generate plotted-STN-i-E1-BL-WSR-2000-L1-sugiyama-T-F-0.5.pdf
>> Plotting: plotted-STN-i-E1-BL-WSR-2000-L1-sugiyama-T-F-0.75.pdf

Execution halted
❌ Error: Failed to generate plotted-STN-i-E1-BL-WSR-2000-L1-sugiyama-T-F-0.75.pdf
>> Plotting: plotted-STN-i-E1-BL-WSR-2000-L1-sugiyama-F-F-NA.pdf

Execution halted
❌ Error: Failed to generate plotted-STN-i-E1-BL-WSR-2000-L1-sugiyama-F-F-NA.pdf
>> Plotting: plotted-STN-i-E1-BL-WSR-2000-L1-sugiyama-F-F-0.25.pdf

Execution halted
❌ Error: Failed to generate plotted-STN-i-E1-BL-WSR-2000-L1-sugiyama-F-F-0.25.pdf
>> Plotting: plotted-STN-i-E1-BL-WSR-2000-L1-sugiyama-F-F-0.5.pdf

Attaching package: ‘igraph’

The following objects are masked from ‘package:stats’:

    decompose, spectrum

The following object is masked from ‘package:base’:

    union


Execution halted
