=== Merged STN-i plotting started at Thu Jul  3 19:09:28 -04 2025 ===
=== Processing algorithm: ACOTSP ===
>> Plotting: plotted-Merged-STN-i-E1-E2-2000-L1-fr-T-T-T-T-NA.pdf
>> Plotting: plotted-Merged-STN-i-E1-E2-2000-L1-fr-T-T-T-F-NA.pdf

Attaching package: ‘igraph’

The following objects are masked from ‘package:stats’:

    decompose, spectrum

The following object is masked from ‘package:base’:

    union


Attaching package: ‘igraph’

The following objects are masked from ‘package:stats’:

    decompose, spectrum

The following object is masked from ‘package:base’:

    union

Warning message:
In ifelse(!is.null(params$zoom_quantile), as.numeric(params$zoom_quantile),  :
  NAs introduced by coercion
Warning message:
In ifelse(!is.null(params$zoom_quantile), as.numeric(params$zoom_quantile),  :
  NAs introduced by coercion
Merged STN-i plot saved successfully to: /home/imperialdramon/Tesis/STN-model-for-irace/Experiments/ACOTSP/Merged-E1-E2-2000/Plots/L1/plotted-Merged-STN-i-E1-E2-2000-L1-fr-T-T-T-F-NA.pdf
          used (Mb) gc trigger (Mb) max used (Mb)
Ncells  604428 32.3    1148942 61.4  1148942 61.4
Vcells 1595469 12.2    8388608 64.0  8388608 64.0
✅ Success: Generated plotted-Merged-STN-i-E1-E2-2000-L1-fr-T-T-T-F-NA.pdf
>> Plotting: plotted-Merged-STN-i-E1-E2-2000-L1-fr-F-T-F-F-NA.pdf

Attaching package: ‘igraph’

The following objects are masked from ‘package:stats’:

    decompose, spectrum

The following object is masked from ‘package:base’:

    union

Warning message:
In ifelse(!is.null(params$zoom_quantile), as.numeric(params$zoom_quantile),  :
  NAs introduced by coercion
Merged STN-i plot saved successfully to: /home/imperialdramon/Tesis/STN-model-for-irace/Experiments/ACOTSP/Merged-E1-E2-2000/Plots/L1/plotted-Merged-STN-i-E1-E2-2000-L1-fr-F-T-F-F-NA.pdf
          used (Mb) gc trigger (Mb) max used (Mb)
Ncells  568627 30.4    1286347 68.7  1286347 68.7
Vcells 1207538  9.3    8388608 64.0  8388524 64.0
✅ Success: Generated plotted-Merged-STN-i-E1-E2-2000-L1-fr-F-T-F-F-NA.pdf
>> Plotting: plotted-Merged-STN-i-E1-E2-2000-L2-fr-T-T-T-T-NA.pdf

Attaching package: ‘igraph’

The following objects are masked from ‘package:stats’:

    decompose, spectrum

The following object is masked from ‘package:base’:

    union

Warning message:
In ifelse(!is.null(params$zoom_quantile), as.numeric(params$zoom_quantile),  :
  NAs introduced by coercion
Merged STN-i plot saved successfully to: /home/imperialdramon/Tesis/STN-model-for-irace/Experiments/ACOTSP/Merged-E1-E2-2000/Plots/L1/plotted-Merged-STN-i-E1-E2-2000-L1-fr-T-T-T-T-NA.pdf
          used (Mb) gc trigger (Mb) max used (Mb)
Ncells  606295 32.4    1147152 61.3  1147152 61.3
Vcells 1477194 11.3    8388608 64.0  8388608 64.0
✅ Success: Generated plotted-Merged-STN-i-E1-E2-2000-L1-fr-T-T-T-T-NA.pdf
>> Plotting: plotted-Merged-STN-i-E1-E2-2000-L2-fr-T-T-T-F-NA.pdf

Attaching package: ‘igraph’

The following objects are masked from ‘package:stats’:

    decompose, spectrum

The following object is masked from ‘package:base’:

    union

Warning message:
In ifelse(!is.null(params$zoom_quantile), as.numeric(params$zoom_quantile),  :
  NAs introduced by coercion
Merged STN-i plot saved successfully to: /home/imperialdramon/Tesis/STN-model-for-irace/Experiments/ACOTSP/Merged-E1-E2-2000/Plots/L2/plotted-Merged-STN-i-E1-E2-2000-L2-fr-T-T-T-F-NA.pdf
          used (Mb) gc trigger (Mb) max used (Mb)
Ncells  604152 32.3    1148741 61.4  1148741 61.4
Vcells 1591896 12.2    8388608 64.0  8388607 64.0
✅ Success: Generated plotted-Merged-STN-i-E1-E2-2000-L2-fr-T-T-T-F-NA.pdf
>> Plotting: plotted-Merged-STN-i-E1-E2-2000-L2-fr-F-T-F-F-NA.pdf

Attaching package: ‘igraph’

The following objects are masked from ‘package:stats’:

    decompose, spectrum

The following object is masked from ‘package:base’:

    union

Warning message:
In ifelse(!is.null(params$zoom_quantile), as.numeric(params$zoom_quantile),  :
  NAs introduced by coercion
Merged STN-i plot saved successfully to: /home/imperialdramon/Tesis/STN-model-for-irace/Experiments/ACOTSP/Merged-E1-E2-2000/Plots/L2/plotted-Merged-STN-i-E1-E2-2000-L2-fr-F-T-F-F-NA.pdf
          used (Mb) gc trigger (Mb) max used (Mb)
Ncells  568550 30.4    1286172 68.7  1286172 68.7
Vcells 1206404  9.3    8388608 64.0  8388148 64.0
✅ Success: Generated plotted-Merged-STN-i-E1-E2-2000-L2-fr-F-T-F-F-NA.pdf
>> Plotting: plotted-Merged-STN-i-E1-E2-2000-L3-fr-T-T-T-T-NA.pdf

Attaching package: ‘igraph’

The following objects are masked from ‘package:stats’:

    decompose, spectrum

The following object is masked from ‘package:base’:

    union

Warning message:
In ifelse(!is.null(params$zoom_quantile), as.numeric(params$zoom_quantile),  :
  NAs introduced by coercion
Merged STN-i plot saved successfully to: /home/imperialdramon/Tesis/STN-model-for-irace/Experiments/ACOTSP/Merged-E1-E2-2000/Plots/L2/plotted-Merged-STN-i-E1-E2-2000-L2-fr-T-T-T-T-NA.pdf
          used (Mb) gc trigger (Mb) max used (Mb)
Ncells  606021 32.4    1147001 61.3  1147001 61.3
Vcells 1474487 11.3    8388608 64.0  8388608 64.0
✅ Success: Generated plotted-Merged-STN-i-E1-E2-2000-L2-fr-T-T-T-T-NA.pdf
>> Plotting: plotted-Merged-STN-i-E1-E2-2000-L3-fr-T-T-T-F-NA.pdf

Attaching package: ‘igraph’

The following objects are masked from ‘package:stats’:

    decompose, spectrum

The following object is masked from ‘package:base’:

    union

Warning message:
In ifelse(!is.null(params$zoom_quantile), as.numeric(params$zoom_quantile),  :
  NAs introduced by coercion
Merged STN-i plot saved successfully to: /home/imperialdramon/Tesis/STN-model-for-irace/Experiments/ACOTSP/Merged-E1-E2-2000/Plots/L3/plotted-Merged-STN-i-E1-E2-2000-L3-fr-T-T-T-F-NA.pdf
          used (Mb) gc trigger (Mb) max used (Mb)
Ncells  601812 32.2    1147064 61.3  1147064 61.3
Vcells 1559385 11.9    8388608 64.0  8388608 64.0
✅ Success: Generated plotted-Merged-STN-i-E1-E2-2000-L3-fr-T-T-T-F-NA.pdf
>> Plotting: plotted-Merged-STN-i-E1-E2-2000-L3-fr-F-T-F-F-NA.pdf

Attaching package: ‘igraph’

The following objects are masked from ‘package:stats’:

    decompose, spectrum

The following object is masked from ‘package:base’:

    union

Warning message:
In ifelse(!is.null(params$zoom_quantile), as.numeric(params$zoom_quantile),  :
  NAs introduced by coercion
Merged STN-i plot saved successfully to: /home/imperialdramon/Tesis/STN-model-for-irace/Experiments/ACOTSP/Merged-E1-E2-2000/Plots/L3/plotted-Merged-STN-i-E1-E2-2000-L3-fr-F-T-F-F-NA.pdf
          used (Mb) gc trigger (Mb) max used (Mb)
Ncells  567876 30.4    1284215 68.6  1284215 68.6
Vcells 1196480  9.2    8388608 64.0  8388028 64.0
✅ Success: Generated plotted-Merged-STN-i-E1-E2-2000-L3-fr-F-T-F-F-NA.pdf
>> Plotting: plotted-Merged-STN-i-E3-E4-2000-L1-fr-T-T-T-T-NA.pdf

Attaching package: ‘igraph’

The following objects are masked from ‘package:stats’:

    decompose, spectrum

The following object is masked from ‘package:base’:

    union

Warning message:
In ifelse(!is.null(params$zoom_quantile), as.numeric(params$zoom_quantile),  :
  NAs introduced by coercion
Merged STN-i plot saved successfully to: /home/imperialdramon/Tesis/STN-model-for-irace/Experiments/ACOTSP/Merged-E1-E2-2000/Plots/L3/plotted-Merged-STN-i-E1-E2-2000-L3-fr-T-T-T-T-NA.pdf
          used (Mb) gc trigger (Mb) max used (Mb)
Ncells  603697 32.3    1145024 61.2  1145024 61.2
Vcells 1449999 11.1    8388608 64.0  8388608 64.0
✅ Success: Generated plotted-Merged-STN-i-E1-E2-2000-L3-fr-T-T-T-T-NA.pdf
>> Plotting: plotted-Merged-STN-i-E3-E4-2000-L1-fr-T-T-T-F-NA.pdf

Attaching package: ‘igraph’

The following objects are masked from ‘package:stats’:

    decompose, spectrum

The following object is masked from ‘package:base’:

    union

Warning message:
In ifelse(!is.null(params$zoom_quantile), as.numeric(params$zoom_quantile),  :
  NAs introduced by coercion
Merged STN-i plot saved successfully to: /home/imperialdramon/Tesis/STN-model-for-irace/Experiments/ACOTSP/Merged-E3-E4-2000/Plots/L1/plotted-Merged-STN-i-E3-E4-2000-L1-fr-T-T-T-F-NA.pdf
          used (Mb) gc trigger (Mb) max used (Mb)
Ncells  656831 35.1    1181487 63.1  1181487 63.1
Vcells 2216900 17.0    8388608 64.0  8388608 64.0
✅ Success: Generated plotted-Merged-STN-i-E3-E4-2000-L1-fr-T-T-T-F-NA.pdf
>> Plotting: plotted-Merged-STN-i-E3-E4-2000-L1-fr-F-T-F-F-NA.pdf

Attaching package: ‘igraph’

The following objects are masked from ‘package:stats’:

    decompose, spectrum

The following object is masked from ‘package:base’:

    union

Warning message:
In ifelse(!is.null(params$zoom_quantile), as.numeric(params$zoom_quantile),  :
  NAs introduced by coercion
Merged STN-i plot saved successfully to: /home/imperialdramon/Tesis/STN-model-for-irace/Experiments/ACOTSP/Merged-E3-E4-2000/Plots/L1/plotted-Merged-STN-i-E3-E4-2000-L1-fr-F-T-F-F-NA.pdf
          used (Mb) gc trigger (Mb) max used (Mb)
Ncells  583472 31.2    1276007 68.2  1276007 68.2
Vcells 1422104 10.9    8388608 64.0  8388526 64.0
✅ Success: Generated plotted-Merged-STN-i-E3-E4-2000-L1-fr-F-T-F-F-NA.pdf
>> Plotting: plotted-Merged-STN-i-E3-E4-2000-L2-fr-T-T-T-T-NA.pdf

Attaching package: ‘igraph’

The following objects are masked from ‘package:stats’:

    decompose, spectrum

The following object is masked from ‘package:base’:

    union

Warning message:
In ifelse(!is.null(params$zoom_quantile), as.numeric(params$zoom_quantile),  :
  NAs introduced by coercion
Merged STN-i plot saved successfully to: /home/imperialdramon/Tesis/STN-model-for-irace/Experiments/ACOTSP/Merged-E3-E4-2000/Plots/L1/plotted-Merged-STN-i-E3-E4-2000-L1-fr-T-T-T-T-NA.pdf
          used (Mb) gc trigger (Mb) max used (Mb)
Ncells  660735 35.3    1182950 63.2  1182950 63.2
Vcells 1982555 15.2    8388608 64.0  8388608 64.0
✅ Success: Generated plotted-Merged-STN-i-E3-E4-2000-L1-fr-T-T-T-T-NA.pdf
>> Plotting: plotted-Merged-STN-i-E3-E4-2000-L2-fr-T-T-T-F-NA.pdf

Attaching package: ‘igraph’

The following objects are masked from ‘package:stats’:

    decompose, spectrum

The following object is masked from ‘package:base’:

    union

Warning message:
In ifelse(!is.null(params$zoom_quantile), as.numeric(params$zoom_quantile),  :
  NAs introduced by coercion
Merged STN-i plot saved successfully to: /home/imperialdramon/Tesis/STN-model-for-irace/Experiments/ACOTSP/Merged-E3-E4-2000/Plots/L2/plotted-Merged-STN-i-E3-E4-2000-L2-fr-T-T-T-F-NA.pdf
          used (Mb) gc trigger (Mb) max used (Mb)
Ncells  654949 35.0    1181370 63.1  1181370 63.1
Vcells 2191827 16.8    8388608 64.0  8388608 64.0
✅ Success: Generated plotted-Merged-STN-i-E3-E4-2000-L2-fr-T-T-T-F-NA.pdf
>> Plotting: plotted-Merged-STN-i-E3-E4-2000-L2-fr-F-T-F-F-NA.pdf

Attaching package: ‘igraph’

The following objects are masked from ‘package:stats’:

    decompose, spectrum

The following object is masked from ‘package:base’:

    union

Warning message:
In ifelse(!is.null(params$zoom_quantile), as.numeric(params$zoom_quantile),  :
  NAs introduced by coercion
Merged STN-i plot saved successfully to: /home/imperialdramon/Tesis/STN-model-for-irace/Experiments/ACOTSP/Merged-E3-E4-2000/Plots/L2/plotted-Merged-STN-i-E3-E4-2000-L2-fr-F-T-F-F-NA.pdf
          used (Mb) gc trigger (Mb) max used (Mb)
Ncells  582924 31.2    1321672 70.6  1321672 70.6
Vcells 1414215 10.8    8388608 64.0  8388548 64.0
✅ Success: Generated plotted-Merged-STN-i-E3-E4-2000-L2-fr-F-T-F-F-NA.pdf
>> Plotting: plotted-Merged-STN-i-E3-E4-2000-L3-fr-T-T-T-T-NA.pdf

Attaching package: ‘igraph’

The following objects are masked from ‘package:stats’:

    decompose, spectrum

The following object is masked from ‘package:base’:

    union

Warning message:
In ifelse(!is.null(params$zoom_quantile), as.numeric(params$zoom_quantile),  :
  NAs introduced by coercion
Merged STN-i plot saved successfully to: /home/imperialdramon/Tesis/STN-model-for-irace/Experiments/ACOTSP/Merged-E3-E4-2000/Plots/L2/plotted-Merged-STN-i-E3-E4-2000-L2-fr-T-T-T-T-NA.pdf
          used (Mb) gc trigger (Mb) max used (Mb)
Ncells  658859 35.2    1181095 63.1  1181095 63.1
Vcells 1963564 15.0    8388608 64.0  8388608 64.0
✅ Success: Generated plotted-Merged-STN-i-E3-E4-2000-L2-fr-T-T-T-T-NA.pdf
>> Plotting: plotted-Merged-STN-i-E3-E4-2000-L3-fr-T-T-T-F-NA.pdf

Attaching package: ‘igraph’

The following objects are masked from ‘package:stats’:

    decompose, spectrum

The following object is masked from ‘package:base’:

    union

Warning message:
In ifelse(!is.null(params$zoom_quantile), as.numeric(params$zoom_quantile),  :
  NAs introduced by coercion
Merged STN-i plot saved successfully to: /home/imperialdramon/Tesis/STN-model-for-irace/Experiments/ACOTSP/Merged-E3-E4-2000/Plots/L3/plotted-Merged-STN-i-E3-E4-2000-L3-fr-T-T-T-F-NA.pdf
          used (Mb) gc trigger (Mb) max used (Mb)
Ncells  644180 34.5    1169890 62.5  1169890 62.5
Vcells 2046080 15.7    8388608 64.0  8388608 64.0
✅ Success: Generated plotted-Merged-STN-i-E3-E4-2000-L3-fr-T-T-T-F-NA.pdf
=== Processing algorithm: PSO-X ===
>> Plotting: plotted-Merged-STN-i-E3-E4-2000-L3-fr-F-T-F-F-NA.pdf

Attaching package: ‘igraph’

The following objects are masked from ‘package:stats’:

    decompose, spectrum

The following object is masked from ‘package:base’:

    union

Warning message:
In ifelse(!is.null(params$zoom_quantile), as.numeric(params$zoom_quantile),  :
  NAs introduced by coercion
Merged STN-i plot saved successfully to: /home/imperialdramon/Tesis/STN-model-for-irace/Experiments/ACOTSP/Merged-E3-E4-2000/Plots/L3/plotted-Merged-STN-i-E3-E4-2000-L3-fr-F-T-F-F-NA.pdf
          used (Mb) gc trigger (Mb) max used (Mb)
Ncells  579737 31.0    1245252 66.6  1245252 66.6
Vcells 1368644 10.5    8388608 64.0  8387904 64.0
✅ Success: Generated plotted-Merged-STN-i-E3-E4-2000-L3-fr-F-T-F-F-NA.pdf
>> Plotting: plotted-Merged-STN-i-E1-E2-Mix-L1-fr-T-T-T-T-NA.pdf

Attaching package: ‘igraph’

The following objects are masked from ‘package:stats’:

    decompose, spectrum

The following object is masked from ‘package:base’:

    union

Warning message:
In ifelse(!is.null(params$zoom_quantile), as.numeric(params$zoom_quantile),  :
  NAs introduced by coercion
Merged STN-i plot saved successfully to: /home/imperialdramon/Tesis/STN-model-for-irace/Experiments/PSO-X/Merged-E1-E2-Mix/Plots/L1/plotted-Merged-STN-i-E1-E2-Mix-L1-fr-T-T-T-T-NA.pdf
          used (Mb) gc trigger (Mb) max used (Mb)
Ncells  568784 30.4    1141838   61  1141838   61
Vcells 1132237  8.7    8388608   64  8388594   64
✅ Success: Generated plotted-Merged-STN-i-E1-E2-Mix-L1-fr-T-T-T-T-NA.pdf
>> Plotting: plotted-Merged-STN-i-E1-E2-Mix-L1-fr-T-T-T-F-NA.pdf

Attaching package: ‘igraph’

The following objects are masked from ‘package:stats’:

    decompose, spectrum

The following object is masked from ‘package:base’:

    union

Warning message:
In ifelse(!is.null(params$zoom_quantile), as.numeric(params$zoom_quantile),  :
  NAs introduced by coercion
Merged STN-i plot saved successfully to: /home/imperialdramon/Tesis/STN-model-for-irace/Experiments/ACOTSP/Merged-E3-E4-2000/Plots/L3/plotted-Merged-STN-i-E3-E4-2000-L3-fr-T-T-T-T-NA.pdf
          used (Mb) gc trigger (Mb) max used (Mb)
Ncells  648147 34.7    1169535 62.5  1169535 62.5
Vcells 1853424 14.2    8388608 64.0  8388608 64.0
✅ Success: Generated plotted-Merged-STN-i-E3-E4-2000-L3-fr-T-T-T-T-NA.pdf
>> Plotting: plotted-Merged-STN-i-E1-E2-Mix-L1-fr-F-T-F-F-NA.pdf

Attaching package: ‘igraph’

The following objects are masked from ‘package:stats’:

    decompose, spectrum

The following object is masked from ‘package:base’:

    union

Warning message:
In ifelse(!is.null(params$zoom_quantile), as.numeric(params$zoom_quantile),  :
  NAs introduced by coercion
Merged STN-i plot saved successfully to: /home/imperialdramon/Tesis/STN-model-for-irace/Experiments/PSO-X/Merged-E1-E2-Mix/Plots/L1/plotted-Merged-STN-i-E1-E2-Mix-L1-fr-F-T-F-F-NA.pdf
          used (Mb) gc trigger (Mb) max used (Mb)
Ncells  557828 29.8    1253307   67  1253307 67.0
Vcells 1052445  8.1    8388608   64  4081240 31.2
✅ Success: Generated plotted-Merged-STN-i-E1-E2-Mix-L1-fr-F-T-F-F-NA.pdf
>> Plotting: plotted-Merged-STN-i-E1-E2-Mix-L2-fr-T-T-T-T-NA.pdf

Attaching package: ‘igraph’

The following objects are masked from ‘package:stats’:

    decompose, spectrum

The following object is masked from ‘package:base’:

    union

Warning message:
In ifelse(!is.null(params$zoom_quantile), as.numeric(params$zoom_quantile),  :
  NAs introduced by coercion
Merged STN-i plot saved successfully to: /home/imperialdramon/Tesis/STN-model-for-irace/Experiments/PSO-X/Merged-E1-E2-Mix/Plots/L1/plotted-Merged-STN-i-E1-E2-Mix-L1-fr-T-T-T-F-NA.pdf
          used (Mb) gc trigger (Mb) max used (Mb)
Ncells  567546 30.4    1271132 67.9  1271132 67.9
Vcells 1157742  8.9    8388608 64.0  8388607 64.0
✅ Success: Generated plotted-Merged-STN-i-E1-E2-Mix-L1-fr-T-T-T-F-NA.pdf
>> Plotting: plotted-Merged-STN-i-E1-E2-Mix-L2-fr-T-T-T-F-NA.pdf

Attaching package: ‘igraph’

The following objects are masked from ‘package:stats’:

    decompose, spectrum

The following object is masked from ‘package:base’:

    union

Warning message:
In ifelse(!is.null(params$zoom_quantile), as.numeric(params$zoom_quantile),  :
  NAs introduced by coercion
Merged STN-i plot saved successfully to: /home/imperialdramon/Tesis/STN-model-for-irace/Experiments/PSO-X/Merged-E1-E2-Mix/Plots/L2/plotted-Merged-STN-i-E1-E2-Mix-L2-fr-T-T-T-T-NA.pdf
          used (Mb) gc trigger (Mb) max used (Mb)
Ncells  568240 30.4    1270372 67.9  1270372 67.9
Vcells 1126715  8.6    8388608 64.0  8388593 64.0
✅ Success: Generated plotted-Merged-STN-i-E1-E2-Mix-L2-fr-T-T-T-T-NA.pdf
>> Plotting: plotted-Merged-STN-i-E1-E2-Mix-L2-fr-F-T-F-F-NA.pdf

Attaching package: ‘igraph’

The following objects are masked from ‘package:stats’:

    decompose, spectrum

The following object is masked from ‘package:base’:

    union

Warning message:
In ifelse(!is.null(params$zoom_quantile), as.numeric(params$zoom_quantile),  :
  NAs introduced by coercion
Merged STN-i plot saved successfully to: /home/imperialdramon/Tesis/STN-model-for-irace/Experiments/PSO-X/Merged-E1-E2-Mix/Plots/L2/plotted-Merged-STN-i-E1-E2-Mix-L2-fr-T-T-T-F-NA.pdf
          used (Mb) gc trigger (Mb) max used (Mb)
Ncells  566992 30.3    1271110 67.9  1271110 67.9
Vcells 1150386  8.8    8388608 64.0  8388604 64.0
✅ Success: Generated plotted-Merged-STN-i-E1-E2-Mix-L2-fr-T-T-T-F-NA.pdf
Merged STN-i plot saved successfully to: /home/imperialdramon/Tesis/STN-model-for-irace/Experiments/PSO-X/Merged-E1-E2-Mix/Plots/L2/plotted-Merged-STN-i-E1-E2-Mix-L2-fr-F-T-F-F-NA.pdf
          used (Mb) gc trigger (Mb) max used (Mb)
Ncells  557703 29.8    1257687 67.2  1257687 67.2
Vcells 1050297  8.1    8388608 64.0  4127081 31.5
✅ Success: Generated plotted-Merged-STN-i-E1-E2-Mix-L2-fr-F-T-F-F-NA.pdf
>> Plotting: plotted-Merged-STN-i-E1-E2-Mix-L3-fr-T-T-T-T-NA.pdf
>> Plotting: plotted-Merged-STN-i-E1-E2-Mix-L3-fr-T-T-T-F-NA.pdf

Attaching package: ‘igraph’

The following objects are masked from ‘package:stats’:

    decompose, spectrum

The following object is masked from ‘package:base’:

    union


Attaching package: ‘igraph’

The following objects are masked from ‘package:stats’:

    decompose, spectrum

The following object is masked from ‘package:base’:

    union

Warning message:
In ifelse(!is.null(params$zoom_quantile), as.numeric(params$zoom_quantile),  :
  NAs introduced by coercion
Warning message:
In ifelse(!is.null(params$zoom_quantile), as.numeric(params$zoom_quantile),  :
  NAs introduced by coercion
Merged STN-i plot saved successfully to: /home/imperialdramon/Tesis/STN-model-for-irace/Experiments/PSO-X/Merged-E1-E2-Mix/Plots/L3/plotted-Merged-STN-i-E1-E2-Mix-L3-fr-T-T-T-F-NA.pdf
          used (Mb) gc trigger (Mb) max used (Mb)
Ncells  565101 30.2    1267744 67.8  1267744 67.8
Vcells 1125764  8.6    8388608 64.0  8388495 64.0
✅ Success: Generated plotted-Merged-STN-i-E1-E2-Mix-L3-fr-T-T-T-F-NA.pdf
>> Plotting: plotted-Merged-STN-i-E1-E2-Mix-L3-fr-F-T-F-F-NA.pdf

Attaching package: ‘igraph’

The following objects are masked from ‘package:stats’:

    decompose, spectrum

The following object is masked from ‘package:base’:

    union

Warning message:
In ifelse(!is.null(params$zoom_quantile), as.numeric(params$zoom_quantile),  :
  NAs introduced by coercion
Merged STN-i plot saved successfully to: /home/imperialdramon/Tesis/STN-model-for-irace/Experiments/PSO-X/Merged-E1-E2-Mix/Plots/L3/plotted-Merged-STN-i-E1-E2-Mix-L3-fr-T-T-T-T-NA.pdf
          used (Mb) gc trigger (Mb) max used (Mb)
Ncells  566406 30.3    1267267 67.7  1267267 67.7
Vcells 1108121  8.5    8388608 64.0  8388605 64.0
✅ Success: Generated plotted-Merged-STN-i-E1-E2-Mix-L3-fr-T-T-T-T-NA.pdf
Merged STN-i plot saved successfully to: /home/imperialdramon/Tesis/STN-model-for-irace/Experiments/PSO-X/Merged-E1-E2-Mix/Plots/L3/plotted-Merged-STN-i-E1-E2-Mix-L3-fr-F-T-F-F-NA.pdf
          used (Mb) gc trigger (Mb) max used (Mb)
Ncells  557183 29.8    1250241 66.8  1250241 66.8
Vcells 1042276  8.0    8388608 64.0  3137844 24.0
✅ Success: Generated plotted-Merged-STN-i-E1-E2-Mix-L3-fr-F-T-F-F-NA.pdf
>> Plotting: plotted-Merged-STN-i-E3-E4-Mix-L1-fr-T-T-T-T-NA.pdf
>> Plotting: plotted-Merged-STN-i-E3-E4-Mix-L1-fr-T-T-T-F-NA.pdf

Attaching package: ‘igraph’

The following objects are masked from ‘package:stats’:

    decompose, spectrum

The following object is masked from ‘package:base’:

    union


Attaching package: ‘igraph’

The following objects are masked from ‘package:stats’:

    decompose, spectrum

The following object is masked from ‘package:base’:

    union

Warning message:
In ifelse(!is.null(params$zoom_quantile), as.numeric(params$zoom_quantile),  :
  NAs introduced by coercion
Warning message:
In ifelse(!is.null(params$zoom_quantile), as.numeric(params$zoom_quantile),  :
  NAs introduced by coercion
Merged STN-i plot saved successfully to: /home/imperialdramon/Tesis/STN-model-for-irace/Experiments/PSO-X/Merged-E3-E4-Mix/Plots/L1/plotted-Merged-STN-i-E3-E4-Mix-L1-fr-T-T-T-F-NA.pdf
          used (Mb) gc trigger (Mb) max used (Mb)
Ncells  581663 31.1    1145250 61.2  1145250 61.2
Vcells 1324871 10.2    8388608 64.0  8388608 64.0
✅ Success: Generated plotted-Merged-STN-i-E3-E4-Mix-L1-fr-T-T-T-F-NA.pdf
>> Plotting: plotted-Merged-STN-i-E3-E4-Mix-L1-fr-F-T-F-F-NA.pdf

Attaching package: ‘igraph’

The following objects are masked from ‘package:stats’:

    decompose, spectrum

The following object is masked from ‘package:base’:

    union

Warning message:
In ifelse(!is.null(params$zoom_quantile), as.numeric(params$zoom_quantile),  :
  NAs introduced by coercion
Merged STN-i plot saved successfully to: /home/imperialdramon/Tesis/STN-model-for-irace/Experiments/PSO-X/Merged-E3-E4-Mix/Plots/L1/plotted-Merged-STN-i-E3-E4-Mix-L1-fr-F-T-F-F-NA.pdf
          used (Mb) gc trigger (Mb) max used (Mb)
Ncells  562409 30.1    1266727 67.7  1266727 67.7
Vcells 1116298  8.6    8388608 64.0  4291534 32.8
✅ Success: Generated plotted-Merged-STN-i-E3-E4-Mix-L1-fr-F-T-F-F-NA.pdf
>> Plotting: plotted-Merged-STN-i-E3-E4-Mix-L2-fr-T-T-T-T-NA.pdf

Attaching package: ‘igraph’

The following objects are masked from ‘package:stats’:

    decompose, spectrum

The following object is masked from ‘package:base’:

    union

Warning message:
In ifelse(!is.null(params$zoom_quantile), as.numeric(params$zoom_quantile),  :
  NAs introduced by coercion
Merged STN-i plot saved successfully to: /home/imperialdramon/Tesis/STN-model-for-irace/Experiments/PSO-X/Merged-E3-E4-Mix/Plots/L1/plotted-Merged-STN-i-E3-E4-Mix-L1-fr-T-T-T-T-NA.pdf
          used (Mb) gc trigger (Mb) max used (Mb)
Ncells  584174 31.2    1138701 60.9  1138701 60.9
Vcells 1278059  9.8    8388608 64.0  8388608 64.0
✅ Success: Generated plotted-Merged-STN-i-E3-E4-Mix-L1-fr-T-T-T-T-NA.pdf
>> Plotting: plotted-Merged-STN-i-E3-E4-Mix-L2-fr-T-T-T-F-NA.pdf

Attaching package: ‘igraph’

The following objects are masked from ‘package:stats’:

    decompose, spectrum

The following object is masked from ‘package:base’:

    union

Warning message:
In ifelse(!is.null(params$zoom_quantile), as.numeric(params$zoom_quantile),  :
  NAs introduced by coercion
Merged STN-i plot saved successfully to: /home/imperialdramon/Tesis/STN-model-for-irace/Experiments/PSO-X/Merged-E3-E4-Mix/Plots/L2/plotted-Merged-STN-i-E3-E4-Mix-L2-fr-T-T-T-F-NA.pdf
          used (Mb) gc trigger (Mb) max used (Mb)
Ncells  578856 31.0    1146215 61.3  1146215 61.3
Vcells 1288537  9.9    8388608 64.0  8388605 64.0
✅ Success: Generated plotted-Merged-STN-i-E3-E4-Mix-L2-fr-T-T-T-F-NA.pdf
>> Plotting: plotted-Merged-STN-i-E3-E4-Mix-L2-fr-F-T-F-F-NA.pdf

Attaching package: ‘igraph’

The following objects are masked from ‘package:stats’:

    decompose, spectrum

The following object is masked from ‘package:base’:

    union

Warning message:
In ifelse(!is.null(params$zoom_quantile), as.numeric(params$zoom_quantile),  :
  NAs introduced by coercion
Merged STN-i plot saved successfully to: /home/imperialdramon/Tesis/STN-model-for-irace/Experiments/PSO-X/Merged-E3-E4-Mix/Plots/L2/plotted-Merged-STN-i-E3-E4-Mix-L2-fr-T-T-T-T-NA.pdf
          used (Mb) gc trigger (Mb) max used (Mb)
Ncells  581410 31.1    1137978 60.8  1137978 60.8
Vcells 1250585  9.6    8388608 64.0  8388608 64.0
✅ Success: Generated plotted-Merged-STN-i-E3-E4-Mix-L2-fr-T-T-T-T-NA.pdf
Merged STN-i plot saved successfully to: /home/imperialdramon/Tesis/STN-model-for-irace/Experiments/PSO-X/Merged-E3-E4-Mix/Plots/L2/plotted-Merged-STN-i-E3-E4-Mix-L2-fr-F-T-F-F-NA.pdf
          used (Mb) gc trigger (Mb) max used (Mb)
Ncells  561644 30.0    1265530 67.6  1265530 67.6
Vcells 1104953  8.5    8388608 64.0  3974814 30.4
✅ Success: Generated plotted-Merged-STN-i-E3-E4-Mix-L2-fr-F-T-F-F-NA.pdf
>> Plotting: plotted-Merged-STN-i-E3-E4-Mix-L3-fr-T-T-T-T-NA.pdf
>> Plotting: plotted-Merged-STN-i-E3-E4-Mix-L3-fr-T-T-T-F-NA.pdf

Attaching package: ‘igraph’

The following objects are masked from ‘package:stats’:

    decompose, spectrum

The following object is masked from ‘package:base’:

    union


Attaching package: ‘igraph’

The following objects are masked from ‘package:stats’:

    decompose, spectrum

The following object is masked from ‘package:base’:

    union

Warning message:
In ifelse(!is.null(params$zoom_quantile), as.numeric(params$zoom_quantile),  :
  NAs introduced by coercion
Warning message:
In ifelse(!is.null(params$zoom_quantile), as.numeric(params$zoom_quantile),  :
  NAs introduced by coercion
Merged STN-i plot saved successfully to: /home/imperialdramon/Tesis/STN-model-for-irace/Experiments/PSO-X/Merged-E3-E4-Mix/Plots/L3/plotted-Merged-STN-i-E3-E4-Mix-L3-fr-T-T-T-F-NA.pdf
          used (Mb) gc trigger (Mb) max used (Mb)
Ncells  573754 30.7    1151301 61.5  1151301 61.5
Vcells 1224640  9.4    8388608 64.0  8388596 64.0
✅ Success: Generated plotted-Merged-STN-i-E3-E4-Mix-L3-fr-T-T-T-F-NA.pdf
>> Plotting: plotted-Merged-STN-i-E3-E4-Mix-L3-fr-F-T-F-F-NA.pdf

Attaching package: ‘igraph’

The following objects are masked from ‘package:stats’:

    decompose, spectrum

The following object is masked from ‘package:base’:

    union

Warning message:
In ifelse(!is.null(params$zoom_quantile), as.numeric(params$zoom_quantile),  :
  NAs introduced by coercion
Merged STN-i plot saved successfully to: /home/imperialdramon/Tesis/STN-model-for-irace/Experiments/PSO-X/Merged-E3-E4-Mix/Plots/L3/plotted-Merged-STN-i-E3-E4-Mix-L3-fr-F-T-F-F-NA.pdf
          used (Mb) gc trigger (Mb) max used (Mb)
Ncells  560364 30.0    1263027 67.5  1263027 67.5
Vcells 1084967  8.3    8388608 64.0  4243681 32.4
✅ Success: Generated plotted-Merged-STN-i-E3-E4-Mix-L3-fr-F-T-F-F-NA.pdf
>> Plotting: plotted-Merged-STN-i-E5-E6-Mul-L1-fr-T-T-T-T-NA.pdf

Attaching package: ‘igraph’

The following objects are masked from ‘package:stats’:

    decompose, spectrum

The following object is masked from ‘package:base’:

    union

Warning message:
In ifelse(!is.null(params$zoom_quantile), as.numeric(params$zoom_quantile),  :
  NAs introduced by coercion
Merged STN-i plot saved successfully to: /home/imperialdramon/Tesis/STN-model-for-irace/Experiments/PSO-X/Merged-E3-E4-Mix/Plots/L3/plotted-Merged-STN-i-E3-E4-Mix-L3-fr-T-T-T-T-NA.pdf
          used (Mb) gc trigger (Mb) max used (Mb)
Ncells  576488 30.8    1137944 60.8  1137944 60.8
Vcells 1202073  9.2    8388608 64.0  8388608 64.0
✅ Success: Generated plotted-Merged-STN-i-E3-E4-Mix-L3-fr-T-T-T-T-NA.pdf
>> Plotting: plotted-Merged-STN-i-E5-E6-Mul-L1-fr-T-T-T-F-NA.pdf

Attaching package: ‘igraph’

The following objects are masked from ‘package:stats’:

    decompose, spectrum

The following object is masked from ‘package:base’:

    union

Warning message:
In ifelse(!is.null(params$zoom_quantile), as.numeric(params$zoom_quantile),  :
  NAs introduced by coercion
Merged STN-i plot saved successfully to: /home/imperialdramon/Tesis/STN-model-for-irace/Experiments/PSO-X/Merged-E5-E6-Mul/Plots/L1/plotted-Merged-STN-i-E5-E6-Mul-L1-fr-T-T-T-F-NA.pdf
          used (Mb) gc trigger (Mb) max used (Mb)
Ncells  567903 30.4    1273415 68.1  1273415 68.1
Vcells 1161967  8.9    8388608 64.0  8388544 64.0
✅ Success: Generated plotted-Merged-STN-i-E5-E6-Mul-L1-fr-T-T-T-F-NA.pdf
Merged STN-i plot saved successfully to: /home/imperialdramon/Tesis/STN-model-for-irace/Experiments/PSO-X/Merged-E5-E6-Mul/Plots/L1/plotted-Merged-STN-i-E5-E6-Mul-L1-fr-T-T-T-T-NA.pdf
          used (Mb) gc trigger (Mb) max used (Mb)
Ncells  569204 30.4    1141275   61  1141275   61
Vcells 1136344  8.7    8388608   64  8388605   64
✅ Success: Generated plotted-Merged-STN-i-E5-E6-Mul-L1-fr-T-T-T-T-NA.pdf
>> Plotting: plotted-Merged-STN-i-E5-E6-Mul-L1-fr-F-T-F-F-NA.pdf
>> Plotting: plotted-Merged-STN-i-E5-E6-Mul-L2-fr-T-T-T-T-NA.pdf

Attaching package: ‘igraph’


Attaching package: ‘igraph’

The following objects are masked from ‘package:stats’:

    decompose, spectrum

The following objects are masked from ‘package:stats’:

    decompose, spectrum

The following object is masked from ‘package:base’:

    union

The following object is masked from ‘package:base’:

    union

Warning message:
In ifelse(!is.null(params$zoom_quantile), as.numeric(params$zoom_quantile),  :
  NAs introduced by coercion
Warning message:
In ifelse(!is.null(params$zoom_quantile), as.numeric(params$zoom_quantile),  :
  NAs introduced by coercion
Merged STN-i plot saved successfully to: /home/imperialdramon/Tesis/STN-model-for-irace/Experiments/PSO-X/Merged-E5-E6-Mul/Plots/L1/plotted-Merged-STN-i-E5-E6-Mul-L1-fr-F-T-F-F-NA.pdf
          used (Mb) gc trigger (Mb) max used (Mb)
Ncells  558039 29.9    1252598 66.9  1252598 66.9
Vcells 1055095  8.1    8388608 64.0  3903628 29.8
✅ Success: Generated plotted-Merged-STN-i-E5-E6-Mul-L1-fr-F-T-F-F-NA.pdf
>> Plotting: plotted-Merged-STN-i-E5-E6-Mul-L2-fr-T-T-T-F-NA.pdf

Attaching package: ‘igraph’

The following objects are masked from ‘package:stats’:

    decompose, spectrum

The following object is masked from ‘package:base’:

    union

Warning message:
In ifelse(!is.null(params$zoom_quantile), as.numeric(params$zoom_quantile),  :
  NAs introduced by coercion
Merged STN-i plot saved successfully to: /home/imperialdramon/Tesis/STN-model-for-irace/Experiments/PSO-X/Merged-E5-E6-Mul/Plots/L2/plotted-Merged-STN-i-E5-E6-Mul-L2-fr-T-T-T-F-NA.pdf
          used (Mb) gc trigger (Mb) max used (Mb)
Ncells  567388 30.4    1272795   68  1272795   68
Vcells 1155113  8.9    8388608   64  8388596   64
✅ Success: Generated plotted-Merged-STN-i-E5-E6-Mul-L2-fr-T-T-T-F-NA.pdf
Merged STN-i plot saved successfully to: /home/imperialdramon/Tesis/STN-model-for-irace/Experiments/PSO-X/Merged-E5-E6-Mul/Plots/L2/plotted-Merged-STN-i-E5-E6-Mul-L2-fr-T-T-T-T-NA.pdf
          used (Mb) gc trigger (Mb) max used (Mb)
Ncells  568702 30.4    1142047   61  1142047   61
Vcells 1131214  8.7    8388608   64  8388608   64
✅ Success: Generated plotted-Merged-STN-i-E5-E6-Mul-L2-fr-T-T-T-T-NA.pdf
>> Plotting: plotted-Merged-STN-i-E5-E6-Mul-L2-fr-F-T-F-F-NA.pdf
>> Plotting: plotted-Merged-STN-i-E5-E6-Mul-L3-fr-T-T-T-T-NA.pdf

Attaching package: ‘igraph’

The following objects are masked from ‘package:stats’:

    decompose, spectrum

The following object is masked from ‘package:base’:

    union


Attaching package: ‘igraph’

The following objects are masked from ‘package:stats’:

    decompose, spectrum

The following object is masked from ‘package:base’:

    union

Warning message:
In ifelse(!is.null(params$zoom_quantile), as.numeric(params$zoom_quantile),  :
  NAs introduced by coercion
Warning message:
In ifelse(!is.null(params$zoom_quantile), as.numeric(params$zoom_quantile),  :
  NAs introduced by coercion
Merged STN-i plot saved successfully to: /home/imperialdramon/Tesis/STN-model-for-irace/Experiments/PSO-X/Merged-E5-E6-Mul/Plots/L2/plotted-Merged-STN-i-E5-E6-Mul-L2-fr-F-T-F-F-NA.pdf
          used (Mb) gc trigger (Mb) max used (Mb)
Ncells  557930 29.8    1254107   67  1254107 67.0
Vcells 1053163  8.1    8388608   64  4018153 30.7
✅ Success: Generated plotted-Merged-STN-i-E5-E6-Mul-L2-fr-F-T-F-F-NA.pdf
>> Plotting: plotted-Merged-STN-i-E5-E6-Mul-L3-fr-T-T-T-F-NA.pdf

Attaching package: ‘igraph’

The following objects are masked from ‘package:stats’:

    decompose, spectrum

The following object is masked from ‘package:base’:

    union

Warning message:
In ifelse(!is.null(params$zoom_quantile), as.numeric(params$zoom_quantile),  :
  NAs introduced by coercion
Merged STN-i plot saved successfully to: /home/imperialdramon/Tesis/STN-model-for-irace/Experiments/PSO-X/Merged-E5-E6-Mul/Plots/L3/plotted-Merged-STN-i-E5-E6-Mul-L3-fr-T-T-T-T-NA.pdf
          used (Mb) gc trigger (Mb) max used (Mb)
Ncells  567064 30.3    1268401 67.8  1268401 67.8
Vcells 1114511  8.6    8388608 64.0  8388546 64.0
✅ Success: Generated plotted-Merged-STN-i-E5-E6-Mul-L3-fr-T-T-T-T-NA.pdf
>> Plotting: plotted-Merged-STN-i-E5-E6-Mul-L3-fr-F-T-F-F-NA.pdf
Merged STN-i plot saved successfully to: /home/imperialdramon/Tesis/STN-model-for-irace/Experiments/PSO-X/Merged-E5-E6-Mul/Plots/L3/plotted-Merged-STN-i-E5-E6-Mul-L3-fr-T-T-T-F-NA.pdf
          used (Mb) gc trigger (Mb) max used (Mb)
Ncells  565712 30.3    1269544 67.9  1269544 67.9
Vcells 1133044  8.7    8388608 64.0  8388608 64.0
✅ Success: Generated plotted-Merged-STN-i-E5-E6-Mul-L3-fr-T-T-T-F-NA.pdf

Attaching package: ‘igraph’

The following objects are masked from ‘package:stats’:

    decompose, spectrum

The following object is masked from ‘package:base’:

    union

Warning message:
In ifelse(!is.null(params$zoom_quantile), as.numeric(params$zoom_quantile),  :
  NAs introduced by coercion
Merged STN-i plot saved successfully to: /home/imperialdramon/Tesis/STN-model-for-irace/Experiments/PSO-X/Merged-E5-E6-Mul/Plots/L3/plotted-Merged-STN-i-E5-E6-Mul-L3-fr-F-T-F-F-NA.pdf
          used (Mb) gc trigger (Mb) max used (Mb)
Ncells  557539 29.8    1251844 66.9  1251844 66.9
Vcells 1046404  8.0    8388608 64.0  3290622 25.2
✅ Success: Generated plotted-Merged-STN-i-E5-E6-Mul-L3-fr-F-T-F-F-NA.pdf
>> Plotting: plotted-Merged-STN-i-E7-E8-Mul-L1-fr-T-T-T-T-NA.pdf
>> Plotting: plotted-Merged-STN-i-E7-E8-Mul-L1-fr-T-T-T-F-NA.pdf

Attaching package: ‘igraph’

The following objects are masked from ‘package:stats’:

    decompose, spectrum

The following object is masked from ‘package:base’:

    union


Attaching package: ‘igraph’

The following objects are masked from ‘package:stats’:

    decompose, spectrum

The following object is masked from ‘package:base’:

    union

Warning message:
In ifelse(!is.null(params$zoom_quantile), as.numeric(params$zoom_quantile),  :
  NAs introduced by coercion
Warning message:
In ifelse(!is.null(params$zoom_quantile), as.numeric(params$zoom_quantile),  :
  NAs introduced by coercion
Merged STN-i plot saved successfully to: /home/imperialdramon/Tesis/STN-model-for-irace/Experiments/PSO-X/Merged-E7-E8-Mul/Plots/L1/plotted-Merged-STN-i-E7-E8-Mul-L1-fr-T-T-T-F-NA.pdf
          used (Mb) gc trigger (Mb) max used (Mb)
Ncells  584167 31.2    1145278 61.2  1145278 61.2
Vcells 1354487 10.4    8388608 64.0  8388608 64.0
✅ Success: Generated plotted-Merged-STN-i-E7-E8-Mul-L1-fr-T-T-T-F-NA.pdf
>> Plotting: plotted-Merged-STN-i-E7-E8-Mul-L1-fr-F-T-F-F-NA.pdf

Attaching package: ‘igraph’

The following objects are masked from ‘package:stats’:

    decompose, spectrum

The following object is masked from ‘package:base’:

    union

Warning message:
In ifelse(!is.null(params$zoom_quantile), as.numeric(params$zoom_quantile),  :
  NAs introduced by coercion
Merged STN-i plot saved successfully to: /home/imperialdramon/Tesis/STN-model-for-irace/Experiments/PSO-X/Merged-E7-E8-Mul/Plots/L1/plotted-Merged-STN-i-E7-E8-Mul-L1-fr-F-T-F-F-NA.pdf
          used (Mb) gc trigger (Mb) max used (Mb)
Ncells  563212 30.1    1268198 67.8  1268198 67.8
Vcells 1127554  8.7    8388608 64.0  4200277 32.1
✅ Success: Generated plotted-Merged-STN-i-E7-E8-Mul-L1-fr-F-T-F-F-NA.pdf
>> Plotting: plotted-Merged-STN-i-E7-E8-Mul-L2-fr-T-T-T-T-NA.pdf

Attaching package: ‘igraph’

The following objects are masked from ‘package:stats’:

    decompose, spectrum

The following object is masked from ‘package:base’:

    union

Warning message:
In ifelse(!is.null(params$zoom_quantile), as.numeric(params$zoom_quantile),  :
  NAs introduced by coercion
Merged STN-i plot saved successfully to: /home/imperialdramon/Tesis/STN-model-for-irace/Experiments/PSO-X/Merged-E7-E8-Mul/Plots/L1/plotted-Merged-STN-i-E7-E8-Mul-L1-fr-T-T-T-T-NA.pdf
          used (Mb) gc trigger (Mb) max used (Mb)
Ncells  586804 31.4    1139484 60.9  1139484 60.9
Vcells 1302543 10.0    8388608 64.0  8388600 64.0
✅ Success: Generated plotted-Merged-STN-i-E7-E8-Mul-L1-fr-T-T-T-T-NA.pdf
>> Plotting: plotted-Merged-STN-i-E7-E8-Mul-L2-fr-T-T-T-F-NA.pdf

Attaching package: ‘igraph’

The following objects are masked from ‘package:stats’:

    decompose, spectrum

The following object is masked from ‘package:base’:

    union

Warning message:
In ifelse(!is.null(params$zoom_quantile), as.numeric(params$zoom_quantile),  :
  NAs introduced by coercion
Merged STN-i plot saved successfully to: /home/imperialdramon/Tesis/STN-model-for-irace/Experiments/PSO-X/Merged-E7-E8-Mul/Plots/L2/plotted-Merged-STN-i-E7-E8-Mul-L2-fr-T-T-T-F-NA.pdf
          used (Mb) gc trigger (Mb) max used (Mb)
Ncells  580567 31.1    1145992 61.3  1145992 61.3
Vcells 1307818 10.0    8388608 64.0  8388608 64.0
✅ Success: Generated plotted-Merged-STN-i-E7-E8-Mul-L2-fr-T-T-T-F-NA.pdf
>> Plotting: plotted-Merged-STN-i-E7-E8-Mul-L2-fr-F-T-F-F-NA.pdf

Attaching package: ‘igraph’

The following objects are masked from ‘package:stats’:

    decompose, spectrum

The following object is masked from ‘package:base’:

    union

Warning message:
In ifelse(!is.null(params$zoom_quantile), as.numeric(params$zoom_quantile),  :
  NAs introduced by coercion
Merged STN-i plot saved successfully to: /home/imperialdramon/Tesis/STN-model-for-irace/Experiments/PSO-X/Merged-E7-E8-Mul/Plots/L2/plotted-Merged-STN-i-E7-E8-Mul-L2-fr-T-T-T-T-NA.pdf
          used (Mb) gc trigger (Mb) max used (Mb)
Ncells  583248 31.2    1138238 60.8  1138238 60.8
Vcells 1267256  9.7    8388608 64.0  8388602 64.0
✅ Success: Generated plotted-Merged-STN-i-E7-E8-Mul-L2-fr-T-T-T-T-NA.pdf
Merged STN-i plot saved successfully to: /home/imperialdramon/Tesis/STN-model-for-irace/Experiments/PSO-X/Merged-E7-E8-Mul/Plots/L2/plotted-Merged-STN-i-E7-E8-Mul-L2-fr-F-T-F-F-NA.pdf
          used (Mb) gc trigger (Mb) max used (Mb)
Ncells  562260 30.1    1264010 67.6  1264010 67.6
Vcells 1113070  8.5    8388608 64.0  4518633 34.5
✅ Success: Generated plotted-Merged-STN-i-E7-E8-Mul-L2-fr-F-T-F-F-NA.pdf
>> Plotting: plotted-Merged-STN-i-E7-E8-Mul-L3-fr-T-T-T-T-NA.pdf
>> Plotting: plotted-Merged-STN-i-E7-E8-Mul-L3-fr-T-T-T-F-NA.pdf

Attaching package: ‘igraph’


Attaching package: ‘igraph’

The following objects are masked from ‘package:stats’:

    decompose, spectrum

The following object is masked from ‘package:base’:

    union

The following objects are masked from ‘package:stats’:

    decompose, spectrum

The following object is masked from ‘package:base’:

    union

Warning message:
In ifelse(!is.null(params$zoom_quantile), as.numeric(params$zoom_quantile),  :
  NAs introduced by coercion
Warning message:
In ifelse(!is.null(params$zoom_quantile), as.numeric(params$zoom_quantile),  :
  NAs introduced by coercion
Merged STN-i plot saved successfully to: /home/imperialdramon/Tesis/STN-model-for-irace/Experiments/PSO-X/Merged-E7-E8-Mul/Plots/L3/plotted-Merged-STN-i-E7-E8-Mul-L3-fr-T-T-T-F-NA.pdf
          used (Mb) gc trigger (Mb) max used (Mb)
Ncells  574807 30.7    1151010 61.5  1151010 61.5
Vcells 1236402  9.5    8388608 64.0  8388598 64.0
✅ Success: Generated plotted-Merged-STN-i-E7-E8-Mul-L3-fr-T-T-T-F-NA.pdf
>> Plotting: plotted-Merged-STN-i-E7-E8-Mul-L3-fr-F-T-F-F-NA.pdf

Attaching package: ‘igraph’

The following objects are masked from ‘package:stats’:

    decompose, spectrum

The following object is masked from ‘package:base’:

    union

Warning message:
In ifelse(!is.null(params$zoom_quantile), as.numeric(params$zoom_quantile),  :
  NAs introduced by coercion
Merged STN-i plot saved successfully to: /home/imperialdramon/Tesis/STN-model-for-irace/Experiments/PSO-X/Merged-E7-E8-Mul/Plots/L3/plotted-Merged-STN-i-E7-E8-Mul-L3-fr-F-T-F-F-NA.pdf
          used (Mb) gc trigger (Mb) max used (Mb)
Ncells  560804 30.0    1263644 67.5  1263644 67.5
Vcells 1090756  8.4    8388608 64.0  3948323 30.2
✅ Success: Generated plotted-Merged-STN-i-E7-E8-Mul-L3-fr-F-T-F-F-NA.pdf
>> Plotting: plotted-Merged-STN-i-E9-E10-Uni-L1-fr-T-T-T-T-NA.pdf

Attaching package: ‘igraph’

The following objects are masked from ‘package:stats’:

    decompose, spectrum

The following object is masked from ‘package:base’:

    union

Warning message:
In ifelse(!is.null(params$zoom_quantile), as.numeric(params$zoom_quantile),  :
  NAs introduced by coercion
Merged STN-i plot saved successfully to: /home/imperialdramon/Tesis/STN-model-for-irace/Experiments/PSO-X/Merged-E7-E8-Mul/Plots/L3/plotted-Merged-STN-i-E7-E8-Mul-L3-fr-T-T-T-T-NA.pdf
          used (Mb) gc trigger (Mb) max used (Mb)
Ncells  577812 30.9    1137707 60.8  1137707 60.8
Vcells 1214261  9.3    8392907 64.1  8392907 64.1
✅ Success: Generated plotted-Merged-STN-i-E7-E8-Mul-L3-fr-T-T-T-T-NA.pdf
>> Plotting: plotted-Merged-STN-i-E9-E10-Uni-L1-fr-T-T-T-F-NA.pdf

Attaching package: ‘igraph’

The following objects are masked from ‘package:stats’:

    decompose, spectrum

The following object is masked from ‘package:base’:

    union

Warning message:
In ifelse(!is.null(params$zoom_quantile), as.numeric(params$zoom_quantile),  :
  NAs introduced by coercion
Merged STN-i plot saved successfully to: /home/imperialdramon/Tesis/STN-model-for-irace/Experiments/PSO-X/Merged-E9-E10-Uni/Plots/L1/plotted-Merged-STN-i-E9-E10-Uni-L1-fr-T-T-T-T-NA.pdf
          used (Mb) gc trigger (Mb) max used (Mb)
Ncells  571588 30.6    1139498 60.9  1139498 60.9
Vcells 1158097  8.9    8388608 64.0  8388600 64.0
✅ Success: Generated plotted-Merged-STN-i-E9-E10-Uni-L1-fr-T-T-T-T-NA.pdf
>> Plotting: plotted-Merged-STN-i-E9-E10-Uni-L1-fr-F-T-F-F-NA.pdf

Attaching package: ‘igraph’

The following objects are masked from ‘package:stats’:

    decompose, spectrum

The following object is masked from ‘package:base’:

    union

Warning message:
In ifelse(!is.null(params$zoom_quantile), as.numeric(params$zoom_quantile),  :
  NAs introduced by coercion
Merged STN-i plot saved successfully to: /home/imperialdramon/Tesis/STN-model-for-irace/Experiments/PSO-X/Merged-E9-E10-Uni/Plots/L1/plotted-Merged-STN-i-E9-E10-Uni-L1-fr-T-T-T-F-NA.pdf
          used (Mb) gc trigger (Mb) max used (Mb)
Ncells  570289 30.5    1148550 61.4  1148550 61.4
Vcells 1190309  9.1    8388608 64.0  8388607 64.0
✅ Success: Generated plotted-Merged-STN-i-E9-E10-Uni-L1-fr-T-T-T-F-NA.pdf
Merged STN-i plot saved successfully to: /home/imperialdramon/Tesis/STN-model-for-irace/Experiments/PSO-X/Merged-E9-E10-Uni/Plots/L1/plotted-Merged-STN-i-E9-E10-Uni-L1-fr-F-T-F-F-NA.pdf
          used (Mb) gc trigger (Mb) max used (Mb)
Ncells  558733 29.9    1260524 67.4  1260524 67.4
Vcells 1065072  8.2    8388608 64.0  4443270 33.9
✅ Success: Generated plotted-Merged-STN-i-E9-E10-Uni-L1-fr-F-T-F-F-NA.pdf
>> Plotting: plotted-Merged-STN-i-E9-E10-Uni-L2-fr-T-T-T-T-NA.pdf
>> Plotting: plotted-Merged-STN-i-E9-E10-Uni-L2-fr-T-T-T-F-NA.pdf

Attaching package: ‘igraph’


Attaching package: ‘igraph’

The following objects are masked from ‘package:stats’:

    decompose, spectrum

The following object is masked from ‘package:base’:

    union

The following objects are masked from ‘package:stats’:

    decompose, spectrum

The following object is masked from ‘package:base’:

    union

Warning message:
In ifelse(!is.null(params$zoom_quantile), as.numeric(params$zoom_quantile),  :
  NAs introduced by coercion
Warning message:
In ifelse(!is.null(params$zoom_quantile), as.numeric(params$zoom_quantile),  :
  NAs introduced by coercion
Merged STN-i plot saved successfully to: /home/imperialdramon/Tesis/STN-model-for-irace/Experiments/PSO-X/Merged-E9-E10-Uni/Plots/L2/plotted-Merged-STN-i-E9-E10-Uni-L2-fr-T-T-T-F-NA.pdf
          used (Mb) gc trigger (Mb) max used (Mb)
Ncells  568714 30.4    1275987 68.2  1275987 68.2
Vcells 1169242  9.0    8388608 64.0  8388608 64.0
✅ Success: Generated plotted-Merged-STN-i-E9-E10-Uni-L2-fr-T-T-T-F-NA.pdf
>> Plotting: plotted-Merged-STN-i-E9-E10-Uni-L2-fr-F-T-F-F-NA.pdf

Attaching package: ‘igraph’

The following objects are masked from ‘package:stats’:

    decompose, spectrum

The following object is masked from ‘package:base’:

    union

Warning message:
In ifelse(!is.null(params$zoom_quantile), as.numeric(params$zoom_quantile),  :
  NAs introduced by coercion
Merged STN-i plot saved successfully to: /home/imperialdramon/Tesis/STN-model-for-irace/Experiments/PSO-X/Merged-E9-E10-Uni/Plots/L2/plotted-Merged-STN-i-E9-E10-Uni-L2-fr-T-T-T-T-NA.pdf
          used (Mb) gc trigger (Mb) max used (Mb)
Ncells  570020 30.5    1141167   61  1141167   61
Vcells 1142151  8.8    8388608   64  8388556   64
✅ Success: Generated plotted-Merged-STN-i-E9-E10-Uni-L2-fr-T-T-T-T-NA.pdf
Merged STN-i plot saved successfully to: /home/imperialdramon/Tesis/STN-model-for-irace/Experiments/PSO-X/Merged-E9-E10-Uni/Plots/L2/plotted-Merged-STN-i-E9-E10-Uni-L2-fr-F-T-F-F-NA.pdf
          used (Mb) gc trigger (Mb) max used (Mb)
Ncells  558350 29.9    1254692 67.1  1254692 67.1
Vcells 1058581  8.1    8388608 64.0  3578210 27.3
✅ Success: Generated plotted-Merged-STN-i-E9-E10-Uni-L2-fr-F-T-F-F-NA.pdf
>> Plotting: plotted-Merged-STN-i-E9-E10-Uni-L3-fr-T-T-T-T-NA.pdf
>> Plotting: plotted-Merged-STN-i-E9-E10-Uni-L3-fr-T-T-T-F-NA.pdf

Attaching package: ‘igraph’

The following objects are masked from ‘package:stats’:

    decompose, spectrum

The following object is masked from ‘package:base’:

    union


Attaching package: ‘igraph’

The following objects are masked from ‘package:stats’:

    decompose, spectrum

The following object is masked from ‘package:base’:

    union

Warning message:
In ifelse(!is.null(params$zoom_quantile), as.numeric(params$zoom_quantile),  :
  NAs introduced by coercion
Warning message:
In ifelse(!is.null(params$zoom_quantile), as.numeric(params$zoom_quantile),  :
  NAs introduced by coercion
Merged STN-i plot saved successfully to: /home/imperialdramon/Tesis/STN-model-for-irace/Experiments/PSO-X/Merged-E9-E10-Uni/Plots/L3/plotted-Merged-STN-i-E9-E10-Uni-L3-fr-T-T-T-F-NA.pdf
          used (Mb) gc trigger (Mb) max used (Mb)
Ncells  565732 30.3    1272158   68  1272158   68
Vcells 1131159  8.7    8388608   64  8388591   64
✅ Success: Generated plotted-Merged-STN-i-E9-E10-Uni-L3-fr-T-T-T-F-NA.pdf
>> Plotting: plotted-Merged-STN-i-E9-E10-Uni-L3-fr-F-T-F-F-NA.pdf
Merged STN-i plot saved successfully to: /home/imperialdramon/Tesis/STN-model-for-irace/Experiments/PSO-X/Merged-E9-E10-Uni/Plots/L3/plotted-Merged-STN-i-E9-E10-Uni-L3-fr-T-T-T-T-NA.pdf
          used (Mb) gc trigger (Mb) max used (Mb)
Ncells  567104 30.3    1269390 67.8  1269390 67.8
Vcells 1113460  8.5    8388608 64.0  8388503 64.0
✅ Success: Generated plotted-Merged-STN-i-E9-E10-Uni-L3-fr-T-T-T-T-NA.pdf

Attaching package: ‘igraph’

The following objects are masked from ‘package:stats’:

    decompose, spectrum

The following object is masked from ‘package:base’:

    union

Warning message:
In ifelse(!is.null(params$zoom_quantile), as.numeric(params$zoom_quantile),  :
  NAs introduced by coercion
Merged STN-i plot saved successfully to: /home/imperialdramon/Tesis/STN-model-for-irace/Experiments/PSO-X/Merged-E9-E10-Uni/Plots/L3/plotted-Merged-STN-i-E9-E10-Uni-L3-fr-F-T-F-F-NA.pdf
          used (Mb) gc trigger (Mb) max used (Mb)
Ncells  557641 29.8    1251104 66.9  1251104 66.9
Vcells 1046677  8.0    8388608 64.0  3773154 28.8
✅ Success: Generated plotted-Merged-STN-i-E9-E10-Uni-L3-fr-F-T-F-F-NA.pdf
>> Plotting: plotted-Merged-STN-i-E11-E12-Uni-L1-fr-T-T-T-T-NA.pdf
>> Plotting: plotted-Merged-STN-i-E11-E12-Uni-L1-fr-T-T-T-F-NA.pdf

Attaching package: ‘igraph’


Attaching package: ‘igraph’

The following objects are masked from ‘package:stats’:

    decompose, spectrum

The following object is masked from ‘package:base’:

    union

The following objects are masked from ‘package:stats’:

    decompose, spectrum

The following object is masked from ‘package:base’:

    union

Warning message:
In ifelse(!is.null(params$zoom_quantile), as.numeric(params$zoom_quantile),  :
  NAs introduced by coercion
Warning message:
In ifelse(!is.null(params$zoom_quantile), as.numeric(params$zoom_quantile),  :
  NAs introduced by coercion
Merged STN-i plot saved successfully to: /home/imperialdramon/Tesis/STN-model-for-irace/Experiments/PSO-X/Merged-E11-E12-Uni/Plots/L1/plotted-Merged-STN-i-E11-E12-Uni-L1-fr-T-T-T-F-NA.pdf
          used (Mb) gc trigger (Mb) max used (Mb)
Ncells  588432 31.5    1145761 61.2  1145761 61.2
Vcells 1404504 10.8    8388608 64.0  8388608 64.0
✅ Success: Generated plotted-Merged-STN-i-E11-E12-Uni-L1-fr-T-T-T-F-NA.pdf
>> Plotting: plotted-Merged-STN-i-E11-E12-Uni-L1-fr-F-T-F-F-NA.pdf

Attaching package: ‘igraph’

The following objects are masked from ‘package:stats’:

    decompose, spectrum

The following object is masked from ‘package:base’:

    union

Warning message:
In ifelse(!is.null(params$zoom_quantile), as.numeric(params$zoom_quantile),  :
  NAs introduced by coercion
Merged STN-i plot saved successfully to: /home/imperialdramon/Tesis/STN-model-for-irace/Experiments/PSO-X/Merged-E11-E12-Uni/Plots/L1/plotted-Merged-STN-i-E11-E12-Uni-L1-fr-F-T-F-F-NA.pdf
          used (Mb) gc trigger (Mb) max used (Mb)
Ncells  564497 30.2    1273492 68.1  1273492 68.1
Vcells 1145797  8.8    8388608 64.0  5366694 41.0
✅ Success: Generated plotted-Merged-STN-i-E11-E12-Uni-L1-fr-F-T-F-F-NA.pdf
>> Plotting: plotted-Merged-STN-i-E11-E12-Uni-L2-fr-T-T-T-T-NA.pdf

Attaching package: ‘igraph’

The following objects are masked from ‘package:stats’:

    decompose, spectrum

The following object is masked from ‘package:base’:

    union

Warning message:
In ifelse(!is.null(params$zoom_quantile), as.numeric(params$zoom_quantile),  :
  NAs introduced by coercion
Merged STN-i plot saved successfully to: /home/imperialdramon/Tesis/STN-model-for-irace/Experiments/PSO-X/Merged-E11-E12-Uni/Plots/L1/plotted-Merged-STN-i-E11-E12-Uni-L1-fr-T-T-T-T-NA.pdf
          used (Mb) gc trigger (Mb) max used (Mb)
Ncells  591206 31.6    1141021   61  1141021   61
Vcells 1342905 10.3    8388608   64  8388605   64
✅ Success: Generated plotted-Merged-STN-i-E11-E12-Uni-L1-fr-T-T-T-T-NA.pdf
>> Plotting: plotted-Merged-STN-i-E11-E12-Uni-L2-fr-T-T-T-F-NA.pdf

Attaching package: ‘igraph’

The following objects are masked from ‘package:stats’:

    decompose, spectrum

The following object is masked from ‘package:base’:

    union

Warning message:
In ifelse(!is.null(params$zoom_quantile), as.numeric(params$zoom_quantile),  :
  NAs introduced by coercion
Merged STN-i plot saved successfully to: /home/imperialdramon/Tesis/STN-model-for-irace/Experiments/PSO-X/Merged-E11-E12-Uni/Plots/L2/plotted-Merged-STN-i-E11-E12-Uni-L2-fr-T-T-T-F-NA.pdf
          used (Mb) gc trigger (Mb) max used (Mb)
Ncells  581145 31.1    1146827 61.3  1146827 61.3
Vcells 1309889 10.0    8388608 64.0  8388608 64.0
✅ Success: Generated plotted-Merged-STN-i-E11-E12-Uni-L2-fr-T-T-T-F-NA.pdf
>> Plotting: plotted-Merged-STN-i-E11-E12-Uni-L2-fr-F-T-F-F-NA.pdf
Merged STN-i plot saved successfully to: /home/imperialdramon/Tesis/STN-model-for-irace/Experiments/PSO-X/Merged-E11-E12-Uni/Plots/L2/plotted-Merged-STN-i-E11-E12-Uni-L2-fr-T-T-T-T-NA.pdf
          used (Mb) gc trigger (Mb) max used (Mb)
Ncells  583936 31.2    1138104 60.8  1138104 60.8
Vcells 1270945  9.7    8388608 64.0  8388608 64.0
✅ Success: Generated plotted-Merged-STN-i-E11-E12-Uni-L2-fr-T-T-T-T-NA.pdf

Attaching package: ‘igraph’

The following objects are masked from ‘package:stats’:

    decompose, spectrum

The following object is masked from ‘package:base’:

    union

Warning message:
In ifelse(!is.null(params$zoom_quantile), as.numeric(params$zoom_quantile),  :
  NAs introduced by coercion
>> Plotting: plotted-Merged-STN-i-E11-E12-Uni-L3-fr-T-T-T-T-NA.pdf
Merged STN-i plot saved successfully to: /home/imperialdramon/Tesis/STN-model-for-irace/Experiments/PSO-X/Merged-E11-E12-Uni/Plots/L2/plotted-Merged-STN-i-E11-E12-Uni-L2-fr-F-T-F-F-NA.pdf
          used (Mb) gc trigger (Mb) max used (Mb)
Ncells  562827 30.1    1271487   68  1271487 68.0
Vcells 1118113  8.6    8388608   64  4120111 31.5
✅ Success: Generated plotted-Merged-STN-i-E11-E12-Uni-L2-fr-F-T-F-F-NA.pdf

Attaching package: ‘igraph’

The following objects are masked from ‘package:stats’:

    decompose, spectrum

The following object is masked from ‘package:base’:

    union

Warning message:
In ifelse(!is.null(params$zoom_quantile), as.numeric(params$zoom_quantile),  :
  NAs introduced by coercion
>> Plotting: plotted-Merged-STN-i-E11-E12-Uni-L3-fr-T-T-T-F-NA.pdf

Attaching package: ‘igraph’

The following objects are masked from ‘package:stats’:

    decompose, spectrum

The following object is masked from ‘package:base’:

    union

Warning message:
In ifelse(!is.null(params$zoom_quantile), as.numeric(params$zoom_quantile),  :
  NAs introduced by coercion
Merged STN-i plot saved successfully to: /home/imperialdramon/Tesis/STN-model-for-irace/Experiments/PSO-X/Merged-E11-E12-Uni/Plots/L3/plotted-Merged-STN-i-E11-E12-Uni-L3-fr-T-T-T-F-NA.pdf
          used (Mb) gc trigger (Mb) max used (Mb)
Ncells  573998 30.7    1154141 61.7  1154141 61.7
Vcells 1223916  9.4    8388608 64.0  8388602 64.0
✅ Success: Generated plotted-Merged-STN-i-E11-E12-Uni-L3-fr-T-T-T-F-NA.pdf
=== Processing algorithm: MMASQAP ===
>> Plotting: plotted-Merged-STN-i-E11-E12-Uni-L3-fr-F-T-F-F-NA.pdf

Attaching package: ‘igraph’

The following objects are masked from ‘package:stats’:

    decompose, spectrum

The following object is masked from ‘package:base’:

    union

Warning message:
In ifelse(!is.null(params$zoom_quantile), as.numeric(params$zoom_quantile),  :
  NAs introduced by coercion
Merged STN-i plot saved successfully to: /home/imperialdramon/Tesis/STN-model-for-irace/Experiments/PSO-X/Merged-E11-E12-Uni/Plots/L3/plotted-Merged-STN-i-E11-E12-Uni-L3-fr-T-T-T-T-NA.pdf
          used (Mb) gc trigger (Mb) max used (Mb)
Ncells  577037 30.9    1137890 60.8  1137890 60.8
Vcells 1206121  9.3    8388608 64.0  8388608 64.0
✅ Success: Generated plotted-Merged-STN-i-E11-E12-Uni-L3-fr-T-T-T-T-NA.pdf
Merged STN-i plot saved successfully to: /home/imperialdramon/Tesis/STN-model-for-irace/Experiments/PSO-X/Merged-E11-E12-Uni/Plots/L3/plotted-Merged-STN-i-E11-E12-Uni-L3-fr-F-T-F-F-NA.pdf
          used (Mb) gc trigger (Mb) max used (Mb)
Ncells  560812 30.0    1265850 67.7  1265850 67.7
Vcells 1088578  8.4    8388608 64.0  3038446 23.2
✅ Success: Generated plotted-Merged-STN-i-E11-E12-Uni-L3-fr-F-T-F-F-NA.pdf
>> Plotting: plotted-Merged-STN-i-E1-E2-60-L1-fr-T-T-T-T-NA.pdf
>> Plotting: plotted-Merged-STN-i-E1-E2-60-L1-fr-T-T-T-F-NA.pdf

Attaching package: ‘igraph’

The following objects are masked from ‘package:stats’:

    decompose, spectrum

The following object is masked from ‘package:base’:

    union


Attaching package: ‘igraph’

The following objects are masked from ‘package:stats’:

    decompose, spectrum

The following object is masked from ‘package:base’:

    union

Warning message:
In ifelse(!is.null(params$zoom_quantile), as.numeric(params$zoom_quantile),  :
  NAs introduced by coercion
Warning message:
In ifelse(!is.null(params$zoom_quantile), as.numeric(params$zoom_quantile),  :
  NAs introduced by coercion
Merged STN-i plot saved successfully to: /home/imperialdramon/Tesis/STN-model-for-irace/Experiments/MMASQAP/Merged-E1-E2-60/Plots/L1/plotted-Merged-STN-i-E1-E2-60-L1-fr-T-T-T-F-NA.pdf
          used (Mb) gc trigger (Mb) max used (Mb)
Ncells  555429 29.7    1248701 66.7  1248701 66.7
Vcells 1007993  7.7    8388608 64.0  5506736 42.1
✅ Success: Generated plotted-Merged-STN-i-E1-E2-60-L1-fr-T-T-T-F-NA.pdf
>> Plotting: plotted-Merged-STN-i-E1-E2-60-L1-fr-F-T-F-F-NA.pdf

Attaching package: ‘igraph’

The following objects are masked from ‘package:stats’:

    decompose, spectrum

The following object is masked from ‘package:base’:

    union

Warning message:
In ifelse(!is.null(params$zoom_quantile), as.numeric(params$zoom_quantile),  :
  NAs introduced by coercion
Merged STN-i plot saved successfully to: /home/imperialdramon/Tesis/STN-model-for-irace/Experiments/MMASQAP/Merged-E1-E2-60/Plots/L1/plotted-Merged-STN-i-E1-E2-60-L1-fr-T-T-T-T-NA.pdf
          used (Mb) gc trigger (Mb) max used (Mb)
Ncells  556414 29.8    1250141 66.8  1250141 66.8
Vcells 1009406  7.8    8388608 64.0  8388505 64.0
✅ Success: Generated plotted-Merged-STN-i-E1-E2-60-L1-fr-T-T-T-T-NA.pdf
Merged STN-i plot saved successfully to: /home/imperialdramon/Tesis/STN-model-for-irace/Experiments/MMASQAP/Merged-E1-E2-60/Plots/L1/plotted-Merged-STN-i-E1-E2-60-L1-fr-F-T-F-F-NA.pdf
         used (Mb) gc trigger (Mb) max used (Mb)
Ncells 553950 29.6    1242921 66.4  1147640 61.3
Vcells 993639  7.6    8388608 64.0  1923841 14.7
✅ Success: Generated plotted-Merged-STN-i-E1-E2-60-L1-fr-F-T-F-F-NA.pdf
>> Plotting: plotted-Merged-STN-i-E1-E2-60-L2-fr-T-T-T-T-NA.pdf
>> Plotting: plotted-Merged-STN-i-E1-E2-60-L2-fr-T-T-T-F-NA.pdf

Attaching package: ‘igraph’

The following objects are masked from ‘package:stats’:

    decompose, spectrum

The following object is masked from ‘package:base’:

    union


Attaching package: ‘igraph’

The following objects are masked from ‘package:stats’:

    decompose, spectrum

The following object is masked from ‘package:base’:

    union

Warning message:
In ifelse(!is.null(params$zoom_quantile), as.numeric(params$zoom_quantile),  :
  NAs introduced by coercion
Warning message:
In ifelse(!is.null(params$zoom_quantile), as.numeric(params$zoom_quantile),  :
  NAs introduced by coercion
Merged STN-i plot saved successfully to: /home/imperialdramon/Tesis/STN-model-for-irace/Experiments/MMASQAP/Merged-E1-E2-60/Plots/L2/plotted-Merged-STN-i-E1-E2-60-L2-fr-T-T-T-F-NA.pdf
         used (Mb) gc trigger (Mb) max used (Mb)
Ncells 552748 29.6    1244578 66.5   746275 39.9
Vcells 980939  7.5    8388608 64.0  1923841 14.7
✅ Success: Generated plotted-Merged-STN-i-E1-E2-60-L2-fr-T-T-T-F-NA.pdf
Merged STN-i plot saved successfully to: /home/imperialdramon/Tesis/STN-model-for-irace/Experiments/MMASQAP/Merged-E1-E2-60/Plots/L2/plotted-Merged-STN-i-E1-E2-60-L2-fr-T-T-T-T-NA.pdf
         used (Mb) gc trigger (Mb) max used (Mb)
Ncells 553480 29.6    1244487 66.5  1244487 66.5
Vcells 984494  7.6    8388608 64.0  2480974 19.0
✅ Success: Generated plotted-Merged-STN-i-E1-E2-60-L2-fr-T-T-T-T-NA.pdf
>> Plotting: plotted-Merged-STN-i-E1-E2-60-L2-fr-F-T-F-F-NA.pdf
>> Plotting: plotted-Merged-STN-i-E1-E2-60-L3-fr-T-T-T-T-NA.pdf

Attaching package: ‘igraph’

The following objects are masked from ‘package:stats’:

    decompose, spectrum

The following object is masked from ‘package:base’:

    union


Attaching package: ‘igraph’

The following objects are masked from ‘package:stats’:

    decompose, spectrum

The following object is masked from ‘package:base’:

    union

Warning message:
In ifelse(!is.null(params$zoom_quantile), as.numeric(params$zoom_quantile),  :
  NAs introduced by coercion
Warning message:
In ifelse(!is.null(params$zoom_quantile), as.numeric(params$zoom_quantile),  :
  NAs introduced by coercion
Merged STN-i plot saved successfully to: /home/imperialdramon/Tesis/STN-model-for-irace/Experiments/MMASQAP/Merged-E1-E2-60/Plots/L2/plotted-Merged-STN-i-E1-E2-60-L2-fr-F-T-F-F-NA.pdf
Merged STN-i plot saved successfully to: /home/imperialdramon/Tesis/STN-model-for-irace/Experiments/MMASQAP/Merged-E1-E2-60/Plots/L3/plotted-Merged-STN-i-E1-E2-60-L3-fr-T-T-T-T-NA.pdf
         used (Mb) gc trigger (Mb) max used (Mb)
Ncells 552616 29.6    1244072 66.5   728171 38.9
Vcells 979877  7.5    8388608 64.0  1923841 14.7
✅ Success: Generated plotted-Merged-STN-i-E1-E2-60-L2-fr-F-T-F-F-NA.pdf
         used (Mb) gc trigger (Mb) max used (Mb)
Ncells 552551 29.6    1244075 66.5   830248 44.4
Vcells 977279  7.5    8388608 64.0  1923841 14.7
✅ Success: Generated plotted-Merged-STN-i-E1-E2-60-L3-fr-T-T-T-T-NA.pdf
>> Plotting: plotted-Merged-STN-i-E1-E2-60-L3-fr-T-T-T-F-NA.pdf
>> Plotting: plotted-Merged-STN-i-E1-E2-60-L3-fr-F-T-F-F-NA.pdf

Attaching package: ‘igraph’


Attaching package: ‘igraph’

The following objects are masked from ‘package:stats’:

    decompose, spectrum

The following object is masked from ‘package:base’:

    union

The following objects are masked from ‘package:stats’:

    decompose, spectrum

The following object is masked from ‘package:base’:

    union

Warning message:
In ifelse(!is.null(params$zoom_quantile), as.numeric(params$zoom_quantile),  :
  NAs introduced by coercion
Warning message:
In ifelse(!is.null(params$zoom_quantile), as.numeric(params$zoom_quantile),  :
  NAs introduced by coercion
Merged STN-i plot saved successfully to: /home/imperialdramon/Tesis/STN-model-for-irace/Experiments/MMASQAP/Merged-E1-E2-60/Plots/L3/plotted-Merged-STN-i-E1-E2-60-L3-fr-F-T-F-F-NA.pdf
         used (Mb) gc trigger (Mb) max used (Mb)
Ncells 552223 29.5    1231658 65.8   692242 37.0
Vcells 975597  7.5    8388608 64.0  1923841 14.7
✅ Success: Generated plotted-Merged-STN-i-E1-E2-60-L3-fr-F-T-F-F-NA.pdf
Merged STN-i plot saved successfully to: /home/imperialdramon/Tesis/STN-model-for-irace/Experiments/MMASQAP/Merged-E1-E2-60/Plots/L3/plotted-Merged-STN-i-E1-E2-60-L3-fr-T-T-T-F-NA.pdf
         used (Mb) gc trigger (Mb) max used (Mb)
Ncells 552360 29.5    1232050 65.8   692242 37.0
Vcells 976668  7.5    8388608 64.0  1923841 14.7
✅ Success: Generated plotted-Merged-STN-i-E1-E2-60-L3-fr-T-T-T-F-NA.pdf
>> Plotting: plotted-Merged-STN-i-E3-E4-60-L1-fr-T-T-T-T-NA.pdf
>> Plotting: plotted-Merged-STN-i-E3-E4-60-L1-fr-T-T-T-F-NA.pdf

Attaching package: ‘igraph’

The following objects are masked from ‘package:stats’:

    decompose, spectrum

The following object is masked from ‘package:base’:

    union


Attaching package: ‘igraph’

The following objects are masked from ‘package:stats’:

    decompose, spectrum

The following object is masked from ‘package:base’:

    union

Warning message:
In ifelse(!is.null(params$zoom_quantile), as.numeric(params$zoom_quantile),  :
  NAs introduced by coercion
Warning message:
In ifelse(!is.null(params$zoom_quantile), as.numeric(params$zoom_quantile),  :
  NAs introduced by coercion
Merged STN-i plot saved successfully to: /home/imperialdramon/Tesis/STN-model-for-irace/Experiments/MMASQAP/Merged-E3-E4-60/Plots/L1/plotted-Merged-STN-i-E3-E4-60-L1-fr-T-T-T-F-NA.pdf
          used (Mb) gc trigger (Mb) max used (Mb)
Ncells  556593 29.8    1252927   67  1252927 67.0
Vcells 1020386  7.8    8388608   64  4930260 37.7
✅ Success: Generated plotted-Merged-STN-i-E3-E4-60-L1-fr-T-T-T-F-NA.pdf
Merged STN-i plot saved successfully to: /home/imperialdramon/Tesis/STN-model-for-irace/Experiments/MMASQAP/Merged-E3-E4-60/Plots/L1/plotted-Merged-STN-i-E3-E4-60-L1-fr-T-T-T-T-NA.pdf
          used (Mb) gc trigger (Mb) max used (Mb)
Ncells  559682 29.9    1258835 67.3  1258835 67.3
Vcells 1034277  7.9    8388608 64.0  8388599 64.0
✅ Success: Generated plotted-Merged-STN-i-E3-E4-60-L1-fr-T-T-T-T-NA.pdf
>> Plotting: plotted-Merged-STN-i-E3-E4-60-L1-fr-F-T-F-F-NA.pdf
>> Plotting: plotted-Merged-STN-i-E3-E4-60-L2-fr-T-T-T-T-NA.pdf

Attaching package: ‘igraph’

The following objects are masked from ‘package:stats’:

    decompose, spectrum

The following object is masked from ‘package:base’:

    union


Attaching package: ‘igraph’

The following objects are masked from ‘package:stats’:

    decompose, spectrum

The following object is masked from ‘package:base’:

    union

Warning message:
In ifelse(!is.null(params$zoom_quantile), as.numeric(params$zoom_quantile),  :
  NAs introduced by coercion
Warning message:
In ifelse(!is.null(params$zoom_quantile), as.numeric(params$zoom_quantile),  :
  NAs introduced by coercion
Merged STN-i plot saved successfully to: /home/imperialdramon/Tesis/STN-model-for-irace/Experiments/MMASQAP/Merged-E3-E4-60/Plots/L1/plotted-Merged-STN-i-E3-E4-60-L1-fr-F-T-F-F-NA.pdf
          used (Mb) gc trigger (Mb) max used (Mb)
Ncells  554901 29.7    1247787 66.7  1247787 66.7
Vcells 1005334  7.7    8388608 64.0  1923841 14.7
✅ Success: Generated plotted-Merged-STN-i-E3-E4-60-L1-fr-F-T-F-F-NA.pdf
Merged STN-i plot saved successfully to: /home/imperialdramon/Tesis/STN-model-for-irace/Experiments/MMASQAP/Merged-E3-E4-60/Plots/L2/plotted-Merged-STN-i-E3-E4-60-L2-fr-T-T-T-T-NA.pdf
         used (Mb) gc trigger (Mb) max used (Mb)
Ncells 553906 29.6    1245601 66.6  1245601 66.6
Vcells 987486  7.6    8388608 64.0  2447247 18.7
✅ Success: Generated plotted-Merged-STN-i-E3-E4-60-L2-fr-T-T-T-T-NA.pdf
>> Plotting: plotted-Merged-STN-i-E3-E4-60-L2-fr-T-T-T-F-NA.pdf
>> Plotting: plotted-Merged-STN-i-E3-E4-60-L2-fr-F-T-F-F-NA.pdf

Attaching package: ‘igraph’


Attaching package: ‘igraph’

The following objects are masked from ‘package:stats’:

    decompose, spectrum

The following objects are masked from ‘package:stats’:

    decompose, spectrum

The following object is masked from ‘package:base’:

    union

The following object is masked from ‘package:base’:

    union

Warning message:
In ifelse(!is.null(params$zoom_quantile), as.numeric(params$zoom_quantile),  :
  NAs introduced by coercion
Warning message:
In ifelse(!is.null(params$zoom_quantile), as.numeric(params$zoom_quantile),  :
  NAs introduced by coercion
Merged STN-i plot saved successfully to: /home/imperialdramon/Tesis/STN-model-for-irace/Experiments/MMASQAP/Merged-E3-E4-60/Plots/L2/plotted-Merged-STN-i-E3-E4-60-L2-fr-F-T-F-F-NA.pdf
Merged STN-i plot saved successfully to: /home/imperialdramon/Tesis/STN-model-for-irace/Experiments/MMASQAP/Merged-E3-E4-60/Plots/L2/plotted-Merged-STN-i-E3-E4-60-L2-fr-T-T-T-F-NA.pdf
         used (Mb) gc trigger (Mb) max used (Mb)
Ncells 552716 29.6    1244455 66.5   787369 42.1
Vcells 981318  7.5    8388608 64.0  1923841 14.7
✅ Success: Generated plotted-Merged-STN-i-E3-E4-60-L2-fr-F-T-F-F-NA.pdf
         used (Mb) gc trigger (Mb) max used (Mb)
Ncells 552833 29.6    1239358 66.2   948664 50.7
Vcells 982245  7.5    8388608 64.0  1923841 14.7
✅ Success: Generated plotted-Merged-STN-i-E3-E4-60-L2-fr-T-T-T-F-NA.pdf
>> Plotting: plotted-Merged-STN-i-E3-E4-60-L3-fr-T-T-T-T-NA.pdf
>> Plotting: plotted-Merged-STN-i-E3-E4-60-L3-fr-T-T-T-F-NA.pdf

Attaching package: ‘igraph’

The following objects are masked from ‘package:stats’:

    decompose, spectrum

The following object is masked from ‘package:base’:

    union


Attaching package: ‘igraph’

The following objects are masked from ‘package:stats’:

    decompose, spectrum

The following object is masked from ‘package:base’:

    union

Warning message:
In ifelse(!is.null(params$zoom_quantile), as.numeric(params$zoom_quantile),  :
  NAs introduced by coercion
Warning message:
In ifelse(!is.null(params$zoom_quantile), as.numeric(params$zoom_quantile),  :
  NAs introduced by coercion
Merged STN-i plot saved successfully to: /home/imperialdramon/Tesis/STN-model-for-irace/Experiments/MMASQAP/Merged-E3-E4-60/Plots/L3/plotted-Merged-STN-i-E3-E4-60-L3-fr-T-T-T-F-NA.pdf
         used (Mb) gc trigger (Mb) max used (Mb)
Ncells 552352 29.5    1232027 65.8   692242 37.0
Vcells 976799  7.5    8388608 64.0  1923841 14.7
✅ Success: Generated plotted-Merged-STN-i-E3-E4-60-L3-fr-T-T-T-F-NA.pdf
Merged STN-i plot saved successfully to: /home/imperialdramon/Tesis/STN-model-for-irace/Experiments/MMASQAP/Merged-E3-E4-60/Plots/L3/plotted-Merged-STN-i-E3-E4-60-L3-fr-T-T-T-T-NA.pdf
         used (Mb) gc trigger (Mb) max used (Mb)
Ncells 552680 29.6    1239024 66.2  1060868 56.7
Vcells 978188  7.5    8388608 64.0  1923841 14.7
✅ Success: Generated plotted-Merged-STN-i-E3-E4-60-L3-fr-T-T-T-T-NA.pdf
>> Plotting: plotted-Merged-STN-i-E3-E4-60-L3-fr-F-T-F-F-NA.pdf

Attaching package: ‘igraph’

The following objects are masked from ‘package:stats’:

    decompose, spectrum

The following object is masked from ‘package:base’:

    union

Warning message:
In ifelse(!is.null(params$zoom_quantile), as.numeric(params$zoom_quantile),  :
  NAs introduced by coercion
Merged STN-i plot saved successfully to: /home/imperialdramon/Tesis/STN-model-for-irace/Experiments/MMASQAP/Merged-E3-E4-60/Plots/L3/plotted-Merged-STN-i-E3-E4-60-L3-fr-F-T-F-F-NA.pdf
         used (Mb) gc trigger (Mb) max used (Mb)
Ncells 552289 29.5    1231847 65.8   692242 37.0
Vcells 976302  7.5    8388608 64.0  1923841 14.7
✅ Success: Generated plotted-Merged-STN-i-E3-E4-60-L3-fr-F-T-F-F-NA.pdf
=== Merged STN-i plotting finished at Thu Jul  3 19:20:02 -04 2025 ===
