=== Merged STN-i metrics generation started at Tue Jul  1 23:30:03 -04 2025 ===
=== Processing algorithm: ACOTSP ===
>> Generating metrics: metrics-Merged-STN-i-E1-E2-2000-L1.csv

Attaching package: ‘igraph’

The following objects are masked from ‘package:stats’:

    decompose, spectrum

The following object is masked from ‘package:base’:

    union

Merged STN-i metrics saved to: /home/imperialdramon/Tesis/STN-model-for-irace/Experiments/ACOTSP/Merged-E1-E2-2000/Metrics/metrics-Merged-STN-i-E1-E2-2000-L1.csv
          used (Mb) gc trigger (Mb) max used (Mb)
Ncells  516228 27.6    1128815 60.3   692242   37
Vcells 1080393  8.3    8388608 64.0  8381399   64
✅ Success: Generated metrics-Merged-STN-i-E1-E2-2000-L1.csv
>> Generating metrics: metrics-Merged-STN-i-E1-E2-2000-L2.csv

Attaching package: ‘igraph’

The following objects are masked from ‘package:stats’:

    decompose, spectrum

The following object is masked from ‘package:base’:

    union

Merged STN-i metrics saved to: /home/imperialdramon/Tesis/STN-model-for-irace/Experiments/ACOTSP/Merged-E1-E2-2000/Metrics/metrics-Merged-STN-i-E1-E2-2000-L2.csv
          used (Mb) gc trigger (Mb) max used (Mb)
Ncells  516227 27.6    1128812 60.3   692242   37
Vcells 1080376  8.3    8388608 64.0  8380780   64
✅ Success: Generated metrics-Merged-STN-i-E1-E2-2000-L2.csv
>> Generating metrics: metrics-Merged-STN-i-E1-E2-2000-L3.csv

Attaching package: ‘igraph’

The following objects are masked from ‘package:stats’:

    decompose, spectrum

The following object is masked from ‘package:base’:

    union

Merged STN-i metrics saved to: /home/imperialdramon/Tesis/STN-model-for-irace/Experiments/ACOTSP/Merged-E1-E2-2000/Metrics/metrics-Merged-STN-i-E1-E2-2000-L3.csv
          used (Mb) gc trigger (Mb) max used (Mb)
Ncells  516206 27.6    1128752 60.3   692242   37
Vcells 1080105  8.3    8388608 64.0  8385311   64
✅ Success: Generated metrics-Merged-STN-i-E1-E2-2000-L3.csv
>> Generating metrics: metrics-Merged-STN-i-E3-E4-2000-L1.csv

Attaching package: ‘igraph’

The following objects are masked from ‘package:stats’:

    decompose, spectrum

The following object is masked from ‘package:base’:

    union

Merged STN-i metrics saved to: /home/imperialdramon/Tesis/STN-model-for-irace/Experiments/ACOTSP/Merged-E3-E4-2000/Metrics/metrics-Merged-STN-i-E3-E4-2000-L1.csv
          used (Mb) gc trigger (Mb) max used (Mb)
Ncells  530850 28.4    1170592 62.6   692242   37
Vcells 1292677  9.9    8388608 64.0  8376658   64
✅ Success: Generated metrics-Merged-STN-i-E3-E4-2000-L1.csv
>> Generating metrics: metrics-Merged-STN-i-E3-E4-2000-L2.csv

Attaching package: ‘igraph’

The following objects are masked from ‘package:stats’:

    decompose, spectrum

The following object is masked from ‘package:base’:

    union

Merged STN-i metrics saved to: /home/imperialdramon/Tesis/STN-model-for-irace/Experiments/ACOTSP/Merged-E3-E4-2000/Metrics/metrics-Merged-STN-i-E3-E4-2000-L2.csv
          used (Mb) gc trigger (Mb) max used (Mb)
Ncells  530845 28.4    1170578 62.6   692242   37
Vcells 1292611  9.9    8388608 64.0  8388098   64
✅ Success: Generated metrics-Merged-STN-i-E3-E4-2000-L2.csv
>> Generating metrics: metrics-Merged-STN-i-E3-E4-2000-L3.csv

Attaching package: ‘igraph’

The following objects are masked from ‘package:stats’:

    decompose, spectrum

The following object is masked from ‘package:base’:

    union

Merged STN-i metrics saved to: /home/imperialdramon/Tesis/STN-model-for-irace/Experiments/ACOTSP/Merged-E3-E4-2000/Metrics/metrics-Merged-STN-i-E3-E4-2000-L3.csv
          used (Mb) gc trigger (Mb) max used (Mb)
Ncells  530752 28.4    1170312 62.6   692242   37
Vcells 1291375  9.9    8388608 64.0  8379010   64
✅ Success: Generated metrics-Merged-STN-i-E3-E4-2000-L3.csv
=== Processing algorithm: PSO-X ===
>> Generating metrics: metrics-Merged-STN-i-E1-E2-Mix-L1.csv

Attaching package: ‘igraph’

The following objects are masked from ‘package:stats’:

    decompose, spectrum

The following object is masked from ‘package:base’:

    union

Merged STN-i metrics saved to: /home/imperialdramon/Tesis/STN-model-for-irace/Experiments/PSO-X/Merged-E1-E2-Mix/Metrics/metrics-Merged-STN-i-E1-E2-Mix-L1.csv
         used (Mb) gc trigger (Mb) max used (Mb)
Ncells 506885 27.1    1102121 58.9   692242 37.0
Vcells 938040  7.2    8388608 64.0  4159044 31.8
✅ Success: Generated metrics-Merged-STN-i-E1-E2-Mix-L1.csv
>> Generating metrics: metrics-Merged-STN-i-E1-E2-Mix-L2.csv

Attaching package: ‘igraph’

The following objects are masked from ‘package:stats’:

    decompose, spectrum

The following object is masked from ‘package:base’:

    union

Merged STN-i metrics saved to: /home/imperialdramon/Tesis/STN-model-for-irace/Experiments/PSO-X/Merged-E1-E2-Mix/Metrics/metrics-Merged-STN-i-E1-E2-Mix-L2.csv
         used (Mb) gc trigger (Mb) max used (Mb)
Ncells 506883 27.1    1102115 58.9   692242 37.0
Vcells 938013  7.2    8388608 64.0  4157765 31.8
✅ Success: Generated metrics-Merged-STN-i-E1-E2-Mix-L2.csv
>> Generating metrics: metrics-Merged-STN-i-E1-E2-Mix-L3.csv

Attaching package: ‘igraph’

The following objects are masked from ‘package:stats’:

    decompose, spectrum

The following object is masked from ‘package:base’:

    union

Merged STN-i metrics saved to: /home/imperialdramon/Tesis/STN-model-for-irace/Experiments/PSO-X/Merged-E1-E2-Mix/Metrics/metrics-Merged-STN-i-E1-E2-Mix-L3.csv
         used (Mb) gc trigger (Mb) max used (Mb)
Ncells 506484 27.1    1100975 58.8   692242 37.0
Vcells 936557  7.2    8388608 64.0  4272978 32.7
✅ Success: Generated metrics-Merged-STN-i-E1-E2-Mix-L3.csv
>> Generating metrics: metrics-Merged-STN-i-E3-E4-Mix-L1.csv

Attaching package: ‘igraph’

The following objects are masked from ‘package:stats’:

    decompose, spectrum

The following object is masked from ‘package:base’:

    union

Merged STN-i metrics saved to: /home/imperialdramon/Tesis/STN-model-for-irace/Experiments/PSO-X/Merged-E3-E4-Mix/Metrics/metrics-Merged-STN-i-E3-E4-Mix-L1.csv
          used (Mb) gc trigger (Mb) max used (Mb)
Ncells  511376 27.4    1114952 59.6   692242   37
Vcells 1001021  7.7    8388608 64.0  8386726   64
✅ Success: Generated metrics-Merged-STN-i-E3-E4-Mix-L1.csv
>> Generating metrics: metrics-Merged-STN-i-E3-E4-Mix-L2.csv

Attaching package: ‘igraph’

The following objects are masked from ‘package:stats’:

    decompose, spectrum

The following object is masked from ‘package:base’:

    union

Merged STN-i metrics saved to: /home/imperialdramon/Tesis/STN-model-for-irace/Experiments/PSO-X/Merged-E3-E4-Mix/Metrics/metrics-Merged-STN-i-E3-E4-Mix-L2.csv
          used (Mb) gc trigger (Mb) max used (Mb)
Ncells  511359 27.4    1114904 59.6   692242   37
Vcells 1000785  7.7    8388608 64.0  8387026   64
✅ Success: Generated metrics-Merged-STN-i-E3-E4-Mix-L2.csv
>> Generating metrics: metrics-Merged-STN-i-E3-E4-Mix-L3.csv

Attaching package: ‘igraph’

The following objects are masked from ‘package:stats’:

    decompose, spectrum

The following object is masked from ‘package:base’:

    union

Merged STN-i metrics saved to: /home/imperialdramon/Tesis/STN-model-for-irace/Experiments/PSO-X/Merged-E3-E4-Mix/Metrics/metrics-Merged-STN-i-E3-E4-Mix-L3.csv
         used (Mb) gc trigger (Mb) max used (Mb)
Ncells 511068 27.3    1114072 59.5   692242   37
Vcells 996957  7.7    8388608 64.0  8382940   64
✅ Success: Generated metrics-Merged-STN-i-E3-E4-Mix-L3.csv
>> Generating metrics: metrics-Merged-STN-i-E5-E6-Mul-L1.csv

Attaching package: ‘igraph’

The following objects are masked from ‘package:stats’:

    decompose, spectrum

The following object is masked from ‘package:base’:

    union

Merged STN-i metrics saved to: /home/imperialdramon/Tesis/STN-model-for-irace/Experiments/PSO-X/Merged-E5-E6-Mul/Metrics/metrics-Merged-STN-i-E5-E6-Mul-L1.csv
         used (Mb) gc trigger (Mb) max used (Mb)
Ncells 507024 27.1    1102518 58.9   692242 37.0
Vcells 939895  7.2    8388608 64.0  4299574 32.9
✅ Success: Generated metrics-Merged-STN-i-E5-E6-Mul-L1.csv
>> Generating metrics: metrics-Merged-STN-i-E5-E6-Mul-L2.csv

Attaching package: ‘igraph’

The following objects are masked from ‘package:stats’:

    decompose, spectrum

The following object is masked from ‘package:base’:

    union

Merged STN-i metrics saved to: /home/imperialdramon/Tesis/STN-model-for-irace/Experiments/PSO-X/Merged-E5-E6-Mul/Metrics/metrics-Merged-STN-i-E5-E6-Mul-L2.csv
         used (Mb) gc trigger (Mb) max used (Mb)
Ncells 507020 27.1    1102507 58.9   692242 37.0
Vcells 939846  7.2    8388608 64.0  4297204 32.8
✅ Success: Generated metrics-Merged-STN-i-E5-E6-Mul-L2.csv
>> Generating metrics: metrics-Merged-STN-i-E5-E6-Mul-L3.csv

Attaching package: ‘igraph’

The following objects are masked from ‘package:stats’:

    decompose, spectrum

The following object is masked from ‘package:base’:

    union

Merged STN-i metrics saved to: /home/imperialdramon/Tesis/STN-model-for-irace/Experiments/PSO-X/Merged-E5-E6-Mul/Metrics/metrics-Merged-STN-i-E5-E6-Mul-L3.csv
         used (Mb) gc trigger (Mb) max used (Mb)
Ncells 506631 27.1    1101395 58.9   692242 37.0
Vcells 938511  7.2    8388608 64.0  4422585 33.8
✅ Success: Generated metrics-Merged-STN-i-E5-E6-Mul-L3.csv
>> Generating metrics: metrics-Merged-STN-i-E7-E8-Mul-L1.csv

Attaching package: ‘igraph’

The following objects are masked from ‘package:stats’:

    decompose, spectrum

The following object is masked from ‘package:base’:

    union

Merged STN-i metrics saved to: /home/imperialdramon/Tesis/STN-model-for-irace/Experiments/PSO-X/Merged-E7-E8-Mul/Metrics/metrics-Merged-STN-i-E7-E8-Mul-L1.csv
          used (Mb) gc trigger (Mb) max used (Mb)
Ncells  512112 27.4    1117055 59.7   692242   37
Vcells 1011550  7.8    8388608 64.0  8382436   64
✅ Success: Generated metrics-Merged-STN-i-E7-E8-Mul-L1.csv
>> Generating metrics: metrics-Merged-STN-i-E7-E8-Mul-L2.csv

Attaching package: ‘igraph’

The following objects are masked from ‘package:stats’:

    decompose, spectrum

The following object is masked from ‘package:base’:

    union

Merged STN-i metrics saved to: /home/imperialdramon/Tesis/STN-model-for-irace/Experiments/PSO-X/Merged-E7-E8-Mul/Metrics/metrics-Merged-STN-i-E7-E8-Mul-L2.csv
          used (Mb) gc trigger (Mb) max used (Mb)
Ncells  512079 27.4    1116961 59.7   692242   37
Vcells 1011116  7.8    8388608 64.0  8387990   64
✅ Success: Generated metrics-Merged-STN-i-E7-E8-Mul-L2.csv
>> Generating metrics: metrics-Merged-STN-i-E7-E8-Mul-L3.csv

Attaching package: ‘igraph’

The following objects are masked from ‘package:stats’:

    decompose, spectrum

The following object is masked from ‘package:base’:

    union

Merged STN-i metrics saved to: /home/imperialdramon/Tesis/STN-model-for-irace/Experiments/PSO-X/Merged-E7-E8-Mul/Metrics/metrics-Merged-STN-i-E7-E8-Mul-L3.csv
          used (Mb) gc trigger (Mb) max used (Mb)
Ncells  511329 27.4    1114818 59.6   692242   37
Vcells 1005075  7.7    8388608 64.0  8384941   64
✅ Success: Generated metrics-Merged-STN-i-E7-E8-Mul-L3.csv
>> Generating metrics: metrics-Merged-STN-i-E9-E10-Uni-L1.csv

Attaching package: ‘igraph’

The following objects are masked from ‘package:stats’:

    decompose, spectrum

The following object is masked from ‘package:base’:

    union

Merged STN-i metrics saved to: /home/imperialdramon/Tesis/STN-model-for-irace/Experiments/PSO-X/Merged-E9-E10-Uni/Metrics/metrics-Merged-STN-i-E9-E10-Uni-L1.csv
         used (Mb) gc trigger (Mb) max used (Mb)
Ncells 507624 27.2    1104232   59   692242 37.0
Vcells 948906  7.3    8388608   64  4771449 36.5
✅ Success: Generated metrics-Merged-STN-i-E9-E10-Uni-L1.csv
>> Generating metrics: metrics-Merged-STN-i-E9-E10-Uni-L2.csv

Attaching package: ‘igraph’

The following objects are masked from ‘package:stats’:

    decompose, spectrum

The following object is masked from ‘package:base’:

    union

Merged STN-i metrics saved to: /home/imperialdramon/Tesis/STN-model-for-irace/Experiments/PSO-X/Merged-E9-E10-Uni/Metrics/metrics-Merged-STN-i-E9-E10-Uni-L2.csv
         used (Mb) gc trigger (Mb) max used (Mb)
Ncells 507267 27.1    1103212   59   692242 37.0
Vcells 947970  7.3    8388608   64  4935706 37.7
✅ Success: Generated metrics-Merged-STN-i-E9-E10-Uni-L2.csv
>> Generating metrics: metrics-Merged-STN-i-E9-E10-Uni-L3.csv

Attaching package: ‘igraph’

The following objects are masked from ‘package:stats’:

    decompose, spectrum

The following object is masked from ‘package:base’:

    union

Merged STN-i metrics saved to: /home/imperialdramon/Tesis/STN-model-for-irace/Experiments/PSO-X/Merged-E9-E10-Uni/Metrics/metrics-Merged-STN-i-E9-E10-Uni-L3.csv
         used (Mb) gc trigger (Mb) max used (Mb)
Ncells 507108 27.1    1102758 58.9   692243 37.0
Vcells 945979  7.3    8388608 64.0  4826662 36.9
✅ Success: Generated metrics-Merged-STN-i-E9-E10-Uni-L3.csv
>> Generating metrics: metrics-Merged-STN-i-E11-E12-Uni-L1.csv

Attaching package: ‘igraph’

The following objects are masked from ‘package:stats’:

    decompose, spectrum

The following object is masked from ‘package:base’:

    union

Merged STN-i metrics saved to: /home/imperialdramon/Tesis/STN-model-for-irace/Experiments/PSO-X/Merged-E11-E12-Uni/Metrics/metrics-Merged-STN-i-E11-E12-Uni-L1.csv
          used (Mb) gc trigger (Mb) max used (Mb)
Ncells  513385 27.5    1120692 59.9   692242   37
Vcells 1030174  7.9    8388608 64.0  8385764   64
✅ Success: Generated metrics-Merged-STN-i-E11-E12-Uni-L1.csv
>> Generating metrics: metrics-Merged-STN-i-E11-E12-Uni-L2.csv

Attaching package: ‘igraph’

The following objects are masked from ‘package:stats’:

    decompose, spectrum

The following object is masked from ‘package:base’:

    union

Merged STN-i metrics saved to: /home/imperialdramon/Tesis/STN-model-for-irace/Experiments/PSO-X/Merged-E11-E12-Uni/Metrics/metrics-Merged-STN-i-E11-E12-Uni-L2.csv
          used (Mb) gc trigger (Mb) max used (Mb)
Ncells  512853 27.4    1119172 59.8   692242   37
Vcells 1026990  7.9    8388608 64.0  8387605   64
✅ Success: Generated metrics-Merged-STN-i-E11-E12-Uni-L2.csv
>> Generating metrics: metrics-Merged-STN-i-E11-E12-Uni-L3.csv

Attaching package: ‘igraph’

The following objects are masked from ‘package:stats’:

    decompose, spectrum

The following object is masked from ‘package:base’:

    union

Merged STN-i metrics saved to: /home/imperialdramon/Tesis/STN-model-for-irace/Experiments/PSO-X/Merged-E11-E12-Uni/Metrics/metrics-Merged-STN-i-E11-E12-Uni-L3.csv
          used (Mb) gc trigger (Mb) max used (Mb)
Ncells  511685 27.4    1115835 59.6   692242   37
Vcells 1011874  7.8    8388608 64.0  8382523   64
✅ Success: Generated metrics-Merged-STN-i-E11-E12-Uni-L3.csv
=== Processing algorithm: MMASQAP ===
>> Generating metrics: metrics-Merged-STN-i-E1-E2-60-L1.csv

Attaching package: ‘igraph’

The following objects are masked from ‘package:stats’:

    decompose, spectrum

The following object is masked from ‘package:base’:

    union

Merged STN-i metrics saved to: /home/imperialdramon/Tesis/STN-model-for-irace/Experiments/MMASQAP/Merged-E1-E2-60/Metrics/metrics-Merged-STN-i-E1-E2-60-L1.csv
         used (Mb) gc trigger (Mb) max used (Mb)
Ncells 503485 26.9    1092407 58.4   692242 37.0
Vcells 889473  6.8    8388608 64.0  1966664 15.1
✅ Success: Generated metrics-Merged-STN-i-E1-E2-60-L1.csv
>> Generating metrics: metrics-Merged-STN-i-E1-E2-60-L2.csv

Attaching package: ‘igraph’

The following objects are masked from ‘package:stats’:

    decompose, spectrum

The following object is masked from ‘package:base’:

    union

Merged STN-i metrics saved to: /home/imperialdramon/Tesis/STN-model-for-irace/Experiments/MMASQAP/Merged-E1-E2-60/Metrics/metrics-Merged-STN-i-E1-E2-60-L2.csv
         used (Mb) gc trigger (Mb) max used (Mb)
Ncells 502624 26.9    1089947 58.3   692242 37.0
Vcells 881290  6.8    8388608 64.0  1923841 14.7
✅ Success: Generated metrics-Merged-STN-i-E1-E2-60-L2.csv
>> Generating metrics: metrics-Merged-STN-i-E1-E2-60-L3.csv

Attaching package: ‘igraph’

The following objects are masked from ‘package:stats’:

    decompose, spectrum

The following object is masked from ‘package:base’:

    union

Merged STN-i metrics saved to: /home/imperialdramon/Tesis/STN-model-for-irace/Experiments/MMASQAP/Merged-E1-E2-60/Metrics/metrics-Merged-STN-i-E1-E2-60-L3.csv
         used (Mb) gc trigger (Mb) max used (Mb)
Ncells 502015 26.9    1088207 58.2   692242 37.0
Vcells 874681  6.7    8388608 64.0  1923841 14.7
✅ Success: Generated metrics-Merged-STN-i-E1-E2-60-L3.csv
>> Generating metrics: metrics-Merged-STN-i-E3-E4-60-L1.csv

Attaching package: ‘igraph’

The following objects are masked from ‘package:stats’:

    decompose, spectrum

The following object is masked from ‘package:base’:

    union

Merged STN-i metrics saved to: /home/imperialdramon/Tesis/STN-model-for-irace/Experiments/MMASQAP/Merged-E3-E4-60/Metrics/metrics-Merged-STN-i-E3-E4-60-L1.csv
         used (Mb) gc trigger (Mb) max used (Mb)
Ncells 505019   27    1096790 58.6   692242 37.0
Vcells 909573    7    8388608 64.0  2997210 22.9
✅ Success: Generated metrics-Merged-STN-i-E3-E4-60-L1.csv
>> Generating metrics: metrics-Merged-STN-i-E3-E4-60-L2.csv

Attaching package: ‘igraph’

The following objects are masked from ‘package:stats’:

    decompose, spectrum

The following object is masked from ‘package:base’:

    union

Merged STN-i metrics saved to: /home/imperialdramon/Tesis/STN-model-for-irace/Experiments/MMASQAP/Merged-E3-E4-60/Metrics/metrics-Merged-STN-i-E3-E4-60-L2.csv
         used (Mb) gc trigger (Mb) max used (Mb)
Ncells 502987 26.9    1090984 58.3   692242 37.0
Vcells 888823  6.8    8388608 64.0  1923841 14.7
✅ Success: Generated metrics-Merged-STN-i-E3-E4-60-L2.csv
>> Generating metrics: metrics-Merged-STN-i-E3-E4-60-L3.csv

Attaching package: ‘igraph’

The following objects are masked from ‘package:stats’:

    decompose, spectrum

The following object is masked from ‘package:base’:

    union

Merged STN-i metrics saved to: /home/imperialdramon/Tesis/STN-model-for-irace/Experiments/MMASQAP/Merged-E3-E4-60/Metrics/metrics-Merged-STN-i-E3-E4-60-L3.csv
         used (Mb) gc trigger (Mb) max used (Mb)
Ncells 502032 26.9    1088255 58.2   692242 37.0
Vcells 876813  6.7    8388608 64.0  1923841 14.7
✅ Success: Generated metrics-Merged-STN-i-E3-E4-60-L3.csv
=== Merged STN-i metrics generation finished at Tue Jul  1 23:30:14 -04 2025 ===
