=== STN-i metrics generation started at Tue Jul  1 23:31:33 -04 2025 ===
=== Processing algorithm: ACOTSP ===
>> Generating metrics: metrics-STN-i-E1-BL-WSR-2000-L1.csv

Attaching package: ‘igraph’

The following objects are masked from ‘package:stats’:

    decompose, spectrum

The following object is masked from ‘package:base’:

    union

STN-i metrics saved to: /home/imperialdramon/Tesis/STN-model-for-irace/Experiments/ACOTSP/E1-BL-WSR-2000/Metrics/metrics-STN-i-E1-BL-WSR-2000-L1.csv
         used (Mb) gc trigger (Mb) max used (Mb)
Ncells 516138 27.6    1128558 60.3   692242   37
Vcells 998159  7.7    8388608 64.0  8383940   64
✅ Success: Generated metrics-STN-i-E1-BL-WSR-2000-L1.csv
>> Generating metrics: metrics-STN-i-E1-BL-WSR-2000-L2.csv

Attaching package: ‘igraph’

The following objects are masked from ‘package:stats’:

    decompose, spectrum

The following object is masked from ‘package:base’:

    union

STN-i metrics saved to: /home/imperialdramon/Tesis/STN-model-for-irace/Experiments/ACOTSP/E1-BL-WSR-2000/Metrics/metrics-STN-i-E1-BL-WSR-2000-L2.csv
         used (Mb) gc trigger (Mb) max used (Mb)
Ncells 516138 27.6    1128558 60.3   692242   37
Vcells 998159  7.7    8388608 64.0  8383967   64
✅ Success: Generated metrics-STN-i-E1-BL-WSR-2000-L2.csv
>> Generating metrics: metrics-STN-i-E1-BL-WSR-2000-L3.csv

Attaching package: ‘igraph’

The following objects are masked from ‘package:stats’:

    decompose, spectrum

The following object is masked from ‘package:base’:

    union

STN-i metrics saved to: /home/imperialdramon/Tesis/STN-model-for-irace/Experiments/ACOTSP/E1-BL-WSR-2000/Metrics/metrics-STN-i-E1-BL-WSR-2000-L3.csv
         used (Mb) gc trigger (Mb) max used (Mb)
Ncells 516129 27.6    1128532 60.3   692242   37
Vcells 998055  7.7    8388608 64.0  8386346   64
✅ Success: Generated metrics-STN-i-E1-BL-WSR-2000-L3.csv
>> Generating metrics: metrics-STN-i-E2-BL-SR-2000-L1.csv

Attaching package: ‘igraph’

The following objects are masked from ‘package:stats’:

    decompose, spectrum

The following object is masked from ‘package:base’:

    union

STN-i metrics saved to: /home/imperialdramon/Tesis/STN-model-for-irace/Experiments/ACOTSP/E2-BL-SR-2000/Metrics/metrics-STN-i-E2-BL-SR-2000-L1.csv
         used (Mb) gc trigger (Mb) max used (Mb)
Ncells 516144 27.6    1128575 60.3   692242   37
Vcells 998243  7.7    8388608 64.0  8384807   64
✅ Success: Generated metrics-STN-i-E2-BL-SR-2000-L1.csv
>> Generating metrics: metrics-STN-i-E2-BL-SR-2000-L2.csv

Attaching package: ‘igraph’

The following objects are masked from ‘package:stats’:

    decompose, spectrum

The following object is masked from ‘package:base’:

    union

STN-i metrics saved to: /home/imperialdramon/Tesis/STN-model-for-irace/Experiments/ACOTSP/E2-BL-SR-2000/Metrics/metrics-STN-i-E2-BL-SR-2000-L2.csv
         used (Mb) gc trigger (Mb) max used (Mb)
Ncells 516144 27.6    1128575 60.3   692242   37
Vcells 998243  7.7    8388608 64.0  8384811   64
✅ Success: Generated metrics-STN-i-E2-BL-SR-2000-L2.csv
>> Generating metrics: metrics-STN-i-E2-BL-SR-2000-L3.csv

Attaching package: ‘igraph’

The following objects are masked from ‘package:stats’:

    decompose, spectrum

The following object is masked from ‘package:base’:

    union

STN-i metrics saved to: /home/imperialdramon/Tesis/STN-model-for-irace/Experiments/ACOTSP/E2-BL-SR-2000/Metrics/metrics-STN-i-E2-BL-SR-2000-L3.csv
         used (Mb) gc trigger (Mb) max used (Mb)
Ncells 516136 27.6    1128552 60.3   692242   37
Vcells 998145  7.7    8388608 64.0  8383137   64
✅ Success: Generated metrics-STN-i-E2-BL-SR-2000-L3.csv
>> Generating metrics: metrics-STN-i-E3-BH-WSR-2000-L1.csv

Attaching package: ‘igraph’

The following objects are masked from ‘package:stats’:

    decompose, spectrum

The following object is masked from ‘package:base’:

    union

STN-i metrics saved to: /home/imperialdramon/Tesis/STN-model-for-irace/Experiments/ACOTSP/E3-BH-WSR-2000/Metrics/metrics-STN-i-E3-BH-WSR-2000-L1.csv
          used (Mb) gc trigger (Mb) max used (Mb)
Ncells  524517 28.1    1152498 61.6   692242   37
Vcells 1108988  8.5    8388608 64.0  8385014   64
✅ Success: Generated metrics-STN-i-E3-BH-WSR-2000-L1.csv
>> Generating metrics: metrics-STN-i-E3-BH-WSR-2000-L2.csv

Attaching package: ‘igraph’

The following objects are masked from ‘package:stats’:

    decompose, spectrum

The following object is masked from ‘package:base’:

    union

STN-i metrics saved to: /home/imperialdramon/Tesis/STN-model-for-irace/Experiments/ACOTSP/E3-BH-WSR-2000/Metrics/metrics-STN-i-E3-BH-WSR-2000-L2.csv
          used (Mb) gc trigger (Mb) max used (Mb)
Ncells  524515 28.1    1152492 61.6   692242   37
Vcells 1108960  8.5    8388608 64.0  8383923   64
✅ Success: Generated metrics-STN-i-E3-BH-WSR-2000-L2.csv
>> Generating metrics: metrics-STN-i-E3-BH-WSR-2000-L3.csv

Attaching package: ‘igraph’

The following objects are masked from ‘package:stats’:

    decompose, spectrum

The following object is masked from ‘package:base’:

    union

STN-i metrics saved to: /home/imperialdramon/Tesis/STN-model-for-irace/Experiments/ACOTSP/E3-BH-WSR-2000/Metrics/metrics-STN-i-E3-BH-WSR-2000-L3.csv
          used (Mb) gc trigger (Mb) max used (Mb)
Ncells  524475 28.1    1152378 61.6   692242   37
Vcells 1108449  8.5    8388608 64.0  8385228   64
✅ Success: Generated metrics-STN-i-E3-BH-WSR-2000-L3.csv
>> Generating metrics: metrics-STN-i-E4-BH-SR-2000-L1.csv

Attaching package: ‘igraph’

The following objects are masked from ‘package:stats’:

    decompose, spectrum

The following object is masked from ‘package:base’:

    union

STN-i metrics saved to: /home/imperialdramon/Tesis/STN-model-for-irace/Experiments/ACOTSP/E4-BH-SR-2000/Metrics/metrics-STN-i-E4-BH-SR-2000-L1.csv
          used (Mb) gc trigger (Mb) max used (Mb)
Ncells  524463 28.1    1152344 61.6   692242   37
Vcells 1108232  8.5    8388608 64.0  8376503   64
✅ Success: Generated metrics-STN-i-E4-BH-SR-2000-L1.csv
>> Generating metrics: metrics-STN-i-E4-BH-SR-2000-L2.csv

Attaching package: ‘igraph’

The following objects are masked from ‘package:stats’:

    decompose, spectrum

The following object is masked from ‘package:base’:

    union

STN-i metrics saved to: /home/imperialdramon/Tesis/STN-model-for-irace/Experiments/ACOTSP/E4-BH-SR-2000/Metrics/metrics-STN-i-E4-BH-SR-2000-L2.csv
          used (Mb) gc trigger (Mb) max used (Mb)
Ncells  524460 28.1    1152335 61.6   692242   37
Vcells 1108198  8.5    8388608 64.0  8375545   64
✅ Success: Generated metrics-STN-i-E4-BH-SR-2000-L2.csv
>> Generating metrics: metrics-STN-i-E4-BH-SR-2000-L3.csv

Attaching package: ‘igraph’

The following objects are masked from ‘package:stats’:

    decompose, spectrum

The following object is masked from ‘package:base’:

    union

STN-i metrics saved to: /home/imperialdramon/Tesis/STN-model-for-irace/Experiments/ACOTSP/E4-BH-SR-2000/Metrics/metrics-STN-i-E4-BH-SR-2000-L3.csv
          used (Mb) gc trigger (Mb) max used (Mb)
Ncells  524423 28.1    1152230 61.6   692242   37
Vcells 1107739  8.5    8388608 64.0  8381938   64
✅ Success: Generated metrics-STN-i-E4-BH-SR-2000-L3.csv
=== Processing algorithm: PSO-X ===
>> Generating metrics: metrics-STN-i-E1-BL-WSR-Mix-L1.csv

Attaching package: ‘igraph’

The following objects are masked from ‘package:stats’:

    decompose, spectrum

The following object is masked from ‘package:base’:

    union

STN-i metrics saved to: /home/imperialdramon/Tesis/STN-model-for-irace/Experiments/PSO-X/E1-BL-WSR-Mix/Metrics/metrics-STN-i-E1-BL-WSR-Mix-L1.csv
         used (Mb) gc trigger (Mb) max used (Mb)
Ncells 512007 27.4    1116755 59.7   692242 37.0
Vcells 942079  7.2    8388608 64.0  5507214 42.1
✅ Success: Generated metrics-STN-i-E1-BL-WSR-Mix-L1.csv
>> Generating metrics: metrics-STN-i-E1-BL-WSR-Mix-L2.csv

Attaching package: ‘igraph’

The following objects are masked from ‘package:stats’:

    decompose, spectrum

The following object is masked from ‘package:base’:

    union

STN-i metrics saved to: /home/imperialdramon/Tesis/STN-model-for-irace/Experiments/PSO-X/E1-BL-WSR-Mix/Metrics/metrics-STN-i-E1-BL-WSR-Mix-L2.csv
         used (Mb) gc trigger (Mb) max used (Mb)
Ncells 512005 27.4    1116750 59.7   692242 37.0
Vcells 942055  7.2    8388608 64.0  5505492 42.1
✅ Success: Generated metrics-STN-i-E1-BL-WSR-Mix-L2.csv
>> Generating metrics: metrics-STN-i-E1-BL-WSR-Mix-L3.csv

Attaching package: ‘igraph’

The following objects are masked from ‘package:stats’:

    decompose, spectrum

The following object is masked from ‘package:base’:

    union

STN-i metrics saved to: /home/imperialdramon/Tesis/STN-model-for-irace/Experiments/PSO-X/E1-BL-WSR-Mix/Metrics/metrics-STN-i-E1-BL-WSR-Mix-L3.csv
         used (Mb) gc trigger (Mb) max used (Mb)
Ncells 511960 27.4    1116621 59.7   692242 37.0
Vcells 941526  7.2    8388608 64.0  5469137 41.8
✅ Success: Generated metrics-STN-i-E1-BL-WSR-Mix-L3.csv
>> Generating metrics: metrics-STN-i-E2-BL-SR-Mix-L1.csv

Attaching package: ‘igraph’

The following objects are masked from ‘package:stats’:

    decompose, spectrum

The following object is masked from ‘package:base’:

    union

STN-i metrics saved to: /home/imperialdramon/Tesis/STN-model-for-irace/Experiments/PSO-X/E2-BL-SR-Mix/Metrics/metrics-STN-i-E2-BL-SR-Mix-L1.csv
         used (Mb) gc trigger (Mb) max used (Mb)
Ncells 511999 27.4    1116732 59.7   692242   37
Vcells 941967  7.2    8388608 64.0  5499420   42
✅ Success: Generated metrics-STN-i-E2-BL-SR-Mix-L1.csv
>> Generating metrics: metrics-STN-i-E2-BL-SR-Mix-L2.csv

Attaching package: ‘igraph’

The following objects are masked from ‘package:stats’:

    decompose, spectrum

The following object is masked from ‘package:base’:

    union

STN-i metrics saved to: /home/imperialdramon/Tesis/STN-model-for-irace/Experiments/PSO-X/E2-BL-SR-Mix/Metrics/metrics-STN-i-E2-BL-SR-Mix-L2.csv
         used (Mb) gc trigger (Mb) max used (Mb)
Ncells 511997 27.4    1116727 59.7   692242   37
Vcells 941943  7.2    8388608 64.0  5498817   42
✅ Success: Generated metrics-STN-i-E2-BL-SR-Mix-L2.csv
>> Generating metrics: metrics-STN-i-E2-BL-SR-Mix-L3.csv

Attaching package: ‘igraph’

The following objects are masked from ‘package:stats’:

    decompose, spectrum

The following object is masked from ‘package:base’:

    union

STN-i metrics saved to: /home/imperialdramon/Tesis/STN-model-for-irace/Experiments/PSO-X/E2-BL-SR-Mix/Metrics/metrics-STN-i-E2-BL-SR-Mix-L3.csv
         used (Mb) gc trigger (Mb) max used (Mb)
Ncells 511951 27.4    1116595 59.7   692242 37.0
Vcells 941404  7.2    8388608 64.0  5460316 41.7
✅ Success: Generated metrics-STN-i-E2-BL-SR-Mix-L3.csv
>> Generating metrics: metrics-STN-i-E3-BH-WSR-Mix-L1.csv

Attaching package: ‘igraph’

The following objects are masked from ‘package:stats’:

    decompose, spectrum

The following object is masked from ‘package:base’:

    union

STN-i metrics saved to: /home/imperialdramon/Tesis/STN-model-for-irace/Experiments/PSO-X/E3-BH-WSR-Mix/Metrics/metrics-STN-i-E3-BH-WSR-Mix-L1.csv
          used (Mb) gc trigger (Mb) max used (Mb)
Ncells  516749 27.6    1130304 60.4   692242   37
Vcells 1003795  7.7    8388608 64.0  8385528   64
✅ Success: Generated metrics-STN-i-E3-BH-WSR-Mix-L1.csv
>> Generating metrics: metrics-STN-i-E3-BH-WSR-Mix-L2.csv

Attaching package: ‘igraph’

The following objects are masked from ‘package:stats’:

    decompose, spectrum

The following object is masked from ‘package:base’:

    union

STN-i metrics saved to: /home/imperialdramon/Tesis/STN-model-for-irace/Experiments/PSO-X/E3-BH-WSR-Mix/Metrics/metrics-STN-i-E3-BH-WSR-Mix-L2.csv
          used (Mb) gc trigger (Mb) max used (Mb)
Ncells  516732 27.6    1130255 60.4   692242   37
Vcells 1003577  7.7    8388608 64.0  8386672   64
✅ Success: Generated metrics-STN-i-E3-BH-WSR-Mix-L2.csv
>> Generating metrics: metrics-STN-i-E3-BH-WSR-Mix-L3.csv

Attaching package: ‘igraph’

The following objects are masked from ‘package:stats’:

    decompose, spectrum

The following object is masked from ‘package:base’:

    union

STN-i metrics saved to: /home/imperialdramon/Tesis/STN-model-for-irace/Experiments/PSO-X/E3-BH-WSR-Mix/Metrics/metrics-STN-i-E3-BH-WSR-Mix-L3.csv
          used (Mb) gc trigger (Mb) max used (Mb)
Ncells  516441 27.6    1129424 60.4   692242   37
Vcells 1000039  7.7    8388608 64.0  8383457   64
✅ Success: Generated metrics-STN-i-E3-BH-WSR-Mix-L3.csv
>> Generating metrics: metrics-STN-i-E4-BH-SR-Mix-L1.csv

Attaching package: ‘igraph’

The following objects are masked from ‘package:stats’:

    decompose, spectrum

The following object is masked from ‘package:base’:

    union

STN-i metrics saved to: /home/imperialdramon/Tesis/STN-model-for-irace/Experiments/PSO-X/E4-BH-SR-Mix/Metrics/metrics-STN-i-E4-BH-SR-Mix-L1.csv
          used (Mb) gc trigger (Mb) max used (Mb)
Ncells  516749 27.6    1130304 60.4   692242   37
Vcells 1003795  7.7    8388608 64.0  8385528   64
✅ Success: Generated metrics-STN-i-E4-BH-SR-Mix-L1.csv
>> Generating metrics: metrics-STN-i-E4-BH-SR-Mix-L2.csv

Attaching package: ‘igraph’

The following objects are masked from ‘package:stats’:

    decompose, spectrum

The following object is masked from ‘package:base’:

    union

STN-i metrics saved to: /home/imperialdramon/Tesis/STN-model-for-irace/Experiments/PSO-X/E4-BH-SR-Mix/Metrics/metrics-STN-i-E4-BH-SR-Mix-L2.csv
          used (Mb) gc trigger (Mb) max used (Mb)
Ncells  516732 27.6    1130255 60.4   692242   37
Vcells 1003577  7.7    8388608 64.0  8386672   64
✅ Success: Generated metrics-STN-i-E4-BH-SR-Mix-L2.csv
>> Generating metrics: metrics-STN-i-E4-BH-SR-Mix-L3.csv

Attaching package: ‘igraph’

The following objects are masked from ‘package:stats’:

    decompose, spectrum

The following object is masked from ‘package:base’:

    union

STN-i metrics saved to: /home/imperialdramon/Tesis/STN-model-for-irace/Experiments/PSO-X/E4-BH-SR-Mix/Metrics/metrics-STN-i-E4-BH-SR-Mix-L3.csv
          used (Mb) gc trigger (Mb) max used (Mb)
Ncells  516441 27.6    1129424 60.4   692242   37
Vcells 1000039  7.7    8388608 64.0  8383449   64
✅ Success: Generated metrics-STN-i-E4-BH-SR-Mix-L3.csv
>> Generating metrics: metrics-STN-i-E5-BL-WSR-Mul-L1.csv

Attaching package: ‘igraph’

The following objects are masked from ‘package:stats’:

    decompose, spectrum

The following object is masked from ‘package:base’:

    union

STN-i metrics saved to: /home/imperialdramon/Tesis/STN-model-for-irace/Experiments/PSO-X/E5-BL-WSR-Mul/Metrics/metrics-STN-i-E5-BL-WSR-Mul-L1.csv
         used (Mb) gc trigger (Mb) max used (Mb)
Ncells 511942 27.4    1116570 59.7   692242 37.0
Vcells 941169  7.2    8388608 64.0  5443321 41.6
✅ Success: Generated metrics-STN-i-E5-BL-WSR-Mul-L1.csv
>> Generating metrics: metrics-STN-i-E5-BL-WSR-Mul-L2.csv

Attaching package: ‘igraph’

The following objects are masked from ‘package:stats’:

    decompose, spectrum

The following object is masked from ‘package:base’:

    union

STN-i metrics saved to: /home/imperialdramon/Tesis/STN-model-for-irace/Experiments/PSO-X/E5-BL-WSR-Mul/Metrics/metrics-STN-i-E5-BL-WSR-Mul-L2.csv
         used (Mb) gc trigger (Mb) max used (Mb)
Ncells 511940 27.4    1116564 59.7   692242 37.0
Vcells 941144  7.2    8388608 64.0  5441531 41.6
✅ Success: Generated metrics-STN-i-E5-BL-WSR-Mul-L2.csv
>> Generating metrics: metrics-STN-i-E5-BL-WSR-Mul-L3.csv

Attaching package: ‘igraph’

The following objects are masked from ‘package:stats’:

    decompose, spectrum

The following object is masked from ‘package:base’:

    union

STN-i metrics saved to: /home/imperialdramon/Tesis/STN-model-for-irace/Experiments/PSO-X/E5-BL-WSR-Mul/Metrics/metrics-STN-i-E5-BL-WSR-Mul-L3.csv
         used (Mb) gc trigger (Mb) max used (Mb)
Ncells 511902 27.4    1116455 59.7   692242 37.0
Vcells 940696  7.2    8388608 64.0  5409464 41.3
✅ Success: Generated metrics-STN-i-E5-BL-WSR-Mul-L3.csv
>> Generating metrics: metrics-STN-i-E6-BL-SR-Mul-L1.csv

Attaching package: ‘igraph’

The following objects are masked from ‘package:stats’:

    decompose, spectrum

The following object is masked from ‘package:base’:

    union

STN-i metrics saved to: /home/imperialdramon/Tesis/STN-model-for-irace/Experiments/PSO-X/E6-BL-SR-Mul/Metrics/metrics-STN-i-E6-BL-SR-Mul-L1.csv
         used (Mb) gc trigger (Mb) max used (Mb)
Ncells 511944 27.4    1116575 59.7   692242 37.0
Vcells 941197  7.2    8388608 64.0  5445321 41.6
✅ Success: Generated metrics-STN-i-E6-BL-SR-Mul-L1.csv
>> Generating metrics: metrics-STN-i-E6-BL-SR-Mul-L2.csv

Attaching package: ‘igraph’

The following objects are masked from ‘package:stats’:

    decompose, spectrum

The following object is masked from ‘package:base’:

    union

STN-i metrics saved to: /home/imperialdramon/Tesis/STN-model-for-irace/Experiments/PSO-X/E6-BL-SR-Mul/Metrics/metrics-STN-i-E6-BL-SR-Mul-L2.csv
         used (Mb) gc trigger (Mb) max used (Mb)
Ncells 511941 27.4    1116567 59.7   692242 37.0
Vcells 941162  7.2    8388608 64.0  5442738 41.6
✅ Success: Generated metrics-STN-i-E6-BL-SR-Mul-L2.csv
>> Generating metrics: metrics-STN-i-E6-BL-SR-Mul-L3.csv

Attaching package: ‘igraph’

The following objects are masked from ‘package:stats’:

    decompose, spectrum

The following object is masked from ‘package:base’:

    union

STN-i metrics saved to: /home/imperialdramon/Tesis/STN-model-for-irace/Experiments/PSO-X/E6-BL-SR-Mul/Metrics/metrics-STN-i-E6-BL-SR-Mul-L3.csv
         used (Mb) gc trigger (Mb) max used (Mb)
Ncells 511907 27.4    1116470 59.7   692242 37.0
Vcells 940756  7.2    8388608 64.0  5413678 41.4
✅ Success: Generated metrics-STN-i-E6-BL-SR-Mul-L3.csv
>> Generating metrics: metrics-STN-i-E7-BH-WSR-Mul-L1.csv

Attaching package: ‘igraph’

The following objects are masked from ‘package:stats’:

    decompose, spectrum

The following object is masked from ‘package:base’:

    union

STN-i metrics saved to: /home/imperialdramon/Tesis/STN-model-for-irace/Experiments/PSO-X/E7-BH-WSR-Mul/Metrics/metrics-STN-i-E7-BH-WSR-Mul-L1.csv
          used (Mb) gc trigger (Mb) max used (Mb)
Ncells  517027 27.7    1131098 60.5   692242   37
Vcells 1007694  7.7    8388608 64.0  8387699   64
✅ Success: Generated metrics-STN-i-E7-BH-WSR-Mul-L1.csv
>> Generating metrics: metrics-STN-i-E7-BH-WSR-Mul-L2.csv

Attaching package: ‘igraph’

The following objects are masked from ‘package:stats’:

    decompose, spectrum

The following object is masked from ‘package:base’:

    union

STN-i metrics saved to: /home/imperialdramon/Tesis/STN-model-for-irace/Experiments/PSO-X/E7-BH-WSR-Mul/Metrics/metrics-STN-i-E7-BH-WSR-Mul-L2.csv
          used (Mb) gc trigger (Mb) max used (Mb)
Ncells  516997 27.7    1131012 60.5   692242   37
Vcells 1007333  7.7    8388608 64.0  8384590   64
✅ Success: Generated metrics-STN-i-E7-BH-WSR-Mul-L2.csv
>> Generating metrics: metrics-STN-i-E7-BH-WSR-Mul-L3.csv

Attaching package: ‘igraph’

The following objects are masked from ‘package:stats’:

    decompose, spectrum

The following object is masked from ‘package:base’:

    union

STN-i metrics saved to: /home/imperialdramon/Tesis/STN-model-for-irace/Experiments/PSO-X/E7-BH-WSR-Mul/Metrics/metrics-STN-i-E7-BH-WSR-Mul-L3.csv
          used (Mb) gc trigger (Mb) max used (Mb)
Ncells  516620 27.6    1129935 60.4   692242   37
Vcells 1002790  7.7    8388608 64.0  8386194   64
✅ Success: Generated metrics-STN-i-E7-BH-WSR-Mul-L3.csv
>> Generating metrics: metrics-STN-i-E8-BH-SR-Mul-L1.csv

Attaching package: ‘igraph’

The following objects are masked from ‘package:stats’:

    decompose, spectrum

The following object is masked from ‘package:base’:

    union

STN-i metrics saved to: /home/imperialdramon/Tesis/STN-model-for-irace/Experiments/PSO-X/E8-BH-SR-Mul/Metrics/metrics-STN-i-E8-BH-SR-Mul-L1.csv
          used (Mb) gc trigger (Mb) max used (Mb)
Ncells  517001 27.7    1131024 60.5   692242   37
Vcells 1007330  7.7    8388608 64.0  8383949   64
✅ Success: Generated metrics-STN-i-E8-BH-SR-Mul-L1.csv
>> Generating metrics: metrics-STN-i-E8-BH-SR-Mul-L2.csv

Attaching package: ‘igraph’

The following objects are masked from ‘package:stats’:

    decompose, spectrum

The following object is masked from ‘package:base’:

    union

STN-i metrics saved to: /home/imperialdramon/Tesis/STN-model-for-irace/Experiments/PSO-X/E8-BH-SR-Mul/Metrics/metrics-STN-i-E8-BH-SR-Mul-L2.csv
          used (Mb) gc trigger (Mb) max used (Mb)
Ncells  516970 27.7    1130935 60.4   692242   37
Vcells 1006958  7.7    8388608 64.0  8383706   64
✅ Success: Generated metrics-STN-i-E8-BH-SR-Mul-L2.csv
>> Generating metrics: metrics-STN-i-E8-BH-SR-Mul-L3.csv

Attaching package: ‘igraph’

The following objects are masked from ‘package:stats’:

    decompose, spectrum

The following object is masked from ‘package:base’:

    union

STN-i metrics saved to: /home/imperialdramon/Tesis/STN-model-for-irace/Experiments/PSO-X/E8-BH-SR-Mul/Metrics/metrics-STN-i-E8-BH-SR-Mul-L3.csv
          used (Mb) gc trigger (Mb) max used (Mb)
Ncells  516578 27.6    1129815 60.4   692242   37
Vcells 1002261  7.7    8388608 64.0  8386940   64
✅ Success: Generated metrics-STN-i-E8-BH-SR-Mul-L3.csv
>> Generating metrics: metrics-STN-i-E9-BL-WSR-Uni-L1.csv

Attaching package: ‘igraph’

The following objects are masked from ‘package:stats’:

    decompose, spectrum

The following object is masked from ‘package:base’:

    union

STN-i metrics saved to: /home/imperialdramon/Tesis/STN-model-for-irace/Experiments/PSO-X/E9-BL-WSR-Uni/Metrics/metrics-STN-i-E9-BL-WSR-Uni-L1.csv
         used (Mb) gc trigger (Mb) max used (Mb)
Ncells 512478 27.4    1118101 59.8   692242 37.0
Vcells 948683  7.3    8388608 64.0  5982512 45.7
✅ Success: Generated metrics-STN-i-E9-BL-WSR-Uni-L1.csv
>> Generating metrics: metrics-STN-i-E9-BL-WSR-Uni-L2.csv

Attaching package: ‘igraph’

The following objects are masked from ‘package:stats’:

    decompose, spectrum

The following object is masked from ‘package:base’:

    union

STN-i metrics saved to: /home/imperialdramon/Tesis/STN-model-for-irace/Experiments/PSO-X/E9-BL-WSR-Uni/Metrics/metrics-STN-i-E9-BL-WSR-Uni-L2.csv
         used (Mb) gc trigger (Mb) max used (Mb)
Ncells 512469 27.4    1118075 59.8   692242 37.0
Vcells 948579  7.3    8388608 64.0  5975100 45.6
✅ Success: Generated metrics-STN-i-E9-BL-WSR-Uni-L2.csv
>> Generating metrics: metrics-STN-i-E9-BL-WSR-Uni-L3.csv

Attaching package: ‘igraph’

The following objects are masked from ‘package:stats’:

    decompose, spectrum

The following object is masked from ‘package:base’:

    union

STN-i metrics saved to: /home/imperialdramon/Tesis/STN-model-for-irace/Experiments/PSO-X/E9-BL-WSR-Uni/Metrics/metrics-STN-i-E9-BL-WSR-Uni-L3.csv
         used (Mb) gc trigger (Mb) max used (Mb)
Ncells 512331 27.4    1117681 59.7   692242 37.0
Vcells 946972  7.3    8388608 64.0  5859862 44.8
✅ Success: Generated metrics-STN-i-E9-BL-WSR-Uni-L3.csv
>> Generating metrics: metrics-STN-i-E10-BL-SR-Uni-L1.csv

Attaching package: ‘igraph’

The following objects are masked from ‘package:stats’:

    decompose, spectrum

The following object is masked from ‘package:base’:

    union

STN-i metrics saved to: /home/imperialdramon/Tesis/STN-model-for-irace/Experiments/PSO-X/E10-BL-SR-Uni/Metrics/metrics-STN-i-E10-BL-SR-Uni-L1.csv
         used (Mb) gc trigger (Mb) max used (Mb)
Ncells 512474 27.4    1118090 59.8   692242 37.0
Vcells 948624  7.3    8388608 64.0  5978233 45.7
✅ Success: Generated metrics-STN-i-E10-BL-SR-Uni-L1.csv
>> Generating metrics: metrics-STN-i-E10-BL-SR-Uni-L2.csv

Attaching package: ‘igraph’

The following objects are masked from ‘package:stats’:

    decompose, spectrum

The following object is masked from ‘package:base’:

    union

STN-i metrics saved to: /home/imperialdramon/Tesis/STN-model-for-irace/Experiments/PSO-X/E10-BL-SR-Uni/Metrics/metrics-STN-i-E10-BL-SR-Uni-L2.csv
         used (Mb) gc trigger (Mb) max used (Mb)
Ncells 512466 27.4    1118067 59.8   692242 37.0
Vcells 948529  7.3    8388608 64.0  5971493 45.6
✅ Success: Generated metrics-STN-i-E10-BL-SR-Uni-L2.csv
>> Generating metrics: metrics-STN-i-E10-BL-SR-Uni-L3.csv

Attaching package: ‘igraph’

The following objects are masked from ‘package:stats’:

    decompose, spectrum

The following object is masked from ‘package:base’:

    union

STN-i metrics saved to: /home/imperialdramon/Tesis/STN-model-for-irace/Experiments/PSO-X/E10-BL-SR-Uni/Metrics/metrics-STN-i-E10-BL-SR-Uni-L3.csv
         used (Mb) gc trigger (Mb) max used (Mb)
Ncells 512326 27.4    1117667 59.7   692242 37.0
Vcells 946895  7.3    8388608 64.0  5854295 44.7
✅ Success: Generated metrics-STN-i-E10-BL-SR-Uni-L3.csv
>> Generating metrics: metrics-STN-i-E11-BH-WSR-Uni-L1.csv

Attaching package: ‘igraph’

The following objects are masked from ‘package:stats’:

    decompose, spectrum

The following object is masked from ‘package:base’:

    union

STN-i metrics saved to: /home/imperialdramon/Tesis/STN-model-for-irace/Experiments/PSO-X/E11-BH-WSR-Uni/Metrics/metrics-STN-i-E11-BH-WSR-Uni-L1.csv
          used (Mb) gc trigger (Mb) max used (Mb)
Ncells  517687 27.7    1132984 60.6   692242   37
Vcells 1016934  7.8    8388608 64.0  8380526   64
✅ Success: Generated metrics-STN-i-E11-BH-WSR-Uni-L1.csv
>> Generating metrics: metrics-STN-i-E11-BH-WSR-Uni-L2.csv

Attaching package: ‘igraph’

The following objects are masked from ‘package:stats’:

    decompose, spectrum

The following object is masked from ‘package:base’:

    union

STN-i metrics saved to: /home/imperialdramon/Tesis/STN-model-for-irace/Experiments/PSO-X/E11-BH-WSR-Uni/Metrics/metrics-STN-i-E11-BH-WSR-Uni-L2.csv
          used (Mb) gc trigger (Mb) max used (Mb)
Ncells  517538 27.7    1132558 60.5   692242   37
Vcells 1015183  7.8    8388608 64.0  8379297   64
✅ Success: Generated metrics-STN-i-E11-BH-WSR-Uni-L2.csv
>> Generating metrics: metrics-STN-i-E11-BH-WSR-Uni-L3.csv

Attaching package: ‘igraph’

The following objects are masked from ‘package:stats’:

    decompose, spectrum

The following object is masked from ‘package:base’:

    union

STN-i metrics saved to: /home/imperialdramon/Tesis/STN-model-for-irace/Experiments/PSO-X/E11-BH-WSR-Uni/Metrics/metrics-STN-i-E11-BH-WSR-Uni-L3.csv
          used (Mb) gc trigger (Mb) max used (Mb)
Ncells  516517 27.6    1129641 60.4   692242   37
Vcells 1003063  7.7    8388608 64.0  8383068   64
✅ Success: Generated metrics-STN-i-E11-BH-WSR-Uni-L3.csv
>> Generating metrics: metrics-STN-i-E12-BH-SR-Uni-L1.csv

Attaching package: ‘igraph’

The following objects are masked from ‘package:stats’:

    decompose, spectrum

The following object is masked from ‘package:base’:

    union

STN-i metrics saved to: /home/imperialdramon/Tesis/STN-model-for-irace/Experiments/PSO-X/E12-BH-SR-Uni/Metrics/metrics-STN-i-E12-BH-SR-Uni-L1.csv
          used (Mb) gc trigger (Mb) max used (Mb)
Ncells  517738 27.7    1133130 60.6   692242   37
Vcells 1017644  7.8    8388608 64.0  8387510   64
✅ Success: Generated metrics-STN-i-E12-BH-SR-Uni-L1.csv
>> Generating metrics: metrics-STN-i-E12-BH-SR-Uni-L2.csv

Attaching package: ‘igraph’

The following objects are masked from ‘package:stats’:

    decompose, spectrum

The following object is masked from ‘package:base’:

    union

STN-i metrics saved to: /home/imperialdramon/Tesis/STN-model-for-irace/Experiments/PSO-X/E12-BH-SR-Uni/Metrics/metrics-STN-i-E12-BH-SR-Uni-L2.csv
          used (Mb) gc trigger (Mb) max used (Mb)
Ncells  517575 27.7    1132664 60.5   692242   37
Vcells 1015684  7.8    8388608 64.0  8386363   64
✅ Success: Generated metrics-STN-i-E12-BH-SR-Uni-L2.csv
>> Generating metrics: metrics-STN-i-E12-BH-SR-Uni-L3.csv

Attaching package: ‘igraph’

The following objects are masked from ‘package:stats’:

    decompose, spectrum

The following object is masked from ‘package:base’:

    union

STN-i metrics saved to: /home/imperialdramon/Tesis/STN-model-for-irace/Experiments/PSO-X/E12-BH-SR-Uni/Metrics/metrics-STN-i-E12-BH-SR-Uni-L3.csv
          used (Mb) gc trigger (Mb) max used (Mb)
Ncells  516549 27.6    1129732 60.4   692242   37
Vcells 1003326  7.7    8388608 64.0  8386786   64
✅ Success: Generated metrics-STN-i-E12-BH-SR-Uni-L3.csv
=== Processing algorithm: MMASQAP ===
>> Generating metrics: metrics-STN-i-E1-BL-WSR-60-L1.csv

Attaching package: ‘igraph’

The following objects are masked from ‘package:stats’:

    decompose, spectrum

The following object is masked from ‘package:base’:

    union

STN-i metrics saved to: /home/imperialdramon/Tesis/STN-model-for-irace/Experiments/MMASQAP/E1-BL-WSR-60/Metrics/metrics-STN-i-E1-BL-WSR-60-L1.csv
         used (Mb) gc trigger (Mb) max used (Mb)
Ncells 508969 27.2    1108075 59.2   692242 37.0
Vcells 897621  6.9    8388608 64.0  2451185 18.8
✅ Success: Generated metrics-STN-i-E1-BL-WSR-60-L1.csv
>> Generating metrics: metrics-STN-i-E1-BL-WSR-60-L2.csv

Attaching package: ‘igraph’

The following objects are masked from ‘package:stats’:

    decompose, spectrum

The following object is masked from ‘package:base’:

    union

STN-i metrics saved to: /home/imperialdramon/Tesis/STN-model-for-irace/Experiments/MMASQAP/E1-BL-WSR-60/Metrics/metrics-STN-i-E1-BL-WSR-60-L2.csv
         used (Mb) gc trigger (Mb) max used (Mb)
Ncells 508286 27.2    1106124 59.1   692242 37.0
Vcells 891875  6.9    8388608 64.0  1923841 14.7
✅ Success: Generated metrics-STN-i-E1-BL-WSR-60-L2.csv
>> Generating metrics: metrics-STN-i-E1-BL-WSR-60-L3.csv

Attaching package: ‘igraph’

The following objects are masked from ‘package:stats’:

    decompose, spectrum

The following object is masked from ‘package:base’:

    union

STN-i metrics saved to: /home/imperialdramon/Tesis/STN-model-for-irace/Experiments/MMASQAP/E1-BL-WSR-60/Metrics/metrics-STN-i-E1-BL-WSR-60-L3.csv
         used (Mb) gc trigger (Mb) max used (Mb)
Ncells 507728 27.2    1104530   59   692242 37.0
Vcells 886671  6.8    8388608   64  1923841 14.7
✅ Success: Generated metrics-STN-i-E1-BL-WSR-60-L3.csv
>> Generating metrics: metrics-STN-i-E2-BL-SR-60-L1.csv

Attaching package: ‘igraph’

The following objects are masked from ‘package:stats’:

    decompose, spectrum

The following object is masked from ‘package:base’:

    union

STN-i metrics saved to: /home/imperialdramon/Tesis/STN-model-for-irace/Experiments/MMASQAP/E2-BL-SR-60/Metrics/metrics-STN-i-E2-BL-SR-60-L1.csv
         used (Mb) gc trigger (Mb) max used (Mb)
Ncells 508949 27.2    1108018 59.2   692242 37.0
Vcells 897492  6.9    8388608 64.0  2438471 18.7
✅ Success: Generated metrics-STN-i-E2-BL-SR-60-L1.csv
>> Generating metrics: metrics-STN-i-E2-BL-SR-60-L2.csv

Attaching package: ‘igraph’

The following objects are masked from ‘package:stats’:

    decompose, spectrum

The following object is masked from ‘package:base’:

    union

STN-i metrics saved to: /home/imperialdramon/Tesis/STN-model-for-irace/Experiments/MMASQAP/E2-BL-SR-60/Metrics/metrics-STN-i-E2-BL-SR-60-L2.csv
         used (Mb) gc trigger (Mb) max used (Mb)
Ncells 508269 27.2    1106075 59.1   692242 37.0
Vcells 891888  6.9    8388608 64.0  1923841 14.7
✅ Success: Generated metrics-STN-i-E2-BL-SR-60-L2.csv
>> Generating metrics: metrics-STN-i-E2-BL-SR-60-L3.csv

Attaching package: ‘igraph’

The following objects are masked from ‘package:stats’:

    decompose, spectrum

The following object is masked from ‘package:base’:

    union

STN-i metrics saved to: /home/imperialdramon/Tesis/STN-model-for-irace/Experiments/MMASQAP/E2-BL-SR-60/Metrics/metrics-STN-i-E2-BL-SR-60-L3.csv
         used (Mb) gc trigger (Mb) max used (Mb)
Ncells 507727 27.2    1104527   59   692242 37.0
Vcells 886846  6.8    8388608   64  1923841 14.7
✅ Success: Generated metrics-STN-i-E2-BL-SR-60-L3.csv
>> Generating metrics: metrics-STN-i-E3-BH-WSR-60-L1.csv

Attaching package: ‘igraph’

The following objects are masked from ‘package:stats’:

    decompose, spectrum

The following object is masked from ‘package:base’:

    union

STN-i metrics saved to: /home/imperialdramon/Tesis/STN-model-for-irace/Experiments/MMASQAP/E3-BH-WSR-60/Metrics/metrics-STN-i-E3-BH-WSR-60-L1.csv
         used (Mb) gc trigger (Mb) max used (Mb)
Ncells 510106 27.3    1111324 59.4   692242 37.0
Vcells 909837  7.0    8388608 64.0  3541970 27.1
✅ Success: Generated metrics-STN-i-E3-BH-WSR-60-L1.csv
>> Generating metrics: metrics-STN-i-E3-BH-WSR-60-L2.csv

Attaching package: ‘igraph’

The following objects are masked from ‘package:stats’:

    decompose, spectrum

The following object is masked from ‘package:base’:

    union

STN-i metrics saved to: /home/imperialdramon/Tesis/STN-model-for-irace/Experiments/MMASQAP/E3-BH-WSR-60/Metrics/metrics-STN-i-E3-BH-WSR-60-L2.csv
         used (Mb) gc trigger (Mb) max used (Mb)
Ncells 508619 27.2    1107075 59.2   692242 37.0
Vcells 896578  6.9    8388608 64.0  2290075 17.5
✅ Success: Generated metrics-STN-i-E3-BH-WSR-60-L2.csv
>> Generating metrics: metrics-STN-i-E3-BH-WSR-60-L3.csv

Attaching package: ‘igraph’

The following objects are masked from ‘package:stats’:

    decompose, spectrum

The following object is masked from ‘package:base’:

    union

STN-i metrics saved to: /home/imperialdramon/Tesis/STN-model-for-irace/Experiments/MMASQAP/E3-BH-WSR-60/Metrics/metrics-STN-i-E3-BH-WSR-60-L3.csv
         used (Mb) gc trigger (Mb) max used (Mb)
Ncells 507747 27.2    1104584   59   692242 37.0
Vcells 887973  6.8    8388608   64  1923841 14.7
✅ Success: Generated metrics-STN-i-E3-BH-WSR-60-L3.csv
>> Generating metrics: metrics-STN-i-E4-BH-SR-60-L1.csv

Attaching package: ‘igraph’

The following objects are masked from ‘package:stats’:

    decompose, spectrum

The following object is masked from ‘package:base’:

    union

STN-i metrics saved to: /home/imperialdramon/Tesis/STN-model-for-irace/Experiments/MMASQAP/E4-BH-SR-60/Metrics/metrics-STN-i-E4-BH-SR-60-L1.csv
         used (Mb) gc trigger (Mb) max used (Mb)
Ncells 510249 27.3    1111732 59.4   692242 37.0
Vcells 911781  7.0    8388608 64.0  3734897 28.5
✅ Success: Generated metrics-STN-i-E4-BH-SR-60-L1.csv
>> Generating metrics: metrics-STN-i-E4-BH-SR-60-L2.csv

Attaching package: ‘igraph’

The following objects are masked from ‘package:stats’:

    decompose, spectrum

The following object is masked from ‘package:base’:

    union

STN-i metrics saved to: /home/imperialdramon/Tesis/STN-model-for-irace/Experiments/MMASQAP/E4-BH-SR-60/Metrics/metrics-STN-i-E4-BH-SR-60-L2.csv
         used (Mb) gc trigger (Mb) max used (Mb)
Ncells 508653 27.2    1107172 59.2   692242 37.0
Vcells 898229  6.9    8388608 64.0  2412286 18.5
✅ Success: Generated metrics-STN-i-E4-BH-SR-60-L2.csv
>> Generating metrics: metrics-STN-i-E4-BH-SR-60-L3.csv

Attaching package: ‘igraph’

The following objects are masked from ‘package:stats’:

    decompose, spectrum

The following object is masked from ‘package:base’:

    union

STN-i metrics saved to: /home/imperialdramon/Tesis/STN-model-for-irace/Experiments/MMASQAP/E4-BH-SR-60/Metrics/metrics-STN-i-E4-BH-SR-60-L3.csv
         used (Mb) gc trigger (Mb) max used (Mb)
Ncells 507748 27.2    1104587   59   692242 37.0
Vcells 888757  6.8    8388608   64  1923841 14.7
✅ Success: Generated metrics-STN-i-E4-BH-SR-60-L3.csv
=== STN-i metrics generation finished at Tue Jul  1 23:31:56 -04 2025 ===
